#
# There is insufficient memory for the Java Runtime Environment to continue.
# Native memory allocation (malloc) failed to allocate 1215696 bytes for Chunk::new
# Possible reasons:
#   The system is out of physical RAM or swap space
#   The process is running with CompressedOops enabled, and the Java Heap may be blocking the growth of the native heap
# Possible solutions:
#   Reduce memory load on the system
#   Increase physical memory or swap space
#   Check if swap backing store is full
#   Decrease Java heap size (-Xmx/-Xms)
#   Decrease number of Java threads
#   Decrease Java thread stack sizes (-Xss)
#   Set larger code cache with -XX:ReservedCodeCacheSize=
#   JVM is running with Unscaled Compressed Oops mode in which the Java heap is
#     placed in the first 4GB address space. The Java Heap base address is the
#     maximum limit for the native heap growth. Please use -XX:HeapBaseMinAddress
#     to set the Java Heap base and to place the Java Heap above 4GB virtual address.
# This output file may be truncated or incomplete.
#
#  Out of Memory Error (src/hotspot/share/memory/arena.cpp:197), pid=2548, tid=2704
#
# JRE version: OpenJDK Runtime Environment (11.0.15) (build 11.0.15+0-b2043.56-9505619)
# Java VM: OpenJDK 64-Bit Server VM (11.0.15+0-b2043.56-9505619, mixed mode, tiered, compressed oops, g1 gc, windows-amd64)
# No core dump will be written. Minidumps are not enabled by default on client versions of Windows
#

---------------  S U M M A R Y ------------

Command Line: --add-opens=java.base/java.util=ALL-UNNAMED --add-opens=java.base/java.lang=ALL-UNNAMED --add-opens=java.base/java.lang.invoke=ALL-UNNAMED --add-opens=java.base/java.util=ALL-UNNAMED --add-opens=java.prefs/java.util.prefs=ALL-UNNAMED --add-opens=java.prefs/java.util.prefs=ALL-UNNAMED --add-opens=java.base/java.nio.charset=ALL-UNNAMED --add-opens=java.base/java.net=ALL-UNNAMED --add-opens=java.base/java.util.concurrent.atomic=ALL-UNNAMED -Xmx2048m -Dfile.encoding=UTF-8 -Duser.country=US -Duser.language=en -Duser.variant org.gradle.launcher.daemon.bootstrap.GradleDaemon 7.5

Host: Intel(R) Core(TM) i7-1065G7 CPU @ 1.30GHz, 8 cores, 7G,  Windows 11 , 64 bit Build 22621 (10.0.22621.1485)
Time: Wed Apr 26 22:49:08 2023 SE Asia Standard Time elapsed time: 8791.930654 seconds (0d 2h 26m 31s)

---------------  T H R E A D  ---------------

Current thread (0x0000027ef30d9000):  JavaThread "C2 CompilerThread0" daemon [_thread_in_native, id=2704, stack(0x000000fbe4400000,0x000000fbe4500000)]


Current CompileTask:
C2:8791931 22848   !   4       java.util.jar.Attributes::read (354 bytes)

Stack: [0x000000fbe4400000,0x000000fbe4500000]
Native frames: (J=compiled Java code, j=interpreted, Vv=VM code, C=native code)
V  [jvm.dll+0x64135a]
V  [jvm.dll+0x7d39f9]
V  [jvm.dll+0x7d51b9]
V  [jvm.dll+0x7d58a3]
V  [jvm.dll+0x2691c5]
V  [jvm.dll+0xc1a5c]
V  [jvm.dll+0xc200c]
V  [jvm.dll+0x377462]
V  [jvm.dll+0x342495]
V  [jvm.dll+0x34186a]
V  [jvm.dll+0x2214bd]
V  [jvm.dll+0x220498]
V  [jvm.dll+0x19e851]
V  [jvm.dll+0x230479]
V  [jvm.dll+0x22e5ef]
V  [jvm.dll+0x794de1]
V  [jvm.dll+0x78dc24]
V  [jvm.dll+0x6400f6]
C  [ucrtbase.dll+0x29363]
C  [KERNEL32.DLL+0x1269d]
C  [ntdll.dll+0x5a9f8]


---------------  P R O C E S S  ---------------

Threads class SMR info:
_java_thread_list=0x0000027efd7dc230, length=142, elements={
0x0000027ed83c1800, 0x0000027ef2879800, 0x0000027ef287c800, 0x0000027ef2876000,
0x0000027ef2882000, 0x0000027ef30d4800, 0x0000027ef30d9000, 0x0000027ef30e0800,
0x0000027ef30f1800, 0x0000027ef3236800, 0x0000027ef4756000, 0x0000027ef3f5f800,
0x0000027ef4238000, 0x0000027ef402d000, 0x0000027ef4028800, 0x0000027ef4029800,
0x0000027ef402d800, 0x0000027ef402f000, 0x0000027ef402b000, 0x0000027ef6fb9000,
0x0000027ef6fb7800, 0x0000027ef6fb8000, 0x0000027ef6fb5000, 0x0000027ef6fc1000,
0x0000027ef6fc2000, 0x0000027ef336a800, 0x0000027ef3371000, 0x0000027ef3371800,
0x0000027ef4d25000, 0x0000027efd9a8000, 0x0000027e80a2c800, 0x0000027efd9a5000,
0x0000027efd9a9000, 0x0000027efd9a5800, 0x0000027efd9a7800, 0x0000027efd9a9800,
0x0000027efd9aa800, 0x0000027efd9ab800, 0x0000027efd9a6800, 0x0000027efd9af800,
0x0000027efd9ae000, 0x0000027efd9ad000, 0x0000027efd9ae800, 0x0000027efd9b0800,
0x0000027efd9b1000, 0x0000027efd9b2000, 0x0000027efd9ac000, 0x0000027efd9b2800,
0x0000027efd9b3800, 0x0000027e80a29000, 0x0000027e80a2a000, 0x0000027e80a2d000,
0x0000027e80a2e000, 0x0000027e80a2f000, 0x0000027e80a2f800, 0x0000027e80a30800,
0x0000027e80a2a800, 0x0000027e80a31000, 0x0000027e80a2b800, 0x0000027e80a37000,
0x0000027e80a32000, 0x0000027e80a36000, 0x0000027e80a33800, 0x0000027e80a37800,
0x0000027e80a33000, 0x0000027e80a34800, 0x0000027e80a35800, 0x0000027e8005c800,
0x0000027e8005e000, 0x0000027e8005b800, 0x0000027e8005a800, 0x0000027e80058800,
0x0000027e8005f000, 0x0000027e80059000, 0x0000027e80063000, 0x0000027e80060800,
0x0000027e80064800, 0x0000027e8005f800, 0x0000027e80065800, 0x0000027e80066000,
0x0000027e80061000, 0x0000027e80067000, 0x0000027e80063800, 0x0000027e80062000,
0x0000027ef4d22800, 0x0000027ef4d24000, 0x0000027ef4d23000, 0x0000027ef4d21000,
0x0000027ef4d20000, 0x0000027ef4d26800, 0x0000027ef4d27800, 0x0000027ef4d21800,
0x0000027ef4d2e000, 0x0000027ef4d28000, 0x0000027ef4d2e800, 0x0000027ef4d2b800,
0x0000027ef4d29000, 0x0000027ef4d2a000, 0x0000027ef4d2d000, 0x0000027ef4d2a800,
0x0000027ef4d2c000, 0x0000027ef3363000, 0x0000027ef3369800, 0x0000027ef3364000,
0x0000027ef3364800, 0x0000027ef336b000, 0x0000027ef3365800, 0x0000027ef336c000,
0x0000027ef3369000, 0x0000027ef3366800, 0x0000027ef3367000, 0x0000027ef336d000,
0x0000027ef336d800, 0x0000027ef3368000, 0x0000027ef336e800, 0x0000027ef336f800,
0x0000027ef3370000, 0x0000027ef6fbb800, 0x0000027ef6fb5800, 0x0000027ef6fbc000,
0x0000027ef6fbd000, 0x0000027ef6fc3800, 0x0000027ef6fbf800, 0x0000027ef6fc3000,
0x0000027ef6fc0800, 0x0000027ef6fbe800, 0x0000027ef402e800, 0x0000027ef402c000,
0x0000027ef402a800, 0x0000027ef9d0b000, 0x0000027ef9d0c000, 0x0000027ef9d08800,
0x0000027ef9d07000, 0x0000027ef9d08000, 0x0000027ef9d09800, 0x0000027ef9d0a800,
0x0000027ef9d06800, 0x0000027ef9d0f000, 0x0000027ef9d10000, 0x0000027ef9d0e800,
0x0000027ef9d11000, 0x0000027ef9d11800
}

Java Threads: ( => current thread )
  0x0000027ed83c1800 JavaThread "main" [_thread_blocked, id=14376, stack(0x000000fbe3800000,0x000000fbe3900000)]
  0x0000027ef2879800 JavaThread "Reference Handler" daemon [_thread_blocked, id=2308, stack(0x000000fbe3f00000,0x000000fbe4000000)]
  0x0000027ef287c800 JavaThread "Finalizer" daemon [_thread_blocked, id=9332, stack(0x000000fbe4000000,0x000000fbe4100000)]
  0x0000027ef2876000 JavaThread "Signal Dispatcher" daemon [_thread_blocked, id=17156, stack(0x000000fbe4100000,0x000000fbe4200000)]
  0x0000027ef2882000 JavaThread "Attach Listener" daemon [_thread_blocked, id=5468, stack(0x000000fbe4200000,0x000000fbe4300000)]
  0x0000027ef30d4800 JavaThread "Service Thread" daemon [_thread_blocked, id=8760, stack(0x000000fbe4300000,0x000000fbe4400000)]
=>0x0000027ef30d9000 JavaThread "C2 CompilerThread0" daemon [_thread_in_native, id=2704, stack(0x000000fbe4400000,0x000000fbe4500000)]
  0x0000027ef30e0800 JavaThread "C1 CompilerThread0" daemon [_thread_blocked, id=9976, stack(0x000000fbe4500000,0x000000fbe4600000)]
  0x0000027ef30f1800 JavaThread "Sweeper thread" daemon [_thread_blocked, id=18380, stack(0x000000fbe4600000,0x000000fbe4700000)]
  0x0000027ef3236800 JavaThread "Common-Cleaner" daemon [_thread_blocked, id=11040, stack(0x000000fbe4700000,0x000000fbe4800000)]
  0x0000027ef4756000 JavaThread "Daemon health stats" [_thread_blocked, id=11636, stack(0x000000fbe4b00000,0x000000fbe4c00000)]
  0x0000027ef3f5f800 JavaThread "Incoming local TCP Connector on port 61423" [_thread_in_native, id=16288, stack(0x000000fbe4c00000,0x000000fbe4d00000)]
  0x0000027ef4238000 JavaThread "Daemon periodic checks" [_thread_blocked, id=3304, stack(0x000000fbe4d00000,0x000000fbe4e00000)]
  0x0000027ef402d000 JavaThread "Cache worker for journal cache (C:\Users\LENOVO\.gradle\caches\journal-1)" [_thread_blocked, id=18284, stack(0x000000fbe5500000,0x000000fbe5600000)]
  0x0000027ef4028800 JavaThread "File lock request listener" [_thread_in_native, id=2768, stack(0x000000fbe5b00000,0x000000fbe5c00000)]
  0x0000027ef4029800 JavaThread "Cache worker for file hash cache (C:\Users\LENOVO\.gradle\caches\7.5\fileHashes)" [_thread_blocked, id=7144, stack(0x000000fbe5d00000,0x000000fbe5e00000)]
  0x0000027ef402d800 JavaThread "File watcher server" daemon [_thread_in_native, id=6464, stack(0x000000fbe5e00000,0x000000fbe5f00000)]
  0x0000027ef402f000 JavaThread "File watcher consumer" daemon [_thread_blocked, id=11444, stack(0x000000fbe5f00000,0x000000fbe6000000)]
  0x0000027ef402b000 JavaThread "Cache worker for file content cache (C:\Users\LENOVO\.gradle\caches\7.5\fileContent)" [_thread_blocked, id=5740, stack(0x000000fbe6200000,0x000000fbe6300000)]
  0x0000027ef6fb9000 JavaThread "Cache worker for execution history cache (C:\Users\LENOVO\.gradle\caches\7.5\executionHistory)" [_thread_blocked, id=12800, stack(0x000000fbe6500000,0x000000fbe6600000)]
  0x0000027ef6fb7800 JavaThread "jar transforms" [_thread_blocked, id=2168, stack(0x000000fbe6600000,0x000000fbe6700000)]
  0x0000027ef6fb8000 JavaThread "jar transforms Thread 2" [_thread_blocked, id=15184, stack(0x000000fbe6700000,0x000000fbe6800000)]
  0x0000027ef6fb5000 JavaThread "jar transforms Thread 3" [_thread_blocked, id=14540, stack(0x000000fbe6800000,0x000000fbe6900000)]
  0x0000027ef6fc1000 JavaThread "jar transforms Thread 4" [_thread_blocked, id=1240, stack(0x000000fbe6900000,0x000000fbe6a00000)]
  0x0000027ef6fc2000 JavaThread "jar transforms Thread 5" [_thread_blocked, id=8724, stack(0x000000fbe6b00000,0x000000fbe6c00000)]
  0x0000027ef336a800 JavaThread "jar transforms Thread 6" [_thread_blocked, id=7692, stack(0x000000fbebd00000,0x000000fbebe00000)]
  0x0000027ef3371000 JavaThread "jar transforms Thread 7" [_thread_blocked, id=7824, stack(0x000000fbebe00000,0x000000fbebf00000)]
  0x0000027ef3371800 JavaThread "jar transforms Thread 8" [_thread_blocked, id=7176, stack(0x000000fbebf00000,0x000000fbec000000)]
  0x0000027ef4d25000 JavaThread "Memory manager" [_thread_blocked, id=14532, stack(0x000000fbec100000,0x000000fbec200000)]
  0x0000027efd9a8000 JavaThread "Cache worker for Java compile cache (C:\Users\LENOVO\.gradle\caches\7.5\javaCompile)" [_thread_blocked, id=15016, stack(0x000000fbeca00000,0x000000fbecb00000)]
  0x0000027e80a2c800 JavaThread "ForkJoinPool.commonPool-worker-5" daemon [_thread_blocked, id=11724, stack(0x000000fbedf00000,0x000000fbee000000)]
  0x0000027efd9a5000 JavaThread "Daemon Thread 6" [_thread_blocked, id=13132, stack(0x000000fbe3500000,0x000000fbe3600000)]
  0x0000027efd9a9000 JavaThread "Handler for socket connection from /127.0.0.1:61423 to /127.0.0.1:58047" [_thread_in_native, id=6900, stack(0x000000fbe3600000,0x000000fbe3700000)]
  0x0000027efd9a5800 JavaThread "Cancel handler" [_thread_blocked, id=15576, stack(0x000000fbe3700000,0x000000fbe3800000)]
  0x0000027efd9a7800 JavaThread "Daemon worker Thread 6" [_thread_blocked, id=12356, stack(0x000000fbe4e00000,0x000000fbe4f00000)]
  0x0000027efd9a9800 JavaThread "Asynchronous log dispatcher for DefaultDaemonConnection: socket connection from /127.0.0.1:61423 to /127.0.0.1:58047" [_thread_blocked, id=12820, stack(0x000000fbe4f00000,0x000000fbe5000000)]
  0x0000027efd9aa800 JavaThread "Stdin handler" [_thread_blocked, id=18252, stack(0x000000fbe5000000,0x000000fbe5100000)]
  0x0000027efd9ab800 JavaThread "Daemon client event forwarder" [_thread_blocked, id=12220, stack(0x000000fbe5100000,0x000000fbe5200000)]
  0x0000027efd9a6800 JavaThread "Cache worker for checksums cache (E:\ProjectKotlin\AppJava\.gradle\7.5\checksums)" [_thread_blocked, id=16904, stack(0x000000fbe5200000,0x000000fbe5300000)]
  0x0000027efd9af800 JavaThread "Cache worker for cache directory md-rule (C:\Users\LENOVO\.gradle\caches\7.5\md-rule)" [_thread_blocked, id=1152, stack(0x000000fbe5300000,0x000000fbe5400000)]
  0x0000027efd9ae000 JavaThread "Cache worker for file hash cache (E:\ProjectKotlin\AppJava\.gradle\7.5\fileHashes)" [_thread_blocked, id=18060, stack(0x000000fbe5400000,0x000000fbe5500000)]
  0x0000027efd9ad000 JavaThread "Cache worker for cache directory md-supplier (C:\Users\LENOVO\.gradle\caches\7.5\md-supplier)" [_thread_blocked, id=10956, stack(0x000000fbe6000000,0x000000fbe6100000)]
  0x0000027efd9ae800 JavaThread "Cache worker for dependencies-accessors (E:\ProjectKotlin\AppJava\.gradle\7.5\dependencies-accessors)" [_thread_blocked, id=2536, stack(0x000000fbe6100000,0x000000fbe6200000)]
  0x0000027efd9b0800 JavaThread "Cache worker for Build Output Cleanup Cache (E:\ProjectKotlin\AppJava\.gradle\buildOutputCleanup)" [_thread_blocked, id=13052, stack(0x000000fbe6300000,0x000000fbe6400000)]
  0x0000027efd9b1000 JavaThread "Unconstrained build operations" [_thread_blocked, id=5724, stack(0x000000fbe6400000,0x000000fbe6500000)]
  0x0000027efd9b2000 JavaThread "Unconstrained build operations Thread 2" [_thread_blocked, id=3964, stack(0x000000fbe6a00000,0x000000fbe6b00000)]
  0x0000027efd9ac000 JavaThread "Unconstrained build operations Thread 3" [_thread_blocked, id=16644, stack(0x000000fbe6c00000,0x000000fbe6d00000)]
  0x0000027efd9b2800 JavaThread "Unconstrained build operations Thread 4" [_thread_blocked, id=1688, stack(0x000000fbe6d00000,0x000000fbe6e00000)]
  0x0000027efd9b3800 JavaThread "Unconstrained build operations Thread 5" [_thread_blocked, id=3848, stack(0x000000fbe6e00000,0x000000fbe6f00000)]
  0x0000027e80a29000 JavaThread "Unconstrained build operations Thread 6" [_thread_blocked, id=8928, stack(0x000000fbe6f00000,0x000000fbe7000000)]
  0x0000027e80a2a000 JavaThread "Unconstrained build operations Thread 7" [_thread_blocked, id=11600, stack(0x000000fbe7000000,0x000000fbe7100000)]
  0x0000027e80a2d000 JavaThread "Unconstrained build operations Thread 8" [_thread_blocked, id=8584, stack(0x000000fbe7100000,0x000000fbe7200000)]
  0x0000027e80a2e000 JavaThread "Unconstrained build operations Thread 9" [_thread_blocked, id=1836, stack(0x000000fbe7200000,0x000000fbe7300000)]
  0x0000027e80a2f000 JavaThread "Unconstrained build operations Thread 10" [_thread_blocked, id=4540, stack(0x000000fbe7300000,0x000000fbe7400000)]
  0x0000027e80a2f800 JavaThread "Unconstrained build operations Thread 11" [_thread_blocked, id=5048, stack(0x000000fbe7400000,0x000000fbe7500000)]
  0x0000027e80a30800 JavaThread "Unconstrained build operations Thread 12" [_thread_blocked, id=6816, stack(0x000000fbe7500000,0x000000fbe7600000)]
  0x0000027e80a2a800 JavaThread "Unconstrained build operations Thread 13" [_thread_blocked, id=17236, stack(0x000000fbe7600000,0x000000fbe7700000)]
  0x0000027e80a31000 JavaThread "Unconstrained build operations Thread 14" [_thread_blocked, id=10676, stack(0x000000fbe7700000,0x000000fbe7800000)]
  0x0000027e80a2b800 JavaThread "Unconstrained build operations Thread 15" [_thread_blocked, id=5292, stack(0x000000fbe7800000,0x000000fbe7900000)]
  0x0000027e80a37000 JavaThread "Unconstrained build operations Thread 16" [_thread_blocked, id=6160, stack(0x000000fbe7900000,0x000000fbe7a00000)]
  0x0000027e80a32000 JavaThread "Unconstrained build operations Thread 17" [_thread_blocked, id=3872, stack(0x000000fbe7a00000,0x000000fbe7b00000)]
  0x0000027e80a36000 JavaThread "Unconstrained build operations Thread 18" [_thread_blocked, id=7776, stack(0x000000fbe7b00000,0x000000fbe7c00000)]
  0x0000027e80a33800 JavaThread "Unconstrained build operations Thread 19" [_thread_blocked, id=15432, stack(0x000000fbe7c00000,0x000000fbe7d00000)]
  0x0000027e80a37800 JavaThread "Unconstrained build operations Thread 20" [_thread_blocked, id=3840, stack(0x000000fbe7d00000,0x000000fbe7e00000)]
  0x0000027e80a33000 JavaThread "Unconstrained build operations Thread 21" [_thread_blocked, id=1308, stack(0x000000fbe7e00000,0x000000fbe7f00000)]
  0x0000027e80a34800 JavaThread "Unconstrained build operations Thread 22" [_thread_blocked, id=7292, stack(0x000000fbe7f00000,0x000000fbe8000000)]
  0x0000027e80a35800 JavaThread "Unconstrained build operations Thread 23" [_thread_blocked, id=8732, stack(0x000000fbe8000000,0x000000fbe8100000)]
  0x0000027e8005c800 JavaThread "Unconstrained build operations Thread 24" [_thread_blocked, id=10796, stack(0x000000fbe8100000,0x000000fbe8200000)]
  0x0000027e8005e000 JavaThread "Unconstrained build operations Thread 25" [_thread_blocked, id=10788, stack(0x000000fbe8200000,0x000000fbe8300000)]
  0x0000027e8005b800 JavaThread "Unconstrained build operations Thread 26" [_thread_blocked, id=5872, stack(0x000000fbe8300000,0x000000fbe8400000)]
  0x0000027e8005a800 JavaThread "Unconstrained build operations Thread 27" [_thread_blocked, id=2336, stack(0x000000fbe8400000,0x000000fbe8500000)]
  0x0000027e80058800 JavaThread "Unconstrained build operations Thread 28" [_thread_blocked, id=11788, stack(0x000000fbe8500000,0x000000fbe8600000)]
  0x0000027e8005f000 JavaThread "Unconstrained build operations Thread 29" [_thread_blocked, id=16388, stack(0x000000fbe8600000,0x000000fbe8700000)]
  0x0000027e80059000 JavaThread "Unconstrained build operations Thread 30" [_thread_blocked, id=832, stack(0x000000fbe8700000,0x000000fbe8800000)]
  0x0000027e80063000 JavaThread "Unconstrained build operations Thread 31" [_thread_blocked, id=11104, stack(0x000000fbe8800000,0x000000fbe8900000)]
  0x0000027e80060800 JavaThread "Unconstrained build operations Thread 32" [_thread_blocked, id=624, stack(0x000000fbe8900000,0x000000fbe8a00000)]
  0x0000027e80064800 JavaThread "Unconstrained build operations Thread 33" [_thread_blocked, id=15792, stack(0x000000fbe8a00000,0x000000fbe8b00000)]
  0x0000027e8005f800 JavaThread "Unconstrained build operations Thread 34" [_thread_blocked, id=10528, stack(0x000000fbe8b00000,0x000000fbe8c00000)]
  0x0000027e80065800 JavaThread "Unconstrained build operations Thread 35" [_thread_blocked, id=16824, stack(0x000000fbe8c00000,0x000000fbe8d00000)]
  0x0000027e80066000 JavaThread "Unconstrained build operations Thread 36" [_thread_blocked, id=4912, stack(0x000000fbe8d00000,0x000000fbe8e00000)]
  0x0000027e80061000 JavaThread "Unconstrained build operations Thread 37" [_thread_blocked, id=6700, stack(0x000000fbe8e00000,0x000000fbe8f00000)]
  0x0000027e80067000 JavaThread "Unconstrained build operations Thread 38" [_thread_blocked, id=15972, stack(0x000000fbe8f00000,0x000000fbe9000000)]
  0x0000027e80063800 JavaThread "Unconstrained build operations Thread 39" [_thread_blocked, id=10260, stack(0x000000fbe9000000,0x000000fbe9100000)]
  0x0000027e80062000 JavaThread "Unconstrained build operations Thread 40" [_thread_blocked, id=2280, stack(0x000000fbe9100000,0x000000fbe9200000)]
  0x0000027ef4d22800 JavaThread "Unconstrained build operations Thread 41" [_thread_blocked, id=2596, stack(0x000000fbe9200000,0x000000fbe9300000)]
  0x0000027ef4d24000 JavaThread "Unconstrained build operations Thread 42" [_thread_blocked, id=12852, stack(0x000000fbe9300000,0x000000fbe9400000)]
  0x0000027ef4d23000 JavaThread "Unconstrained build operations Thread 43" [_thread_blocked, id=4960, stack(0x000000fbe9400000,0x000000fbe9500000)]
  0x0000027ef4d21000 JavaThread "Unconstrained build operations Thread 44" [_thread_blocked, id=17024, stack(0x000000fbe9500000,0x000000fbe9600000)]
  0x0000027ef4d20000 JavaThread "Unconstrained build operations Thread 45" [_thread_blocked, id=13744, stack(0x000000fbe9600000,0x000000fbe9700000)]
  0x0000027ef4d26800 JavaThread "Unconstrained build operations Thread 46" [_thread_blocked, id=5584, stack(0x000000fbe9700000,0x000000fbe9800000)]
  0x0000027ef4d27800 JavaThread "Unconstrained build operations Thread 47" [_thread_blocked, id=17732, stack(0x000000fbe9800000,0x000000fbe9900000)]
  0x0000027ef4d21800 JavaThread "Unconstrained build operations Thread 48" [_thread_blocked, id=6376, stack(0x000000fbe9900000,0x000000fbe9a00000)]
  0x0000027ef4d2e000 JavaThread "Unconstrained build operations Thread 49" [_thread_blocked, id=6760, stack(0x000000fbe9a00000,0x000000fbe9b00000)]
  0x0000027ef4d28000 JavaThread "Unconstrained build operations Thread 50" [_thread_blocked, id=10816, stack(0x000000fbe9b00000,0x000000fbe9c00000)]
  0x0000027ef4d2e800 JavaThread "Unconstrained build operations Thread 51" [_thread_blocked, id=8004, stack(0x000000fbe9c00000,0x000000fbe9d00000)]
  0x0000027ef4d2b800 JavaThread "Unconstrained build operations Thread 52" [_thread_blocked, id=17744, stack(0x000000fbe9d00000,0x000000fbe9e00000)]
  0x0000027ef4d29000 JavaThread "Unconstrained build operations Thread 53" [_thread_blocked, id=14720, stack(0x000000fbe9e00000,0x000000fbe9f00000)]
  0x0000027ef4d2a000 JavaThread "Unconstrained build operations Thread 54" [_thread_blocked, id=6660, stack(0x000000fbe9f00000,0x000000fbea000000)]
  0x0000027ef4d2d000 JavaThread "Unconstrained build operations Thread 55" [_thread_blocked, id=6280, stack(0x000000fbea000000,0x000000fbea100000)]
  0x0000027ef4d2a800 JavaThread "Unconstrained build operations Thread 56" [_thread_blocked, id=10204, stack(0x000000fbea100000,0x000000fbea200000)]
  0x0000027ef4d2c000 JavaThread "Unconstrained build operations Thread 57" [_thread_blocked, id=4796, stack(0x000000fbea200000,0x000000fbea300000)]
  0x0000027ef3363000 JavaThread "Unconstrained build operations Thread 58" [_thread_blocked, id=2264, stack(0x000000fbea300000,0x000000fbea400000)]
  0x0000027ef3369800 JavaThread "Unconstrained build operations Thread 59" [_thread_blocked, id=11764, stack(0x000000fbea400000,0x000000fbea500000)]
  0x0000027ef3364000 JavaThread "Unconstrained build operations Thread 60" [_thread_blocked, id=1684, stack(0x000000fbea500000,0x000000fbea600000)]
  0x0000027ef3364800 JavaThread "Unconstrained build operations Thread 61" [_thread_blocked, id=10912, stack(0x000000fbea600000,0x000000fbea700000)]
  0x0000027ef336b000 JavaThread "Unconstrained build operations Thread 62" [_thread_blocked, id=6672, stack(0x000000fbea700000,0x000000fbea800000)]
  0x0000027ef3365800 JavaThread "Unconstrained build operations Thread 63" [_thread_blocked, id=16852, stack(0x000000fbea800000,0x000000fbea900000)]
  0x0000027ef336c000 JavaThread "Unconstrained build operations Thread 64" [_thread_blocked, id=18376, stack(0x000000fbea900000,0x000000fbeaa00000)]
  0x0000027ef3369000 JavaThread "Unconstrained build operations Thread 65" [_thread_blocked, id=10848, stack(0x000000fbeaa00000,0x000000fbeab00000)]
  0x0000027ef3366800 JavaThread "Unconstrained build operations Thread 66" [_thread_blocked, id=18360, stack(0x000000fbeab00000,0x000000fbeac00000)]
  0x0000027ef3367000 JavaThread "Unconstrained build operations Thread 67" [_thread_blocked, id=14180, stack(0x000000fbeac00000,0x000000fbead00000)]
  0x0000027ef336d000 JavaThread "Unconstrained build operations Thread 68" [_thread_blocked, id=15172, stack(0x000000fbead00000,0x000000fbeae00000)]
  0x0000027ef336d800 JavaThread "Unconstrained build operations Thread 69" [_thread_blocked, id=4976, stack(0x000000fbeae00000,0x000000fbeaf00000)]
  0x0000027ef3368000 JavaThread "Unconstrained build operations Thread 70" [_thread_blocked, id=16696, stack(0x000000fbeaf00000,0x000000fbeb000000)]
  0x0000027ef336e800 JavaThread "Unconstrained build operations Thread 71" [_thread_blocked, id=1172, stack(0x000000fbeb000000,0x000000fbeb100000)]
  0x0000027ef336f800 JavaThread "Unconstrained build operations Thread 72" [_thread_blocked, id=9868, stack(0x000000fbeb100000,0x000000fbeb200000)]
  0x0000027ef3370000 JavaThread "Unconstrained build operations Thread 73" [_thread_blocked, id=3444, stack(0x000000fbeb200000,0x000000fbeb300000)]
  0x0000027ef6fbb800 JavaThread "Unconstrained build operations Thread 74" [_thread_blocked, id=10236, stack(0x000000fbeb300000,0x000000fbeb400000)]
  0x0000027ef6fb5800 JavaThread "Unconstrained build operations Thread 75" [_thread_blocked, id=10476, stack(0x000000fbeb400000,0x000000fbeb500000)]
  0x0000027ef6fbc000 JavaThread "Unconstrained build operations Thread 76" [_thread_blocked, id=5652, stack(0x000000fbeb500000,0x000000fbeb600000)]
  0x0000027ef6fbd000 JavaThread "Unconstrained build operations Thread 77" [_thread_blocked, id=14788, stack(0x000000fbeb600000,0x000000fbeb700000)]
  0x0000027ef6fc3800 JavaThread "Unconstrained build operations Thread 78" [_thread_blocked, id=9464, stack(0x000000fbeb700000,0x000000fbeb800000)]
  0x0000027ef6fbf800 JavaThread "Unconstrained build operations Thread 79" [_thread_blocked, id=9996, stack(0x000000fbeb800000,0x000000fbeb900000)]
  0x0000027ef6fc3000 JavaThread "Unconstrained build operations Thread 80" [_thread_blocked, id=3264, stack(0x000000fbeb900000,0x000000fbeba00000)]
  0x0000027ef6fc0800 JavaThread "build event listener" [_thread_blocked, id=2524, stack(0x000000fbeba00000,0x000000fbebb00000)]
  0x0000027ef6fbe800 JavaThread "included builds" [_thread_in_native, id=17104, stack(0x000000fbebb00000,0x000000fbebc00000)]
  0x0000027ef402e800 JavaThread "Execution worker" [_thread_blocked, id=16648, stack(0x000000fbebc00000,0x000000fbebd00000)]
  0x0000027ef402c000 JavaThread "Execution worker Thread 2" [_thread_blocked, id=13748, stack(0x000000fbec000000,0x000000fbec100000)]
  0x0000027ef402a800 JavaThread "Execution worker Thread 3" [_thread_blocked, id=11440, stack(0x000000fbec200000,0x000000fbec300000)]
  0x0000027ef9d0b000 JavaThread "Execution worker Thread 4" [_thread_blocked, id=6152, stack(0x000000fbec300000,0x000000fbec400000)]
  0x0000027ef9d0c000 JavaThread "Execution worker Thread 5" [_thread_blocked, id=11228, stack(0x000000fbec400000,0x000000fbec500000)]
  0x0000027ef9d08800 JavaThread "Execution worker Thread 6" [_thread_blocked, id=9192, stack(0x000000fbec500000,0x000000fbec600000)]
  0x0000027ef9d07000 JavaThread "Execution worker Thread 7" [_thread_blocked, id=7808, stack(0x000000fbec600000,0x000000fbec700000)]
  0x0000027ef9d08000 JavaThread "Cache worker for execution history cache (E:\ProjectKotlin\AppJava\.gradle\7.5\executionHistory)" [_thread_blocked, id=13800, stack(0x000000fbec700000,0x000000fbec800000)]
  0x0000027ef9d09800 JavaThread "Build operations" [_thread_blocked, id=1764, stack(0x000000fbec800000,0x000000fbec900000)]
  0x0000027ef9d0a800 JavaThread "Build operations Thread 2" [_thread_blocked, id=17600, stack(0x000000fbecb00000,0x000000fbecc00000)]
  0x0000027ef9d06800 JavaThread "Build operations Thread 3" [_thread_blocked, id=18228, stack(0x000000fbecc00000,0x000000fbecd00000)]
  0x0000027ef9d0f000 JavaThread "Build operations Thread 4" [_thread_blocked, id=9864, stack(0x000000fbecd00000,0x000000fbece00000)]
  0x0000027ef9d10000 JavaThread "Build operations Thread 5" [_thread_blocked, id=15908, stack(0x000000fbece00000,0x000000fbecf00000)]
  0x0000027ef9d0e800 JavaThread "Build operations Thread 6" [_thread_blocked, id=16768, stack(0x000000fbecf00000,0x000000fbed000000)]
  0x0000027ef9d11000 JavaThread "Build operations Thread 7" [_thread_blocked, id=9992, stack(0x000000fbed000000,0x000000fbed100000)]
  0x0000027ef9d11800 JavaThread "Build operations Thread 8" [_thread_blocked, id=10268, stack(0x000000fbed100000,0x000000fbed200000)]

Other Threads:
  0x0000027ef2864800 VMThread "VM Thread" [stack: 0x000000fbe3e00000,0x000000fbe3f00000] [id=14820]
  0x0000027ef3259000 WatcherThread [stack: 0x000000fbe4800000,0x000000fbe4900000] [id=8460]
  0x0000027ed83dd000 GCTaskThread "GC Thread#0" [stack: 0x000000fbe3900000,0x000000fbe3a00000] [id=17512]
  0x0000027ef411a000 GCTaskThread "GC Thread#1" [stack: 0x000000fbe4900000,0x000000fbe4a00000] [id=10608]
  0x0000027ef4220000 GCTaskThread "GC Thread#2" [stack: 0x000000fbe4a00000,0x000000fbe4b00000] [id=9504]
  0x0000027ef33cf000 GCTaskThread "GC Thread#3" [stack: 0x000000fbe5600000,0x000000fbe5700000] [id=12496]
  0x0000027ef45ec000 GCTaskThread "GC Thread#4" [stack: 0x000000fbe5700000,0x000000fbe5800000] [id=8960]
  0x0000027ef4307800 GCTaskThread "GC Thread#5" [stack: 0x000000fbe5800000,0x000000fbe5900000] [id=14512]
  0x0000027ef4640000 GCTaskThread "GC Thread#6" [stack: 0x000000fbe5900000,0x000000fbe5a00000] [id=17976]
  0x0000027ef43d6800 GCTaskThread "GC Thread#7" [stack: 0x000000fbe5a00000,0x000000fbe5b00000] [id=16808]
  0x0000027ed840e800 ConcurrentGCThread "G1 Main Marker" [stack: 0x000000fbe3a00000,0x000000fbe3b00000] [id=17476]
  0x0000027ed8411000 ConcurrentGCThread "G1 Conc#0" [stack: 0x000000fbe3b00000,0x000000fbe3c00000] [id=16544]
  0x0000027ef44fd800 ConcurrentGCThread "G1 Conc#1" [stack: 0x000000fbe5c00000,0x000000fbe5d00000] [id=17376]
  0x0000027ef26b4800 ConcurrentGCThread "G1 Refine#0" [stack: 0x000000fbe3c00000,0x000000fbe3d00000] [id=14332]
  0x0000027efd7f0800 ConcurrentGCThread "G1 Refine#1" [stack: 0x000000fbec900000,0x000000fbeca00000] [id=2020]
  0x0000027ef26b6000 ConcurrentGCThread "G1 Young RemSet Sampling" [stack: 0x000000fbe3d00000,0x000000fbe3e00000] [id=12136]

Threads with active compile tasks:
C2 CompilerThread0  8792087 22848   !   4       java.util.jar.Attributes::read (354 bytes)

VM state:not at safepoint (normal execution)

VM Mutex/Monitor currently owned by a thread: None

Heap address: 0x0000000080000000, size: 2048 MB, Compressed Oops mode: 32-bit
Narrow klass base: 0x0000000000000000, Narrow klass shift: 3
Compressed class space size: 1073741824 Address: 0x0000000100000000

Heap:
 garbage-first heap   total 225280K, used 114731K [0x0000000080000000, 0x0000000100000000)
  region size 1024K, 4 young (4096K), 2 survivors (2048K)
 Metaspace       used 125246K, capacity 128810K, committed 129948K, reserved 1161216K
  class space    used 15784K, capacity 17144K, committed 17900K, reserved 1048576K
Heap Regions: E=young(eden), S=young(survivor), O=old, HS=humongous(starts), HC=humongous(continues), CS=collection set, F=free, A=archive, TAMS=top-at-mark-start (previous, next)
|   0|0x0000000080000000, 0x0000000080100000, 0x0000000080100000|100%| O|  |TAMS 0x0000000080100000, 0x0000000080000000| Untracked 
|   1|0x0000000080100000, 0x0000000080200000, 0x0000000080200000|100%| O|  |TAMS 0x0000000080200000, 0x0000000080100000| Untracked 
|   2|0x0000000080200000, 0x0000000080300000, 0x0000000080300000|100%| O|  |TAMS 0x0000000080300000, 0x0000000080200000| Untracked 
|   3|0x0000000080300000, 0x0000000080400000, 0x0000000080400000|100%|HS|  |TAMS 0x0000000080400000, 0x0000000080300000| Complete 
|   4|0x0000000080400000, 0x0000000080500000, 0x0000000080500000|100%|HC|  |TAMS 0x0000000080500000, 0x0000000080400000| Complete 
|   5|0x0000000080500000, 0x0000000080600000, 0x0000000080600000|100%|HC|  |TAMS 0x0000000080600000, 0x0000000080500000| Complete 
|   6|0x0000000080600000, 0x0000000080700000, 0x0000000080700000|100%| O|  |TAMS 0x0000000080700000, 0x0000000080600000| Complete 
|   7|0x0000000080700000, 0x0000000080800000, 0x0000000080800000|100%| O|  |TAMS 0x0000000080800000, 0x0000000080700000| Untracked 
|   8|0x0000000080800000, 0x0000000080900000, 0x0000000080900000|100%| O|  |TAMS 0x0000000080900000, 0x0000000080800000| Untracked 
|   9|0x0000000080900000, 0x0000000080a00000, 0x0000000080a00000|100%| O|  |TAMS 0x0000000080a00000, 0x0000000080900000| Complete 
|  10|0x0000000080a00000, 0x0000000080b00000, 0x0000000080b00000|100%| O|  |TAMS 0x0000000080b00000, 0x0000000080a00000| Untracked 
|  11|0x0000000080b00000, 0x0000000080c00000, 0x0000000080c00000|100%| O|  |TAMS 0x0000000080c00000, 0x0000000080b00000| Untracked 
|  12|0x0000000080c00000, 0x0000000080d00000, 0x0000000080d00000|100%| O|  |TAMS 0x0000000080d00000, 0x0000000080c00000| Untracked 
|  13|0x0000000080d00000, 0x0000000080e00000, 0x0000000080e00000|100%| O|  |TAMS 0x0000000080e00000, 0x0000000080d00000| Untracked 
|  14|0x0000000080e00000, 0x0000000080f00000, 0x0000000080f00000|100%| O|  |TAMS 0x0000000080f00000, 0x0000000080e00000| Complete 
|  15|0x0000000080f00000, 0x0000000081000000, 0x0000000081000000|100%| O|  |TAMS 0x0000000081000000, 0x0000000080f00000| Complete 
|  16|0x0000000081000000, 0x0000000081100000, 0x0000000081100000|100%| O|  |TAMS 0x0000000081100000, 0x0000000081000000| Complete 
|  17|0x0000000081100000, 0x0000000081200000, 0x0000000081200000|100%|HS|  |TAMS 0x0000000081200000, 0x0000000081100000| Complete 
|  18|0x0000000081200000, 0x0000000081300000, 0x0000000081300000|100%| O|  |TAMS 0x0000000081300000, 0x0000000081200000| Complete 
|  19|0x0000000081300000, 0x0000000081400000, 0x0000000081400000|100%| O|  |TAMS 0x0000000081400000, 0x0000000081300000| Complete 
|  20|0x0000000081400000, 0x0000000081500000, 0x0000000081500000|100%| O|  |TAMS 0x0000000081500000, 0x0000000081400000| Untracked 
|  21|0x0000000081500000, 0x0000000081600000, 0x0000000081600000|100%| O|  |TAMS 0x0000000081600000, 0x0000000081500000| Complete 
|  22|0x0000000081600000, 0x0000000081700000, 0x0000000081700000|100%| O|  |TAMS 0x0000000081700000, 0x0000000081600000| Complete 
|  23|0x0000000081700000, 0x0000000081800000, 0x0000000081800000|100%| O|  |TAMS 0x0000000081800000, 0x0000000081700000| Complete 
|  24|0x0000000081800000, 0x0000000081900000, 0x0000000081900000|100%| O|  |TAMS 0x0000000081900000, 0x0000000081800000| Untracked 
|  25|0x0000000081900000, 0x0000000081a00000, 0x0000000081a00000|100%| O|  |TAMS 0x0000000081a00000, 0x0000000081900000| Complete 
|  26|0x0000000081a00000, 0x0000000081b00000, 0x0000000081b00000|100%| O|  |TAMS 0x0000000081b00000, 0x0000000081a00000| Complete 
|  27|0x0000000081b00000, 0x0000000081c00000, 0x0000000081c00000|100%| O|  |TAMS 0x0000000081c00000, 0x0000000081b00000| Complete 
|  28|0x0000000081c00000, 0x0000000081d00000, 0x0000000081d00000|100%| O|  |TAMS 0x0000000081d00000, 0x0000000081c00000| Complete 
|  29|0x0000000081d00000, 0x0000000081e00000, 0x0000000081e00000|100%|HS|  |TAMS 0x0000000081e00000, 0x0000000081d00000| Complete 
|  30|0x0000000081e00000, 0x0000000081f00000, 0x0000000081f00000|100%|HC|  |TAMS 0x0000000081f00000, 0x0000000081e00000| Complete 
|  31|0x0000000081f00000, 0x0000000082000000, 0x0000000082000000|100%|HS|  |TAMS 0x0000000082000000, 0x0000000081f00000| Complete 
|  32|0x0000000082000000, 0x0000000082100000, 0x0000000082100000|100%|HS|  |TAMS 0x0000000082100000, 0x0000000082000000| Complete 
|  33|0x0000000082100000, 0x0000000082200000, 0x0000000082200000|100%|HC|  |TAMS 0x0000000082200000, 0x0000000082100000| Complete 
|  34|0x0000000082200000, 0x0000000082300000, 0x0000000082300000|100%|HC|  |TAMS 0x0000000082300000, 0x0000000082200000| Complete 
|  35|0x0000000082300000, 0x0000000082400000, 0x0000000082400000|100%|HC|  |TAMS 0x0000000082400000, 0x0000000082300000| Complete 
|  36|0x0000000082400000, 0x0000000082500000, 0x0000000082500000|100%| O|  |TAMS 0x0000000082500000, 0x0000000082400000| Untracked 
|  37|0x0000000082500000, 0x0000000082500000, 0x0000000082600000|  0%| F|  |TAMS 0x0000000082500000, 0x0000000082500000| Untracked 
|  38|0x0000000082600000, 0x0000000082700000, 0x0000000082700000|100%| O|  |TAMS 0x0000000082700000, 0x0000000082600000| Complete 
|  39|0x0000000082700000, 0x0000000082800000, 0x0000000082800000|100%| O|  |TAMS 0x0000000082800000, 0x0000000082700000| Untracked 
|  40|0x0000000082800000, 0x0000000082900000, 0x0000000082900000|100%| O|  |TAMS 0x0000000082900000, 0x0000000082800000| Complete 
|  41|0x0000000082900000, 0x0000000082a00000, 0x0000000082a00000|100%| O|  |TAMS 0x00000000829ad000, 0x0000000082900000| Untracked 
|  42|0x0000000082a00000, 0x0000000082b00000, 0x0000000082b00000|100%| O|  |TAMS 0x0000000082a00000, 0x0000000082a00000| Untracked 
|  43|0x0000000082b00000, 0x0000000082c00000, 0x0000000082c00000|100%| O|  |TAMS 0x0000000082c00000, 0x0000000082b00000| Untracked 
|  44|0x0000000082c00000, 0x0000000082d00000, 0x0000000082d00000|100%| O|  |TAMS 0x0000000082d00000, 0x0000000082c00000| Untracked 
|  45|0x0000000082d00000, 0x0000000082e00000, 0x0000000082e00000|100%| O|  |TAMS 0x0000000082e00000, 0x0000000082d00000| Complete 
|  46|0x0000000082e00000, 0x0000000082f00000, 0x0000000082f00000|100%| O|  |TAMS 0x0000000082f00000, 0x0000000082e00000| Complete 
|  47|0x0000000082f00000, 0x0000000083000000, 0x0000000083000000|100%| O|  |TAMS 0x0000000083000000, 0x0000000082f00000| Complete 
|  48|0x0000000083000000, 0x0000000083100000, 0x0000000083100000|100%| O|  |TAMS 0x0000000083100000, 0x0000000083000000| Complete 
|  49|0x0000000083100000, 0x0000000083200000, 0x0000000083200000|100%| O|  |TAMS 0x0000000083200000, 0x0000000083100000| Complete 
|  50|0x0000000083200000, 0x0000000083300000, 0x0000000083300000|100%| O|  |TAMS 0x0000000083300000, 0x0000000083200000| Complete 
|  51|0x0000000083300000, 0x0000000083400000, 0x0000000083400000|100%| O|  |TAMS 0x0000000083400000, 0x0000000083300000| Complete 
|  52|0x0000000083400000, 0x0000000083500000, 0x0000000083500000|100%| O|  |TAMS 0x0000000083500000, 0x0000000083400000| Untracked 
|  53|0x0000000083500000, 0x0000000083600000, 0x0000000083600000|100%| O|  |TAMS 0x0000000083500000, 0x0000000083500000| Untracked 
|  54|0x0000000083600000, 0x0000000083700000, 0x0000000083700000|100%| O|  |TAMS 0x0000000083700000, 0x0000000083600000| Complete 
|  55|0x0000000083700000, 0x0000000083700000, 0x0000000083800000|  0%| F|  |TAMS 0x0000000083700000, 0x0000000083700000| Untracked 
|  56|0x0000000083800000, 0x0000000083900000, 0x0000000083900000|100%| O|  |TAMS 0x0000000083900000, 0x0000000083800000| Untracked 
|  57|0x0000000083900000, 0x0000000083a00000, 0x0000000083a00000|100%| O|  |TAMS 0x0000000083900000, 0x0000000083900000| Untracked 
|  58|0x0000000083a00000, 0x0000000083b00000, 0x0000000083b00000|100%| O|  |TAMS 0x0000000083b00000, 0x0000000083a00000| Untracked 
|  59|0x0000000083b00000, 0x0000000083c00000, 0x0000000083c00000|100%| O|  |TAMS 0x0000000083c00000, 0x0000000083b00000| Untracked 
|  60|0x0000000083c00000, 0x0000000083c00000, 0x0000000083d00000|  0%| F|  |TAMS 0x0000000083c00000, 0x0000000083c00000| Untracked 
|  61|0x0000000083d00000, 0x0000000083d00000, 0x0000000083e00000|  0%| F|  |TAMS 0x0000000083d00000, 0x0000000083d00000| Untracked 
|  62|0x0000000083e00000, 0x0000000083f00000, 0x0000000083f00000|100%| O|  |TAMS 0x0000000083f00000, 0x0000000083e00000| Untracked 
|  63|0x0000000083f00000, 0x0000000083f00000, 0x0000000084000000|  0%| F|  |TAMS 0x0000000083f00000, 0x0000000083f00000| Untracked 
|  64|0x0000000084000000, 0x0000000084100000, 0x0000000084100000|100%| O|  |TAMS 0x0000000084100000, 0x0000000084000000| Complete 
|  65|0x0000000084100000, 0x0000000084200000, 0x0000000084200000|100%| O|  |TAMS 0x0000000084200000, 0x0000000084100000| Complete 
|  66|0x0000000084200000, 0x0000000084300000, 0x0000000084300000|100%| O|  |TAMS 0x0000000084300000, 0x0000000084200000| Complete 
|  67|0x0000000084300000, 0x0000000084300000, 0x0000000084400000|  0%| F|  |TAMS 0x0000000084300000, 0x0000000084300000| Untracked 
|  68|0x0000000084400000, 0x0000000084500000, 0x0000000084500000|100%| O|  |TAMS 0x0000000084500000, 0x0000000084400000| Untracked 
|  69|0x0000000084500000, 0x0000000084600000, 0x0000000084600000|100%| O|  |TAMS 0x0000000084600000, 0x0000000084500000| Untracked 
|  70|0x0000000084600000, 0x0000000084700000, 0x0000000084700000|100%| O|  |TAMS 0x0000000084700000, 0x0000000084600000| Complete 
|  71|0x0000000084700000, 0x0000000084800000, 0x0000000084800000|100%| O|  |TAMS 0x0000000084800000, 0x0000000084700000| Untracked 
|  72|0x0000000084800000, 0x0000000084900000, 0x0000000084900000|100%| O|  |TAMS 0x0000000084900000, 0x0000000084800000| Untracked 
|  73|0x0000000084900000, 0x0000000084a00000, 0x0000000084a00000|100%| O|  |TAMS 0x0000000084a00000, 0x0000000084900000| Untracked 
|  74|0x0000000084a00000, 0x0000000084b00000, 0x0000000084b00000|100%| O|  |TAMS 0x0000000084a00000, 0x0000000084a00000| Untracked 
|  75|0x0000000084b00000, 0x0000000084c00000, 0x0000000084c00000|100%| O|  |TAMS 0x0000000084b00000, 0x0000000084b00000| Untracked 
|  76|0x0000000084c00000, 0x0000000084d00000, 0x0000000084d00000|100%| O|  |TAMS 0x0000000084d00000, 0x0000000084c00000| Complete 
|  77|0x0000000084d00000, 0x0000000084e00000, 0x0000000084e00000|100%| O|  |TAMS 0x0000000084d00000, 0x0000000084d00000| Untracked 
|  78|0x0000000084e00000, 0x0000000084f00000, 0x0000000084f00000|100%| O|  |TAMS 0x0000000084f00000, 0x0000000084e00000| Untracked 
|  79|0x0000000084f00000, 0x0000000085000000, 0x0000000085000000|100%| O|  |TAMS 0x0000000084f00000, 0x0000000084f00000| Untracked 
|  80|0x0000000085000000, 0x0000000085100000, 0x0000000085100000|100%| O|  |TAMS 0x0000000085100000, 0x0000000085000000| Untracked 
|  81|0x0000000085100000, 0x0000000085200000, 0x0000000085200000|100%| O|  |TAMS 0x0000000085100000, 0x0000000085100000| Untracked 
|  82|0x0000000085200000, 0x0000000085300000, 0x0000000085300000|100%| O|  |TAMS 0x0000000085300000, 0x0000000085200000| Complete 
|  83|0x0000000085300000, 0x0000000085400000, 0x0000000085400000|100%| O|  |TAMS 0x0000000085300000, 0x0000000085300000| Untracked 
|  84|0x0000000085400000, 0x0000000085481400, 0x0000000085500000| 50%| O|  |TAMS 0x0000000085400000, 0x0000000085400000| Untracked 
|  85|0x0000000085500000, 0x0000000085500000, 0x0000000085600000|  0%| F|  |TAMS 0x0000000085500000, 0x0000000085500000| Untracked 
|  86|0x0000000085600000, 0x0000000085600000, 0x0000000085700000|  0%| F|  |TAMS 0x0000000085600000, 0x0000000085600000| Untracked 
|  87|0x0000000085700000, 0x0000000085800000, 0x0000000085800000|100%| O|  |TAMS 0x0000000085800000, 0x0000000085700000| Complete 
|  88|0x0000000085800000, 0x0000000085900000, 0x0000000085900000|100%| O|  |TAMS 0x0000000085900000, 0x0000000085800000| Complete 
|  89|0x0000000085900000, 0x0000000085900000, 0x0000000085a00000|  0%| F|  |TAMS 0x0000000085900000, 0x0000000085900000| Untracked 
|  90|0x0000000085a00000, 0x0000000085b00000, 0x0000000085b00000|100%| O|  |TAMS 0x0000000085b00000, 0x0000000085a00000| Untracked 
|  91|0x0000000085b00000, 0x0000000085c00000, 0x0000000085c00000|100%| O|  |TAMS 0x0000000085c00000, 0x0000000085b00000| Complete 
|  92|0x0000000085c00000, 0x0000000085d00000, 0x0000000085d00000|100%| O|  |TAMS 0x0000000085d00000, 0x0000000085c00000| Complete 
|  93|0x0000000085d00000, 0x0000000085d00000, 0x0000000085e00000|  0%| F|  |TAMS 0x0000000085d00000, 0x0000000085d00000| Untracked 
|  94|0x0000000085e00000, 0x0000000085e00000, 0x0000000085f00000|  0%| F|  |TAMS 0x0000000085e00000, 0x0000000085e00000| Untracked 
|  95|0x0000000085f00000, 0x0000000085f00000, 0x0000000086000000|  0%| F|  |TAMS 0x0000000085f00000, 0x0000000085f00000| Untracked 
|  96|0x0000000086000000, 0x0000000086100000, 0x0000000086100000|100%| O|  |TAMS 0x0000000086100000, 0x0000000086000000| Complete 
|  97|0x0000000086100000, 0x0000000086200000, 0x0000000086200000|100%| O|  |TAMS 0x0000000086200000, 0x0000000086100000| Complete 
|  98|0x0000000086200000, 0x0000000086300000, 0x0000000086300000|100%| O|  |TAMS 0x0000000086300000, 0x0000000086200000| Complete 
|  99|0x0000000086300000, 0x0000000086400000, 0x0000000086400000|100%| O|  |TAMS 0x0000000086400000, 0x0000000086300000| Complete 
| 100|0x0000000086400000, 0x0000000086400000, 0x0000000086500000|  0%| F|  |TAMS 0x0000000086400000, 0x0000000086400000| Untracked 
| 101|0x0000000086500000, 0x0000000086600000, 0x0000000086600000|100%| O|  |TAMS 0x0000000086600000, 0x0000000086500000| Complete 
| 102|0x0000000086600000, 0x0000000086700000, 0x0000000086700000|100%| O|  |TAMS 0x0000000086700000, 0x0000000086600000| Untracked 
| 103|0x0000000086700000, 0x0000000086700000, 0x0000000086800000|  0%| F|  |TAMS 0x0000000086700000, 0x0000000086700000| Untracked 
| 104|0x0000000086800000, 0x0000000086900000, 0x0000000086900000|100%| O|  |TAMS 0x0000000086900000, 0x0000000086800000| Complete 
| 105|0x0000000086900000, 0x0000000086900000, 0x0000000086a00000|  0%| F|  |TAMS 0x0000000086900000, 0x0000000086900000| Untracked 
| 106|0x0000000086a00000, 0x0000000086b00000, 0x0000000086b00000|100%| O|  |TAMS 0x0000000086b00000, 0x0000000086a00000| Untracked 
| 107|0x0000000086b00000, 0x0000000086b00000, 0x0000000086c00000|  0%| F|  |TAMS 0x0000000086b00000, 0x0000000086b00000| Untracked 
| 108|0x0000000086c00000, 0x0000000086d00000, 0x0000000086d00000|100%| O|  |TAMS 0x0000000086d00000, 0x0000000086c00000| Complete 
| 109|0x0000000086d00000, 0x0000000086d00000, 0x0000000086e00000|  0%| F|  |TAMS 0x0000000086d00000, 0x0000000086d00000| Untracked 
| 110|0x0000000086e00000, 0x0000000086e00000, 0x0000000086f00000|  0%| F|  |TAMS 0x0000000086e00000, 0x0000000086e00000| Untracked 
| 111|0x0000000086f00000, 0x0000000087000000, 0x0000000087000000|100%| O|  |TAMS 0x0000000087000000, 0x0000000086f00000| Untracked 
| 112|0x0000000087000000, 0x0000000087100000, 0x0000000087100000|100%| O|  |TAMS 0x0000000087100000, 0x0000000087000000| Untracked 
| 113|0x0000000087100000, 0x0000000087100000, 0x0000000087200000|  0%| F|  |TAMS 0x0000000087100000, 0x0000000087100000| Untracked 
| 114|0x0000000087200000, 0x0000000087300000, 0x0000000087300000|100%| O|  |TAMS 0x0000000087300000, 0x0000000087200000| Complete 
| 115|0x0000000087300000, 0x0000000087300000, 0x0000000087400000|  0%| F|  |TAMS 0x0000000087300000, 0x0000000087300000| Untracked 
| 116|0x0000000087400000, 0x0000000087400000, 0x0000000087500000|  0%| F|  |TAMS 0x0000000087400000, 0x0000000087400000| Untracked 
| 117|0x0000000087500000, 0x0000000087600000, 0x0000000087600000|100%| O|  |TAMS 0x0000000087600000, 0x0000000087500000| Complete 
| 118|0x0000000087600000, 0x0000000087700000, 0x0000000087700000|100%| O|  |TAMS 0x0000000087700000, 0x0000000087600000| Untracked 
| 119|0x0000000087700000, 0x0000000087800000, 0x0000000087800000|100%| O|  |TAMS 0x0000000087800000, 0x0000000087700000| Complete 
| 120|0x0000000087800000, 0x0000000087800000, 0x0000000087900000|  0%| F|  |TAMS 0x0000000087800000, 0x0000000087800000| Untracked 
| 121|0x0000000087900000, 0x0000000087900000, 0x0000000087a00000|  0%| F|  |TAMS 0x0000000087900000, 0x0000000087900000| Untracked 
| 122|0x0000000087a00000, 0x0000000087b00000, 0x0000000087b00000|100%| O|  |TAMS 0x0000000087b00000, 0x0000000087a00000| Complete 
| 123|0x0000000087b00000, 0x0000000087b00000, 0x0000000087c00000|  0%| F|  |TAMS 0x0000000087b00000, 0x0000000087b00000| Untracked 
| 124|0x0000000087c00000, 0x0000000087d00000, 0x0000000087d00000|100%| O|  |TAMS 0x0000000087d00000, 0x0000000087c00000| Complete 
| 125|0x0000000087d00000, 0x0000000087e00000, 0x0000000087e00000|100%| O|  |TAMS 0x0000000087e00000, 0x0000000087d00000| Complete 
| 126|0x0000000087e00000, 0x0000000087e00000, 0x0000000087f00000|  0%| F|  |TAMS 0x0000000087e00000, 0x0000000087e00000| Untracked 
| 127|0x0000000087f00000, 0x0000000088000000, 0x0000000088000000|100%| O|  |TAMS 0x0000000088000000, 0x0000000087f00000| Complete 
| 128|0x0000000088000000, 0x0000000088100000, 0x0000000088100000|100%| O|  |TAMS 0x0000000088100000, 0x0000000088000000| Complete 
| 129|0x0000000088100000, 0x0000000088100000, 0x0000000088200000|  0%| F|  |TAMS 0x0000000088100000, 0x0000000088100000| Untracked 
| 130|0x0000000088200000, 0x0000000088200000, 0x0000000088300000|  0%| F|  |TAMS 0x0000000088200000, 0x0000000088200000| Untracked 
| 131|0x0000000088300000, 0x0000000088300000, 0x0000000088400000|  0%| F|  |TAMS 0x0000000088300000, 0x0000000088300000| Untracked 
| 132|0x0000000088400000, 0x0000000088500000, 0x0000000088500000|100%| O|  |TAMS 0x0000000088500000, 0x0000000088400000| Complete 
| 133|0x0000000088500000, 0x0000000088500000, 0x0000000088600000|  0%| F|  |TAMS 0x0000000088500000, 0x0000000088500000| Untracked 
| 134|0x0000000088600000, 0x0000000088700000, 0x0000000088700000|100%| O|  |TAMS 0x0000000088700000, 0x0000000088600000| Complete 
| 135|0x0000000088700000, 0x0000000088800000, 0x0000000088800000|100%| O|  |TAMS 0x0000000088800000, 0x0000000088700000| Untracked 
| 136|0x0000000088800000, 0x0000000088900000, 0x0000000088900000|100%| O|  |TAMS 0x0000000088900000, 0x0000000088800000| Untracked 
| 137|0x0000000088900000, 0x0000000088900000, 0x0000000088a00000|  0%| F|  |TAMS 0x0000000088900000, 0x0000000088900000| Untracked 
| 138|0x0000000088a00000, 0x0000000088b00000, 0x0000000088b00000|100%| O|  |TAMS 0x0000000088b00000, 0x0000000088a00000| Complete 
| 139|0x0000000088b00000, 0x0000000088c00000, 0x0000000088c00000|100%| O|  |TAMS 0x0000000088c00000, 0x0000000088b00000| Complete 
| 140|0x0000000088c00000, 0x0000000088c00000, 0x0000000088d00000|  0%| F|  |TAMS 0x0000000088c00000, 0x0000000088c00000| Untracked 
| 141|0x0000000088d00000, 0x0000000088d00000, 0x0000000088e00000|  0%| F|  |TAMS 0x0000000088d00000, 0x0000000088d00000| Untracked 
| 142|0x0000000088e00000, 0x0000000088e00000, 0x0000000088f00000|  0%| F|  |TAMS 0x0000000088e00000, 0x0000000088e00000| Untracked 
| 143|0x0000000088f00000, 0x0000000088f00000, 0x0000000089000000|  0%| F|  |TAMS 0x0000000088f00000, 0x0000000088f00000| Untracked 
| 144|0x0000000089000000, 0x0000000089000000, 0x0000000089100000|  0%| F|  |TAMS 0x0000000089000000, 0x0000000089000000| Untracked 
| 145|0x0000000089100000, 0x0000000089100000, 0x0000000089200000|  0%| F|  |TAMS 0x0000000089100000, 0x0000000089100000| Untracked 
| 146|0x0000000089200000, 0x0000000089200000, 0x0000000089300000|  0%| F|  |TAMS 0x0000000089200000, 0x0000000089200000| Untracked 
| 147|0x0000000089300000, 0x0000000089300000, 0x0000000089400000|  0%| F|  |TAMS 0x0000000089300000, 0x0000000089300000| Untracked 
| 148|0x0000000089400000, 0x0000000089400000, 0x0000000089500000|  0%| F|  |TAMS 0x0000000089400000, 0x0000000089400000| Untracked 
| 149|0x0000000089500000, 0x0000000089500000, 0x0000000089600000|  0%| F|  |TAMS 0x0000000089500000, 0x0000000089500000| Untracked 
| 150|0x0000000089600000, 0x0000000089600000, 0x0000000089700000|  0%| F|  |TAMS 0x0000000089600000, 0x0000000089600000| Untracked 
| 151|0x0000000089700000, 0x0000000089700000, 0x0000000089800000|  0%| F|  |TAMS 0x0000000089700000, 0x0000000089700000| Untracked 
| 152|0x0000000089800000, 0x0000000089800000, 0x0000000089900000|  0%| F|  |TAMS 0x0000000089800000, 0x0000000089800000| Untracked 
| 153|0x0000000089900000, 0x0000000089900000, 0x0000000089a00000|  0%| F|  |TAMS 0x0000000089900000, 0x0000000089900000| Untracked 
| 154|0x0000000089a00000, 0x0000000089a00000, 0x0000000089b00000|  0%| F|  |TAMS 0x0000000089a00000, 0x0000000089a00000| Untracked 
| 155|0x0000000089b00000, 0x0000000089b00000, 0x0000000089c00000|  0%| F|  |TAMS 0x0000000089b00000, 0x0000000089b00000| Untracked 
| 156|0x0000000089c00000, 0x0000000089c00000, 0x0000000089d00000|  0%| F|  |TAMS 0x0000000089c00000, 0x0000000089c00000| Untracked 
| 157|0x0000000089d00000, 0x0000000089d00000, 0x0000000089e00000|  0%| F|  |TAMS 0x0000000089d00000, 0x0000000089d00000| Untracked 
| 158|0x0000000089e00000, 0x0000000089e00000, 0x0000000089f00000|  0%| F|  |TAMS 0x0000000089e00000, 0x0000000089e00000| Untracked 
| 159|0x0000000089f00000, 0x0000000089f00000, 0x000000008a000000|  0%| F|  |TAMS 0x0000000089f00000, 0x0000000089f00000| Untracked 
| 160|0x000000008a000000, 0x000000008a000000, 0x000000008a100000|  0%| F|  |TAMS 0x000000008a000000, 0x000000008a000000| Untracked 
| 161|0x000000008a100000, 0x000000008a100000, 0x000000008a200000|  0%| F|  |TAMS 0x000000008a100000, 0x000000008a100000| Untracked 
| 162|0x000000008a200000, 0x000000008a200000, 0x000000008a300000|  0%| F|  |TAMS 0x000000008a200000, 0x000000008a200000| Untracked 
| 163|0x000000008a300000, 0x000000008a300000, 0x000000008a400000|  0%| F|  |TAMS 0x000000008a300000, 0x000000008a300000| Untracked 
| 164|0x000000008a400000, 0x000000008a400000, 0x000000008a500000|  0%| F|  |TAMS 0x000000008a400000, 0x000000008a400000| Untracked 
| 165|0x000000008a500000, 0x000000008a500000, 0x000000008a600000|  0%| F|  |TAMS 0x000000008a500000, 0x000000008a500000| Untracked 
| 166|0x000000008a600000, 0x000000008a600000, 0x000000008a700000|  0%| F|  |TAMS 0x000000008a600000, 0x000000008a600000| Untracked 
| 167|0x000000008a700000, 0x000000008a700000, 0x000000008a800000|  0%| F|  |TAMS 0x000000008a700000, 0x000000008a700000| Untracked 
| 168|0x000000008a800000, 0x000000008a800000, 0x000000008a900000|  0%| F|  |TAMS 0x000000008a800000, 0x000000008a800000| Untracked 
| 169|0x000000008a900000, 0x000000008a900000, 0x000000008aa00000|  0%| F|  |TAMS 0x000000008a900000, 0x000000008a900000| Untracked 
| 170|0x000000008aa00000, 0x000000008aa00000, 0x000000008ab00000|  0%| F|  |TAMS 0x000000008aa00000, 0x000000008aa00000| Untracked 
| 171|0x000000008ab00000, 0x000000008ab00000, 0x000000008ac00000|  0%| F|  |TAMS 0x000000008ab00000, 0x000000008ab00000| Untracked 
| 172|0x000000008ac00000, 0x000000008ac00000, 0x000000008ad00000|  0%| F|  |TAMS 0x000000008ac00000, 0x000000008ac00000| Untracked 
| 173|0x000000008ad00000, 0x000000008ad00000, 0x000000008ae00000|  0%| F|  |TAMS 0x000000008ad00000, 0x000000008ad00000| Untracked 
| 174|0x000000008ae00000, 0x000000008ae00000, 0x000000008af00000|  0%| F|  |TAMS 0x000000008ae00000, 0x000000008ae00000| Untracked 
| 175|0x000000008af00000, 0x000000008af00000, 0x000000008b000000|  0%| F|  |TAMS 0x000000008af00000, 0x000000008af00000| Untracked 
| 176|0x000000008b000000, 0x000000008b000000, 0x000000008b100000|  0%| F|  |TAMS 0x000000008b000000, 0x000000008b000000| Untracked 
| 177|0x000000008b100000, 0x000000008b100000, 0x000000008b200000|  0%| F|  |TAMS 0x000000008b100000, 0x000000008b100000| Untracked 
| 178|0x000000008b200000, 0x000000008b200000, 0x000000008b300000|  0%| F|  |TAMS 0x000000008b200000, 0x000000008b200000| Untracked 
| 179|0x000000008b300000, 0x000000008b300000, 0x000000008b400000|  0%| F|  |TAMS 0x000000008b300000, 0x000000008b300000| Untracked 
| 180|0x000000008b400000, 0x000000008b400000, 0x000000008b500000|  0%| F|  |TAMS 0x000000008b400000, 0x000000008b400000| Untracked 
| 181|0x000000008b500000, 0x000000008b500000, 0x000000008b600000|  0%| F|  |TAMS 0x000000008b500000, 0x000000008b500000| Untracked 
| 182|0x000000008b600000, 0x000000008b600000, 0x000000008b700000|  0%| F|  |TAMS 0x000000008b600000, 0x000000008b600000| Untracked 
| 183|0x000000008b700000, 0x000000008b700000, 0x000000008b800000|  0%| F|  |TAMS 0x000000008b700000, 0x000000008b700000| Untracked 
| 184|0x000000008b800000, 0x000000008b800000, 0x000000008b900000|  0%| F|  |TAMS 0x000000008b800000, 0x000000008b800000| Untracked 
| 185|0x000000008b900000, 0x000000008b900000, 0x000000008ba00000|  0%| F|  |TAMS 0x000000008b900000, 0x000000008b900000| Untracked 
| 186|0x000000008ba00000, 0x000000008ba00000, 0x000000008bb00000|  0%| F|  |TAMS 0x000000008ba00000, 0x000000008ba00000| Untracked 
| 187|0x000000008bb00000, 0x000000008bb00000, 0x000000008bc00000|  0%| F|  |TAMS 0x000000008bb00000, 0x000000008bb00000| Untracked 
| 188|0x000000008bc00000, 0x000000008bc00000, 0x000000008bd00000|  0%| F|  |TAMS 0x000000008bc00000, 0x000000008bc00000| Untracked 
| 189|0x000000008bd00000, 0x000000008bd00000, 0x000000008be00000|  0%| F|  |TAMS 0x000000008bd00000, 0x000000008bd00000| Untracked 
| 190|0x000000008be00000, 0x000000008be00000, 0x000000008bf00000|  0%| F|  |TAMS 0x000000008be00000, 0x000000008be00000| Untracked 
| 191|0x000000008bf00000, 0x000000008bf00000, 0x000000008c000000|  0%| F|  |TAMS 0x000000008bf00000, 0x000000008bf00000| Untracked 
| 192|0x000000008c000000, 0x000000008c000000, 0x000000008c100000|  0%| F|  |TAMS 0x000000008c000000, 0x000000008c000000| Untracked 
| 193|0x000000008c100000, 0x000000008c100000, 0x000000008c200000|  0%| F|  |TAMS 0x000000008c100000, 0x000000008c100000| Untracked 
| 194|0x000000008c200000, 0x000000008c200000, 0x000000008c300000|  0%| F|  |TAMS 0x000000008c200000, 0x000000008c200000| Untracked 
| 195|0x000000008c300000, 0x000000008c300000, 0x000000008c400000|  0%| F|  |TAMS 0x000000008c300000, 0x000000008c300000| Untracked 
| 196|0x000000008c400000, 0x000000008c400000, 0x000000008c500000|  0%| F|  |TAMS 0x000000008c400000, 0x000000008c400000| Untracked 
| 197|0x000000008c500000, 0x000000008c500000, 0x000000008c600000|  0%| F|  |TAMS 0x000000008c500000, 0x000000008c500000| Untracked 
| 198|0x000000008c600000, 0x000000008c600000, 0x000000008c700000|  0%| F|  |TAMS 0x000000008c600000, 0x000000008c600000| Untracked 
| 199|0x000000008c700000, 0x000000008c700000, 0x000000008c800000|  0%| F|  |TAMS 0x000000008c700000, 0x000000008c700000| Untracked 
| 200|0x000000008c800000, 0x000000008c800000, 0x000000008c900000|  0%| F|  |TAMS 0x000000008c800000, 0x000000008c800000| Untracked 
| 201|0x000000008c900000, 0x000000008c900000, 0x000000008ca00000|  0%| F|  |TAMS 0x000000008c900000, 0x000000008c900000| Untracked 
| 202|0x000000008ca00000, 0x000000008ca00000, 0x000000008cb00000|  0%| F|  |TAMS 0x000000008ca00000, 0x000000008ca00000| Untracked 
| 203|0x000000008cb00000, 0x000000008cb00000, 0x000000008cc00000|  0%| F|  |TAMS 0x000000008cb00000, 0x000000008cb00000| Untracked 
| 204|0x000000008cc00000, 0x000000008cc00000, 0x000000008cd00000|  0%| F|  |TAMS 0x000000008cc00000, 0x000000008cc00000| Untracked 
| 205|0x000000008cd00000, 0x000000008cd00000, 0x000000008ce00000|  0%| F|  |TAMS 0x000000008cd00000, 0x000000008cd00000| Untracked 
| 206|0x000000008ce00000, 0x000000008ce00000, 0x000000008cf00000|  0%| F|  |TAMS 0x000000008ce00000, 0x000000008ce00000| Untracked 
| 207|0x000000008cf00000, 0x000000008cf00000, 0x000000008d000000|  0%| F|  |TAMS 0x000000008cf00000, 0x000000008cf00000| Untracked 
| 208|0x000000008d000000, 0x000000008d000000, 0x000000008d100000|  0%| F|  |TAMS 0x000000008d000000, 0x000000008d000000| Untracked 
| 209|0x000000008d100000, 0x000000008d189998, 0x000000008d200000| 53%| S|CS|TAMS 0x000000008d100000, 0x000000008d100000| Complete 
| 210|0x000000008d200000, 0x000000008d300000, 0x000000008d300000|100%| S|CS|TAMS 0x000000008d200000, 0x000000008d200000| Complete 
| 211|0x000000008d300000, 0x000000008d300000, 0x000000008d400000|  0%| F|  |TAMS 0x000000008d300000, 0x000000008d300000| Untracked 
| 212|0x000000008d400000, 0x000000008d400000, 0x000000008d500000|  0%| F|  |TAMS 0x000000008d400000, 0x000000008d400000| Untracked 
| 213|0x000000008d500000, 0x000000008d500000, 0x000000008d600000|  0%| F|  |TAMS 0x000000008d500000, 0x000000008d500000| Untracked 
| 214|0x000000008d600000, 0x000000008d600000, 0x000000008d700000|  0%| F|  |TAMS 0x000000008d600000, 0x000000008d600000| Untracked 
| 215|0x000000008d700000, 0x000000008d700000, 0x000000008d800000|  0%| F|  |TAMS 0x000000008d700000, 0x000000008d700000| Untracked 
| 216|0x000000008d800000, 0x000000008d800000, 0x000000008d900000|  0%| F|  |TAMS 0x000000008d800000, 0x000000008d800000| Untracked 
| 217|0x000000008d900000, 0x000000008d900000, 0x000000008da00000|  0%| F|  |TAMS 0x000000008d900000, 0x000000008d900000| Untracked 
| 218|0x000000008da00000, 0x000000008dac7358, 0x000000008db00000| 77%| E|  |TAMS 0x000000008da00000, 0x000000008da00000| Complete 
| 219|0x000000008db00000, 0x000000008dc00000, 0x000000008dc00000|100%| E|CS|TAMS 0x000000008db00000, 0x000000008db00000| Complete 

Card table byte_map: [0x0000027eeb610000,0x0000027eeba10000] _byte_map_base: 0x0000027eeb210000

Marking Bits (Prev, Next): (CMBitMap*) 0x0000027ed8405ed0, (CMBitMap*) 0x0000027ed8405e98
 Prev Bits: [0x0000027eede10000, 0x0000027eefe10000)
 Next Bits: [0x0000027eebe10000, 0x0000027eede10000)

Polling page: 0x0000027ed6330000

Metaspace:

Usage:
  Non-class:    109.05 MB capacity,   106.90 MB ( 98%) used,     1.71 MB (  2%) free+waste,   448.69 KB ( <1%) overhead. 
      Class:     16.74 MB capacity,    15.41 MB ( 92%) used,     1.14 MB (  7%) free+waste,   195.31 KB (  1%) overhead. 
       Both:    125.79 MB capacity,   122.31 MB ( 97%) used,     2.85 MB (  2%) free+waste,   644.00 KB ( <1%) overhead. 

Virtual space:
  Non-class space:      110.00 MB reserved,     109.42 MB (>99%) committed 
      Class space:        1.00 GB reserved,      17.48 MB (  2%) committed 
             Both:        1.11 GB reserved,     126.90 MB ( 11%) committed 

Chunk freelists:
   Non-Class:  254.00 KB
       Class:  648.00 KB
        Both:  902.00 KB

MaxMetaspaceSize: 17179869184.00 GB
CompressedClassSpaceSize: 1.00 GB
Initial GC threshold: 20.80 MB
Current GC threshold: 211.50 MB
CDS: off

CodeHeap 'non-profiled nmethods': size=120000Kb used=14056Kb max_used=14056Kb free=105943Kb
 bounds [0x0000027ee39b0000, 0x0000027ee4770000, 0x0000027eeaee0000]
CodeHeap 'profiled nmethods': size=120000Kb used=45858Kb max_used=45858Kb free=74141Kb
 bounds [0x0000027edc480000, 0x0000027edf150000, 0x0000027ee39b0000]
CodeHeap 'non-nmethods': size=5760Kb used=2463Kb max_used=2531Kb free=3296Kb
 bounds [0x0000027edbee0000, 0x0000027edc170000, 0x0000027edc480000]
 total_blobs=22117 nmethods=21131 adapters=896
 compilation: enabled
              stopped_count=0, restarted_count=0
 full_count=0

Compilation events (20 events):
Event: 8791.254 Thread 0x0000027ef30e0800 22840       3       sun.nio.fs.WindowsPath::endsWith (151 bytes)
Event: 8791.256 Thread 0x0000027ef30e0800 nmethod 22840 0x0000027edf119210 code [0x0000027edf119500, 0x0000027edf11a508]
Event: 8791.354 Thread 0x0000027ef30e0800 22842       3       com.sun.tools.javac.file.CacheFSInfo::getCanonicalFile (11 bytes)
Event: 8791.354 Thread 0x0000027ef30e0800 nmethod 22842 0x0000027edf11ab10 code [0x0000027edf11acc0, 0x0000027edf11ade8]
Event: 8791.360 Thread 0x0000027ef30e0800 22843       3       sun.nio.fs.WindowsPath::toRealPath (6 bytes)
Event: 8791.362 Thread 0x0000027ef30e0800 nmethod 22843 0x0000027edf11af10 code [0x0000027edf11b180, 0x0000027edf11bb98]
Event: 8791.362 Thread 0x0000027ef30e0800 22844       3       sun.nio.fs.WindowsPath::toRealPath (22 bytes)
Event: 8791.363 Thread 0x0000027ef30e0800 nmethod 22844 0x0000027edf11bf10 code [0x0000027edf11c160, 0x0000027edf11ca98]
Event: 8791.416 Thread 0x0000027ef30d9000 nmethod 22838 0x0000027ee4763010 code [0x0000027ee4763320, 0x0000027ee47661c0]
Event: 8791.416 Thread 0x0000027ef30d9000 22841       4       sun.nio.fs.WindowsPath::getFileName (87 bytes)
Event: 8791.459 Thread 0x0000027ef30d9000 nmethod 22841 0x0000027ee4768090 code [0x0000027ee4768280, 0x0000027ee4768d88]
Event: 8791.551 Thread 0x0000027ef30d9000 22846       4       java.util.jar.Manifest$FastInputStream::readLine (296 bytes)
Event: 8791.573 Thread 0x0000027ef30d9000 nmethod 22846 0x0000027ee4769290 code [0x0000027ee4769460, 0x0000027ee4769ba8]
Event: 8791.586 Thread 0x0000027ef30e0800 22847  s    3       com.sun.tools.javac.file.FSInfo::getJarFSProvider (64 bytes)
Event: 8791.587 Thread 0x0000027ef30e0800 nmethod 22847 0x0000027edf11ce10 code [0x0000027edf11d040, 0x0000027edf11d958]
Event: 8791.701 Thread 0x0000027ef30d9000 22848   !   4       java.util.jar.Attributes::read (354 bytes)
Event: 8791.864 Thread 0x0000027ef30e0800 22850       3       com.sun.tools.javac.code.Types$DefaultTypeVisitor::<init> (5 bytes)
Event: 8791.865 Thread 0x0000027ef30e0800 nmethod 22850 0x0000027edf11db90 code [0x0000027edf11dd40, 0x0000027edf11de98]
Event: 8791.874 Thread 0x0000027ef30e0800 22851       3       com.sun.tools.javac.code.Source$Feature::allowedInSource (28 bytes)
Event: 8791.875 Thread 0x0000027ef30e0800 nmethod 22851 0x0000027edf11df90 code [0x0000027edf11e160, 0x0000027edf11e378]

GC Heap History (20 events):
Event: 6286.048 GC heap before
{Heap before GC invocations=84 (full 0):
 garbage-first heap   total 225280K, used 163922K [0x0000000080000000, 0x0000000100000000)
  region size 1024K, 38 young (38912K), 6 survivors (6144K)
 Metaspace       used 124802K, capacity 128491K, committed 129692K, reserved 1161216K
  class space    used 15791K, capacity 17159K, committed 17900K, reserved 1048576K
}
Event: 6286.081 GC heap after
{Heap after GC invocations=85 (full 0):
 garbage-first heap   total 225280K, used 136545K [0x0000000080000000, 0x0000000100000000)
  region size 1024K, 5 young (5120K), 5 survivors (5120K)
 Metaspace       used 124802K, capacity 128491K, committed 129692K, reserved 1161216K
  class space    used 15791K, capacity 17159K, committed 17900K, reserved 1048576K
}
Event: 6286.262 GC heap before
{Heap before GC invocations=85 (full 0):
 garbage-first heap   total 225280K, used 142689K [0x0000000080000000, 0x0000000100000000)
  region size 1024K, 11 young (11264K), 5 survivors (5120K)
 Metaspace       used 124851K, capacity 128510K, committed 129692K, reserved 1161216K
  class space    used 15793K, capacity 17162K, committed 17900K, reserved 1048576K
}
Event: 6286.305 GC heap after
{Heap after GC invocations=86 (full 0):
 garbage-first heap   total 225280K, used 122339K [0x0000000080000000, 0x0000000100000000)
  region size 1024K, 2 young (2048K), 2 survivors (2048K)
 Metaspace       used 124851K, capacity 128510K, committed 129692K, reserved 1161216K
  class space    used 15793K, capacity 17162K, committed 17900K, reserved 1048576K
}
Event: 6287.739 GC heap before
{Heap before GC invocations=86 (full 0):
 garbage-first heap   total 225280K, used 130531K [0x0000000080000000, 0x0000000100000000)
  region size 1024K, 11 young (11264K), 2 survivors (2048K)
 Metaspace       used 124872K, capacity 128510K, committed 129692K, reserved 1161216K
  class space    used 15793K, capacity 17162K, committed 17900K, reserved 1048576K
}
Event: 6287.770 GC heap after
{Heap after GC invocations=87 (full 0):
 garbage-first heap   total 225280K, used 120217K [0x0000000080000000, 0x0000000100000000)
  region size 1024K, 2 young (2048K), 2 survivors (2048K)
 Metaspace       used 124872K, capacity 128510K, committed 129692K, reserved 1161216K
  class space    used 15793K, capacity 17162K, committed 17900K, reserved 1048576K
}
Event: 7307.293 GC heap before
{Heap before GC invocations=87 (full 0):
 garbage-first heap   total 225280K, used 174489K [0x0000000080000000, 0x0000000100000000)
  region size 1024K, 55 young (56320K), 2 survivors (2048K)
 Metaspace       used 124938K, capacity 128516K, committed 129692K, reserved 1161216K
  class space    used 15794K, capacity 17163K, committed 17900K, reserved 1048576K
}
Event: 7307.544 GC heap after
{Heap after GC invocations=88 (full 0):
 garbage-first heap   total 225280K, used 121796K [0x0000000080000000, 0x0000000100000000)
  region size 1024K, 4 young (4096K), 4 survivors (4096K)
 Metaspace       used 124938K, capacity 128516K, committed 129692K, reserved 1161216K
  class space    used 15794K, capacity 17163K, committed 17900K, reserved 1048576K
}
Event: 8765.646 GC heap before
{Heap before GC invocations=89 (full 0):
 garbage-first heap   total 225280K, used 163780K [0x0000000080000000, 0x0000000100000000)
  region size 1024K, 47 young (48128K), 4 survivors (4096K)
 Metaspace       used 124963K, capacity 128590K, committed 129692K, reserved 1161216K
  class space    used 15794K, capacity 17164K, committed 17900K, reserved 1048576K
}
Event: 8765.886 GC heap after
{Heap after GC invocations=90 (full 0):
 garbage-first heap   total 225280K, used 121453K [0x0000000080000000, 0x0000000100000000)
  region size 1024K, 5 young (5120K), 5 survivors (5120K)
 Metaspace       used 124963K, capacity 128590K, committed 129692K, reserved 1161216K
  class space    used 15794K, capacity 17164K, committed 17900K, reserved 1048576K
}
Event: 8770.564 GC heap before
{Heap before GC invocations=90 (full 0):
 garbage-first heap   total 225280K, used 126573K [0x0000000080000000, 0x0000000100000000)
  region size 1024K, 11 young (11264K), 5 survivors (5120K)
 Metaspace       used 124963K, capacity 128590K, committed 129692K, reserved 1161216K
  class space    used 15794K, capacity 17164K, committed 17900K, reserved 1048576K
}
Event: 8770.971 GC heap after
{Heap after GC invocations=91 (full 0):
 garbage-first heap   total 225280K, used 111702K [0x0000000080000000, 0x0000000100000000)
  region size 1024K, 1 young (1024K), 1 survivors (1024K)
 Metaspace       used 124963K, capacity 128590K, committed 129692K, reserved 1161216K
  class space    used 15794K, capacity 17164K, committed 17900K, reserved 1048576K
}
Event: 8776.849 GC heap before
{Heap before GC invocations=91 (full 0):
 garbage-first heap   total 225280K, used 121942K [0x0000000080000000, 0x0000000100000000)
  region size 1024K, 11 young (11264K), 1 survivors (1024K)
 Metaspace       used 125063K, capacity 128725K, committed 129692K, reserved 1161216K
  class space    used 15801K, capacity 17175K, committed 17900K, reserved 1048576K
}
Event: 8776.957 GC heap after
{Heap after GC invocations=92 (full 0):
 garbage-first heap   total 225280K, used 112191K [0x0000000080000000, 0x0000000100000000)
  region size 1024K, 2 young (2048K), 2 survivors (2048K)
 Metaspace       used 125063K, capacity 128725K, committed 129692K, reserved 1161216K
  class space    used 15801K, capacity 17175K, committed 17900K, reserved 1048576K
}
Event: 8783.430 GC heap before
{Heap before GC invocations=92 (full 0):
 garbage-first heap   total 225280K, used 135743K [0x0000000080000000, 0x0000000100000000)
  region size 1024K, 26 young (26624K), 2 survivors (2048K)
 Metaspace       used 125253K, capacity 128974K, committed 129948K, reserved 1161216K
  class space    used 15805K, capacity 17183K, committed 17900K, reserved 1048576K
}
Event: 8783.518 GC heap after
{Heap after GC invocations=93 (full 0):
 garbage-first heap   total 225280K, used 116404K [0x0000000080000000, 0x0000000100000000)
  region size 1024K, 4 young (4096K), 4 survivors (4096K)
 Metaspace       used 125253K, capacity 128974K, committed 129948K, reserved 1161216K
  class space    used 15805K, capacity 17183K, committed 17900K, reserved 1048576K
}
Event: 8787.607 GC heap before
{Heap before GC invocations=94 (full 0):
 garbage-first heap   total 225280K, used 131764K [0x0000000080000000, 0x0000000100000000)
  region size 1024K, 19 young (19456K), 4 survivors (4096K)
 Metaspace       used 125153K, capacity 128798K, committed 129948K, reserved 1161216K
  class space    used 15782K, capacity 17141K, committed 17900K, reserved 1048576K
}
Event: 8787.654 GC heap after
{Heap after GC invocations=95 (full 0):
 garbage-first heap   total 225280K, used 118034K [0x0000000080000000, 0x0000000100000000)
  region size 1024K, 2 young (2048K), 2 survivors (2048K)
 Metaspace       used 125153K, capacity 128798K, committed 129948K, reserved 1161216K
  class space    used 15782K, capacity 17141K, committed 17900K, reserved 1048576K
}
Event: 8791.649 GC heap before
{Heap before GC invocations=95 (full 0):
 garbage-first heap   total 225280K, used 127250K [0x0000000080000000, 0x0000000100000000)
  region size 1024K, 11 young (11264K), 2 survivors (2048K)
 Metaspace       used 125183K, capacity 128804K, committed 129948K, reserved 1161216K
  class space    used 15783K, capacity 17142K, committed 17900K, reserved 1048576K
}
Event: 8791.700 GC heap after
{Heap after GC invocations=96 (full 0):
 garbage-first heap   total 225280K, used 113707K [0x0000000080000000, 0x0000000100000000)
  region size 1024K, 2 young (2048K), 2 survivors (2048K)
 Metaspace       used 125183K, capacity 128804K, committed 129948K, reserved 1161216K
  class space    used 15783K, capacity 17142K, committed 17900K, reserved 1048576K
}

Deoptimization events (20 events):
Event: 8779.040 Thread 0x0000027efd9a7800 Uncommon trap: trap_request=0xffffffbe fr.pc=0x0000027ee46ff238 relative=0x0000000000001638
Event: 8779.040 Thread 0x0000027efd9a7800 Uncommon trap: reason=profile_predicate action=maybe_recompile pc=0x0000027ee46ff238 method=org.gradle.api.internal.artifacts.configurations.Configurations.getNames(Ljava/util/Collection;)Lcom/google/common/collect/ImmutableSet; @ 67 c2
Event: 8779.040 Thread 0x0000027efd9a7800 DEOPT PACKING pc=0x0000027ee46ff238 sp=0x000000fbe4ef94e0
Event: 8779.040 Thread 0x0000027efd9a7800 DEOPT UNPACKING pc=0x0000027edbee85af sp=0x000000fbe4ef94b0 mode 2
Event: 8779.041 Thread 0x0000027efd9a7800 Uncommon trap: trap_request=0xffffffbe fr.pc=0x0000027ee46ff238 relative=0x0000000000001638
Event: 8779.041 Thread 0x0000027efd9a7800 Uncommon trap: reason=profile_predicate action=maybe_recompile pc=0x0000027ee46ff238 method=org.gradle.api.internal.artifacts.configurations.Configurations.getNames(Ljava/util/Collection;)Lcom/google/common/collect/ImmutableSet; @ 67 c2
Event: 8779.041 Thread 0x0000027efd9a7800 DEOPT PACKING pc=0x0000027ee46ff238 sp=0x000000fbe4ef94e0
Event: 8779.041 Thread 0x0000027efd9a7800 DEOPT UNPACKING pc=0x0000027edbee85af sp=0x000000fbe4ef94b0 mode 2
Event: 8779.041 Thread 0x0000027efd9a7800 Uncommon trap: trap_request=0xffffffbe fr.pc=0x0000027ee46ff238 relative=0x0000000000001638
Event: 8779.041 Thread 0x0000027efd9a7800 Uncommon trap: reason=profile_predicate action=maybe_recompile pc=0x0000027ee46ff238 method=org.gradle.api.internal.artifacts.configurations.Configurations.getNames(Ljava/util/Collection;)Lcom/google/common/collect/ImmutableSet; @ 67 c2
Event: 8779.041 Thread 0x0000027efd9a7800 DEOPT PACKING pc=0x0000027ee46ff238 sp=0x000000fbe4ef94e0
Event: 8779.042 Thread 0x0000027efd9a7800 DEOPT UNPACKING pc=0x0000027edbee85af sp=0x000000fbe4ef94b0 mode 2
Event: 8781.727 Thread 0x0000027ef402a800 Uncommon trap: trap_request=0xffffffdc fr.pc=0x0000027ee46f0d34 relative=0x00000000000002f4
Event: 8781.727 Thread 0x0000027ef402a800 Uncommon trap: reason=class_check action=make_not_entrant pc=0x0000027ee46f0d34 method=java.util.ArrayList$SubList.toArray([Ljava/lang/Object;)[Ljava/lang/Object; @ 37 c2
Event: 8781.727 Thread 0x0000027ef402a800 DEOPT PACKING pc=0x0000027ee46f0d34 sp=0x000000fbec2f9f20
Event: 8781.728 Thread 0x0000027ef402a800 DEOPT UNPACKING pc=0x0000027edbee85af sp=0x000000fbec2f9ee8 mode 2
Event: 8791.223 Thread 0x0000027ef6fbe800 DEOPT PACKING pc=0x0000027edea7b874 sp=0x000000fbebbf7790
Event: 8791.223 Thread 0x0000027ef6fbe800 DEOPT UNPACKING pc=0x0000027edbf29d0e sp=0x000000fbebbf6d68 mode 0
Event: 8791.701 Thread 0x0000027ef6fbe800 DEOPT PACKING pc=0x0000027edd135a81 sp=0x000000fbebbf7a60
Event: 8791.719 Thread 0x0000027ef6fbe800 DEOPT UNPACKING pc=0x0000027edbf29d0e sp=0x000000fbebbf7000 mode 0

Classes redefined (0 events):
No events

Internal exceptions (20 events):
Event: 6286.043 Thread 0x0000027e80a2a800 Exception <a 'sun/nio/fs/WindowsException'{0x000000008bcfd168}> (0x000000008bcfd168) thrown at [src/hotspot/share/prims/jni.cpp, line 617]
Event: 6286.110 Thread 0x0000027e80a2a800 Exception <a 'sun/nio/fs/WindowsException'{0x000000008dba27d0}> (0x000000008dba27d0) thrown at [src/hotspot/share/prims/jni.cpp, line 617]
Event: 6286.110 Thread 0x0000027e80a2a800 Exception <a 'sun/nio/fs/WindowsException'{0x000000008dba3db0}> (0x000000008dba3db0) thrown at [src/hotspot/share/prims/jni.cpp, line 617]
Event: 6286.110 Thread 0x0000027e80a2a800 Exception <a 'sun/nio/fs/WindowsException'{0x000000008dba5188}> (0x000000008dba5188) thrown at [src/hotspot/share/prims/jni.cpp, line 617]
Event: 6286.111 Thread 0x0000027e80a2a800 Exception <a 'sun/nio/fs/WindowsException'{0x000000008dba6560}> (0x000000008dba6560) thrown at [src/hotspot/share/prims/jni.cpp, line 617]
Event: 6288.218 Thread 0x0000027e80a2a800 Exception <a 'sun/nio/fs/WindowsException'{0x000000008bc19fc0}> (0x000000008bc19fc0) thrown at [src/hotspot/share/prims/jni.cpp, line 617]
Event: 6288.218 Thread 0x0000027e80a2a800 Exception <a 'sun/nio/fs/WindowsException'{0x000000008bc1a048}> (0x000000008bc1a048) thrown at [src/hotspot/share/prims/jni.cpp, line 617]
Event: 6288.218 Thread 0x0000027e80a2a800 Exception <a 'sun/nio/fs/WindowsException'{0x000000008bc1b908}> (0x000000008bc1b908) thrown at [src/hotspot/share/prims/jni.cpp, line 617]
Event: 8775.345 Thread 0x0000027efd9a7800 Exception <a 'sun/nio/fs/WindowsException'{0x000000008d63c518}> (0x000000008d63c518) thrown at [src/hotspot/share/prims/jni.cpp, line 617]
Event: 8777.988 Thread 0x0000027efd9a7800 Exception <a 'sun/nio/fs/WindowsException'{0x000000008d6ac600}> (0x000000008d6ac600) thrown at [src/hotspot/share/prims/jni.cpp, line 617]
Event: 8778.452 Thread 0x0000027efd9a7800 Exception <a 'sun/nio/fs/WindowsException'{0x000000008d54fc58}> (0x000000008d54fc58) thrown at [src/hotspot/share/prims/jni.cpp, line 617]
Event: 8778.471 Thread 0x0000027efd9a7800 Exception <a 'sun/nio/fs/WindowsException'{0x000000008d550ec8}> (0x000000008d550ec8) thrown at [src/hotspot/share/prims/jni.cpp, line 617]
Event: 8778.476 Thread 0x0000027efd9a7800 Exception <a 'sun/nio/fs/WindowsException'{0x000000008d552188}> (0x000000008d552188) thrown at [src/hotspot/share/prims/jni.cpp, line 617]
Event: 8778.477 Thread 0x0000027efd9a7800 Exception <a 'sun/nio/fs/WindowsException'{0x000000008d553448}> (0x000000008d553448) thrown at [src/hotspot/share/prims/jni.cpp, line 617]
Event: 8786.749 Thread 0x0000027ef6fbe800 Exception <a 'java/lang/NoSuchMethodError'{0x000000008d12e760}: <clinit>> (0x000000008d12e760) thrown at [src/hotspot/share/prims/jni.cpp, line 1367]
Event: 8786.750 Thread 0x0000027ef6fbe800 Exception <a 'java/lang/NoSuchMethodError'{0x000000008d130490}: <clinit>> (0x000000008d130490) thrown at [src/hotspot/share/prims/jni.cpp, line 1367]
Event: 8786.794 Thread 0x0000027ef6fbe800 Exception <a 'java/lang/NoSuchMethodError'{0x000000008d133e50}: <clinit>> (0x000000008d133e50) thrown at [src/hotspot/share/prims/jni.cpp, line 1367]
Event: 8786.801 Thread 0x0000027ef6fbe800 Exception <a 'java/lang/NoSuchMethodError'{0x000000008d150c48}: <clinit>> (0x000000008d150c48) thrown at [src/hotspot/share/prims/jni.cpp, line 1367]
Event: 8786.802 Thread 0x0000027ef6fbe800 Exception <a 'java/lang/NoSuchMethodError'{0x000000008d152370}: <clinit>> (0x000000008d152370) thrown at [src/hotspot/share/prims/jni.cpp, line 1367]
Event: 8791.828 Thread 0x0000027ef6fbe800 Exception <a 'sun/nio/fs/WindowsException'{0x000000008db37c60}> (0x000000008db37c60) thrown at [src/hotspot/share/prims/jni.cpp, line 617]

Events (20 events):
Event: 8787.606 Executing VM operation: G1CollectForAllocation
Event: 8787.654 Executing VM operation: G1CollectForAllocation done
Event: 8789.795 loading class org/gradle/api/internal/tasks/compile/incremental/compilerapi/deps/DependentsSet$1
Event: 8789.795 loading class org/gradle/api/internal/tasks/compile/incremental/compilerapi/deps/DependentsSet$1 done
Event: 8790.215 Thread 0x0000027ef9d09800 Thread added: 0x0000027ef9d09800
Event: 8790.216 Thread 0x0000027ef9d0a800 Thread added: 0x0000027ef9d0a800
Event: 8790.217 Thread 0x0000027ef9d06800 Thread added: 0x0000027ef9d06800
Event: 8790.222 Thread 0x0000027ef9d0f000 Thread added: 0x0000027ef9d0f000
Event: 8790.227 Thread 0x0000027ef9d10000 Thread added: 0x0000027ef9d10000
Event: 8790.228 Thread 0x0000027ef9d0e800 Thread added: 0x0000027ef9d0e800
Event: 8790.229 Thread 0x0000027ef9d11000 Thread added: 0x0000027ef9d11000
Event: 8790.230 Thread 0x0000027ef9d11800 Thread added: 0x0000027ef9d11800
Event: 8790.786 loading class com/sun/tools/javac/resources/spi/compilerProvider
Event: 8790.786 loading class com/sun/tools/javac/resources/spi/compilerProvider done
Event: 8791.648 Executing VM operation: G1CollectForAllocation
Event: 8791.700 Executing VM operation: G1CollectForAllocation done
Event: 8791.830 loading class com/bumptech/glide/annotation/compiler/GlideAnnotationProcessor
Event: 8791.830 loading class com/bumptech/glide/annotation/compiler/GlideAnnotationProcessor done
Event: 8791.899 loading class com/sun/tools/javac/resources/spi/javacProvider
Event: 8791.899 loading class com/sun/tools/javac/resources/spi/javacProvider done


Dynamic libraries:
0x00007ff6fcd50000 - 0x00007ff6fcd5a000 	C:\Program Files\Android\Android Studio\jbr\bin\java.exe
0x00007ffb406d0000 - 0x00007ffb408e4000 	C:\WINDOWS\SYSTEM32\ntdll.dll
0x00007ffb3f190000 - 0x00007ffb3f252000 	C:\WINDOWS\System32\KERNEL32.DLL
0x00007ffb3db40000 - 0x00007ffb3dedc000 	C:\WINDOWS\System32\KERNELBASE.dll
0x00007ffb3e010000 - 0x00007ffb3e121000 	C:\WINDOWS\System32\ucrtbase.dll
0x00007ffb23730000 - 0x00007ffb23747000 	C:\Program Files\Android\Android Studio\jbr\bin\jli.dll
0x00007ffb05450000 - 0x00007ffb0546b000 	C:\Program Files\Android\Android Studio\jbr\bin\VCRUNTIME140.dll
0x00007ffb40430000 - 0x00007ffb405db000 	C:\WINDOWS\System32\USER32.dll
0x00007ffb0a050000 - 0x00007ffb0a2de000 	C:\WINDOWS\WinSxS\amd64_microsoft.windows.common-controls_6595b64144ccf1df_6.0.22621.608_none_a9444ca7c10bb01d\COMCTL32.dll
0x00007ffb3e9d0000 - 0x00007ffb3ea77000 	C:\WINDOWS\System32\msvcrt.dll
0x00007ffb3f600000 - 0x00007ffb3f629000 	C:\WINDOWS\System32\GDI32.dll
0x00007ffb3db10000 - 0x00007ffb3db36000 	C:\WINDOWS\System32\win32u.dll
0x00007ffb3e130000 - 0x00007ffb3e243000 	C:\WINDOWS\System32\gdi32full.dll
0x00007ffb3e440000 - 0x00007ffb3e4da000 	C:\WINDOWS\System32\msvcp_win.dll
0x00007ffb3e870000 - 0x00007ffb3e8a1000 	C:\WINDOWS\System32\IMM32.DLL
0x00007ffb28270000 - 0x00007ffb2827c000 	C:\Program Files\Android\Android Studio\jbr\bin\vcruntime140_1.dll
0x00007ffafacc0000 - 0x00007ffafad4d000 	C:\Program Files\Android\Android Studio\jbr\bin\msvcp140.dll
0x00007ffad95b0000 - 0x00007ffada16c000 	C:\Program Files\Android\Android Studio\jbr\bin\server\jvm.dll
0x00007ffb3ee80000 - 0x00007ffb3ef2e000 	C:\WINDOWS\System32\ADVAPI32.dll
0x00007ffb3e8b0000 - 0x00007ffb3e954000 	C:\WINDOWS\System32\sechost.dll
0x00007ffb3f640000 - 0x00007ffb3f757000 	C:\WINDOWS\System32\RPCRT4.dll
0x00007ffb3f5f0000 - 0x00007ffb3f5f8000 	C:\WINDOWS\System32\PSAPI.DLL
0x00007ffb2b060000 - 0x00007ffb2b069000 	C:\WINDOWS\SYSTEM32\WSOCK32.dll
0x00007ffb3ec40000 - 0x00007ffb3ecb1000 	C:\WINDOWS\System32\WS2_32.dll
0x00007ffb332f0000 - 0x00007ffb33324000 	C:\WINDOWS\SYSTEM32\WINMM.dll
0x00007ffb31e00000 - 0x00007ffb31e0a000 	C:\WINDOWS\SYSTEM32\VERSION.dll
0x00007ffb3cb30000 - 0x00007ffb3cb48000 	C:\WINDOWS\SYSTEM32\kernel.appcore.dll
0x00007ffb37130000 - 0x00007ffb37140000 	C:\Program Files\Android\Android Studio\jbr\bin\verify.dll
0x00007ffb37c40000 - 0x00007ffb37e6e000 	C:\WINDOWS\SYSTEM32\DBGHELP.DLL
0x00007ffb3e4e0000 - 0x00007ffb3e869000 	C:\WINDOWS\System32\combase.dll
0x00007ffb3ef30000 - 0x00007ffb3f007000 	C:\WINDOWS\System32\OLEAUT32.dll
0x00007ffb1f190000 - 0x00007ffb1f1c2000 	C:\WINDOWS\SYSTEM32\dbgcore.DLL
0x00007ffb3e3c0000 - 0x00007ffb3e43b000 	C:\WINDOWS\System32\bcryptPrimitives.dll
0x00007ffb283e0000 - 0x00007ffb28408000 	C:\Program Files\Android\Android Studio\jbr\bin\java.dll
0x00007ffb34410000 - 0x00007ffb3441a000 	C:\Program Files\Android\Android Studio\jbr\bin\jimage.dll
0x00007ffb2b070000 - 0x00007ffb2b088000 	C:\Program Files\Android\Android Studio\jbr\bin\zip.dll
0x00007ffb3f760000 - 0x00007ffb3ff50000 	C:\WINDOWS\System32\SHELL32.dll
0x00007ffb3bad0000 - 0x00007ffb3c39d000 	C:\WINDOWS\SYSTEM32\windows.storage.dll
0x00007ffb3b990000 - 0x00007ffb3bace000 	C:\WINDOWS\SYSTEM32\wintypes.dll
0x00007ffb3f260000 - 0x00007ffb3f351000 	C:\WINDOWS\System32\SHCORE.dll
0x00007ffb3f3f0000 - 0x00007ffb3f44e000 	C:\WINDOWS\System32\shlwapi.dll
0x00007ffb3da40000 - 0x00007ffb3da61000 	C:\WINDOWS\SYSTEM32\profapi.dll
0x00007ffb285e0000 - 0x00007ffb285f9000 	C:\Program Files\Android\Android Studio\jbr\bin\net.dll
0x00007ffb34bd0000 - 0x00007ffb34d07000 	C:\WINDOWS\SYSTEM32\WINHTTP.dll
0x00007ffb3cfd0000 - 0x00007ffb3d039000 	C:\WINDOWS\system32\mswsock.dll
0x00007ffb283c0000 - 0x00007ffb283d3000 	C:\Program Files\Android\Android Studio\jbr\bin\nio.dll
0x00007ffb25220000 - 0x00007ffb25247000 	C:\Users\LENOVO\.gradle\native\e1d6ef7f7dcc3fd88c89a11ec53ec762bb8ba0a96d01ffa2cd45eb1d1d8dd5c5\windows-amd64\native-platform.dll
0x00007ffad30c0000 - 0x00007ffad3204000 	C:\Users\LENOVO\.gradle\native\0d407fdbe67a94daf76414ababcb853783967236a71b16ec16e742cd7a986fd3\windows-amd64\native-platform-file-events.dll
0x00007ffb30aa0000 - 0x00007ffb30aaa000 	C:\Program Files\Android\Android Studio\jbr\bin\management.dll
0x00007ffb2b050000 - 0x00007ffb2b05b000 	C:\Program Files\Android\Android Studio\jbr\bin\management_ext.dll
0x00007ffb3d230000 - 0x00007ffb3d24b000 	C:\WINDOWS\SYSTEM32\CRYPTSP.dll
0x00007ffb3caa0000 - 0x00007ffb3cad5000 	C:\WINDOWS\system32\rsaenh.dll
0x00007ffb3d0d0000 - 0x00007ffb3d0f8000 	C:\WINDOWS\SYSTEM32\USERENV.dll
0x00007ffb3d460000 - 0x00007ffb3d488000 	C:\WINDOWS\SYSTEM32\bcrypt.dll
0x00007ffb3d250000 - 0x00007ffb3d25c000 	C:\WINDOWS\SYSTEM32\CRYPTBASE.dll
0x00007ffb3c5e0000 - 0x00007ffb3c60d000 	C:\WINDOWS\SYSTEM32\IPHLPAPI.DLL
0x00007ffb3ec30000 - 0x00007ffb3ec39000 	C:\WINDOWS\System32\NSI.dll
0x00007ffb32b60000 - 0x00007ffb32b79000 	C:\WINDOWS\SYSTEM32\dhcpcsvc6.DLL
0x00007ffb32b40000 - 0x00007ffb32b5f000 	C:\WINDOWS\SYSTEM32\dhcpcsvc.DLL
0x00007ffb3c610000 - 0x00007ffb3c703000 	C:\WINDOWS\SYSTEM32\DNSAPI.dll
0x00007ffafc870000 - 0x00007ffafc887000 	C:\WINDOWS\system32\napinsp.dll
0x00007ffafc850000 - 0x00007ffafc86b000 	C:\WINDOWS\system32\pnrpnsp.dll
0x00007ffafc830000 - 0x00007ffafc841000 	C:\WINDOWS\System32\winrnr.dll
0x00007ffb32b80000 - 0x00007ffb32b95000 	C:\WINDOWS\system32\wshbth.dll
0x00007ffb333e0000 - 0x00007ffb33401000 	C:\WINDOWS\system32\nlansp_c.dll
0x00007ffb30c00000 - 0x00007ffb30c0a000 	C:\Windows\System32\rasadhlp.dll
0x00007ffb30a00000 - 0x00007ffb30a83000 	C:\WINDOWS\System32\fwpuclnt.dll
0x00007ffb26620000 - 0x00007ffb26647000 	C:\Program Files\Android\Android Studio\jbr\bin\sunec.dll

dbghelp: loaded successfully - version: 4.0.5 - missing functions: none
symbol engine: initialized successfully - sym options: 0x614 - pdb path: .;C:\Program Files\Android\Android Studio\jbr\bin;C:\WINDOWS\SYSTEM32;C:\WINDOWS\WinSxS\amd64_microsoft.windows.common-controls_6595b64144ccf1df_6.0.22621.608_none_a9444ca7c10bb01d;C:\Program Files\Android\Android Studio\jbr\bin\server;C:\Users\LENOVO\.gradle\native\e1d6ef7f7dcc3fd88c89a11ec53ec762bb8ba0a96d01ffa2cd45eb1d1d8dd5c5\windows-amd64;C:\Users\LENOVO\.gradle\native\0d407fdbe67a94daf76414ababcb853783967236a71b16ec16e742cd7a986fd3\windows-amd64

VM Arguments:
jvm_args: --add-opens=java.base/java.util=ALL-UNNAMED --add-opens=java.base/java.lang=ALL-UNNAMED --add-opens=java.base/java.lang.invoke=ALL-UNNAMED --add-opens=java.base/java.util=ALL-UNNAMED --add-opens=java.prefs/java.util.prefs=ALL-UNNAMED --add-opens=java.prefs/java.util.prefs=ALL-UNNAMED --add-opens=java.base/java.nio.charset=ALL-UNNAMED --add-opens=java.base/java.net=ALL-UNNAMED --add-opens=java.base/java.util.concurrent.atomic=ALL-UNNAMED -Xmx2048m -Dfile.encoding=UTF-8 -Duser.country=US -Duser.language=en -Duser.variant 
java_command: org.gradle.launcher.daemon.bootstrap.GradleDaemon 7.5
java_class_path (initial): C:\Users\LENOVO\.gradle\wrapper\dists\gradle-7.5-bin\f1w0cc9nuo0eivz97x2xlu9sv\gradle-7.5\lib\gradle-launcher-7.5.jar
Launcher Type: SUN_STANDARD

[Global flags]
     intx CICompilerCount                          = 4                                         {product} {ergonomic}
     uint ConcGCThreads                            = 2                                         {product} {ergonomic}
     uint G1ConcRefinementThreads                  = 8                                         {product} {ergonomic}
   size_t G1HeapRegionSize                         = 1048576                                   {product} {ergonomic}
    uintx GCDrainStackTargetSize                   = 64                                        {product} {ergonomic}
   size_t InitialHeapSize                          = 132120576                                 {product} {ergonomic}
   size_t MarkStackSize                            = 4194304                                   {product} {ergonomic}
   size_t MaxHeapSize                              = 2147483648                                {product} {command line}
   size_t MaxNewSize                               = 1287651328                                {product} {ergonomic}
   size_t MinHeapDeltaBytes                        = 1048576                                   {product} {ergonomic}
    uintx NonNMethodCodeHeapSize                   = 5836300                                {pd product} {ergonomic}
    uintx NonProfiledCodeHeapSize                  = 122910970                              {pd product} {ergonomic}
    uintx ProfiledCodeHeapSize                     = 122910970                              {pd product} {ergonomic}
    uintx ReservedCodeCacheSize                    = 251658240                              {pd product} {ergonomic}
     bool SegmentedCodeCache                       = true                                      {product} {ergonomic}
     bool UseCompressedClassPointers               = true                                 {lp64_product} {ergonomic}
     bool UseCompressedOops                        = true                                 {lp64_product} {ergonomic}
     bool UseG1GC                                  = true                                      {product} {ergonomic}
     bool UseLargePagesIndividualAllocation        = false                                  {pd product} {ergonomic}

Logging:
Log output configuration:
 #0: stdout all=warning uptime,level,tags
 #1: stderr all=off uptime,level,tags

Environment Variables:
PATH=C:\Program Files\Python39\Scripts\;C:\Program Files\Python39\;C:\Program Files\Microsoft MPI\Bin\;C:\Program Files\Common Files\Oracle\Java\javapath;C:\WINDOWS\system32;C:\WINDOWS;C:\WINDOWS\System32\Wbem;C:\WINDOWS\System32\WindowsPowerShell\v1.0\;C:\WINDOWS\System32\OpenSSH\;C:\Program Files (x86)\Microsoft SQL Server\150\Tools\Binn\;C:\Program Files\Microsoft SQL Server\150\Tools\Binn\;C:\Program Files\Microsoft SQL Server\150\DTS\Binn\;C:\Program Files\Microsoft SQL Server\Client SDK\ODBC\170\Tools\Binn\;C:\Program Files\Azure Data Studio\bin;C:\MinGW\bin;C:\Program Files\Microsoft SQL Server\Client SDK\ODBC\110\Tools\Binn\;C:\Program Files (x86)\Microsoft SQL Server\150\DTS\Binn\;C:\xampp\php;E:\composer;C:\ProgramData\ComposerSetup\bin;C:\Program Files\PowerShell\7\;C:\Users\LENOVO\AppData\Local\Programs\Python\Python39\Scripts\;C:\Users\LENOVO\AppData\Local\Programs\Python\Python39\;C:\Users\LENOVO\AppData\Local\Microsoft\WindowsApps;C:\Users\LENOVO\AppData\Local\Programs\Microsoft VS Code\bin;C:\Program Files\Azure Data Studio\bin;C:\Program Files (x86)\mingw-w64\i686-8.1.0-posix-dwarf-rt_v6-rev0\mingw32\bin;C:\Users\LENOVO\AppData\Local\GitHubDesktop\bin;C:\Users\LENOVO\AppData\Roaming\Composer\vendor\bin;;C:\Program Files\JetBrains\IntelliJ IDEA 2022.3.1\bin;;C:\Program Files\JetBrains\IntelliJ IDEA Community Edition 2022.3.1\bin;
USERNAME=LENOVO
OS=Windows_NT
PROCESSOR_IDENTIFIER=Intel64 Family 6 Model 126 Stepping 5, GenuineIntel



---------------  S Y S T E M  ---------------

OS: Windows 11 , 64 bit Build 22621 (10.0.22621.1485)
OS uptime: 4 days 2:43 hours
Hyper-V role detected

CPU:total 8 (initial active 8) (4 cores per cpu, 2 threads per core) family 6 model 126 stepping 5 microcode 0x86, cmov, cx8, fxsr, mmx, sse, sse2, sse3, ssse3, sse4.1, sse4.2, popcnt, avx, avx2, aes, clmul, erms, 3dnowpref, lzcnt, ht, tsc, tscinvbit, bmi1, bmi2, adx, evex, sha, fma

Memory: 4k page, system-wide physical 7983M (127M free)
TotalPageFile size 16175M (AvailPageFile size 5M)
current process WorkingSet (physical memory assigned to process): 411M, peak: 509M
current process commit charge ("private bytes"): 616M, peak: 636M

vm_info: OpenJDK 64-Bit Server VM (11.0.15+0-b2043.56-9505619) for windows-amd64 JRE (11.0.15+0-b2043.56-9505619), built on Jan 19 2023 02:48:00 by "builduser" with unknown MS VC++:1929

END.
