#
# There is insufficient memory for the Java Runtime Environment to continue.
# Native memory allocation (malloc) failed to allocate 1427056 bytes for Chunk::new
# Possible reasons:
#   The system is out of physical RAM or swap space
#   The process is running with CompressedOops enabled, and the Java Heap may be blocking the growth of the native heap
# Possible solutions:
#   Reduce memory load on the system
#   Increase physical memory or swap space
#   Check if swap backing store is full
#   Decrease Java heap size (-Xmx/-Xms)
#   Decrease number of Java threads
#   Decrease Java thread stack sizes (-Xss)
#   Set larger code cache with -XX:ReservedCodeCacheSize=
#   JVM is running with Unscaled Compressed Oops mode in which the Java heap is
#     placed in the first 4GB address space. The Java Heap base address is the
#     maximum limit for the native heap growth. Please use -XX:HeapBaseMinAddress
#     to set the Java Heap base and to place the Java Heap above 4GB virtual address.
# This output file may be truncated or incomplete.
#
#  Out of Memory Error (src/hotspot/share/memory/arena.cpp:197), pid=5060, tid=11080
#
# JRE version: OpenJDK Runtime Environment (11.0.15) (build 11.0.15+0-b2043.56-9505619)
# Java VM: OpenJDK 64-Bit Server VM (11.0.15+0-b2043.56-9505619, mixed mode, tiered, compressed oops, g1 gc, windows-amd64)
# No core dump will be written. Minidumps are not enabled by default on client versions of Windows
#

---------------  S U M M A R Y ------------

Command Line: --add-opens=java.base/java.util=ALL-UNNAMED --add-opens=java.base/java.lang=ALL-UNNAMED --add-opens=java.base/java.lang.invoke=ALL-UNNAMED --add-opens=java.base/java.util=ALL-UNNAMED --add-opens=java.prefs/java.util.prefs=ALL-UNNAMED --add-opens=java.prefs/java.util.prefs=ALL-UNNAMED --add-opens=java.base/java.nio.charset=ALL-UNNAMED --add-opens=java.base/java.net=ALL-UNNAMED --add-opens=java.base/java.util.concurrent.atomic=ALL-UNNAMED -Xmx2048m -Dfile.encoding=UTF-8 -Duser.country=US -Duser.language=en -Duser.variant org.gradle.launcher.daemon.bootstrap.GradleDaemon 7.5

Host: Intel(R) Core(TM) i7-1065G7 CPU @ 1.30GHz, 8 cores, 7G,  Windows 11 , 64 bit Build 22621 (10.0.22621.1485)
Time: Sun Apr  9 17:15:09 2023 SE Asia Standard Time elapsed time: 401.423432 seconds (0d 0h 6m 41s)

---------------  T H R E A D  ---------------

Current thread (0x000001e38fc78000):  JavaThread "C2 CompilerThread0" daemon [_thread_in_native, id=11080, stack(0x000000b11ae00000,0x000000b11af00000)]


Current CompileTask:
C2: 401423 17577       4       org.gradle.api.internal.artifacts.ivyservice.resolveengine.result.ResolvedVariantResultSerializer::write (150 bytes)

Stack: [0x000000b11ae00000,0x000000b11af00000]
Native frames: (J=compiled Java code, j=interpreted, Vv=VM code, C=native code)
V  [jvm.dll+0x64135a]
V  [jvm.dll+0x7d39f9]
V  [jvm.dll+0x7d51b9]
V  [jvm.dll+0x7d58a3]
V  [jvm.dll+0x2691c5]
V  [jvm.dll+0xc1a5c]
V  [jvm.dll+0xc200c]
V  [jvm.dll+0x377462]
V  [jvm.dll+0x342495]
V  [jvm.dll+0x34186a]
V  [jvm.dll+0x2214bd]
V  [jvm.dll+0x220498]
V  [jvm.dll+0x19e851]
V  [jvm.dll+0x230479]
V  [jvm.dll+0x22e5ef]
V  [jvm.dll+0x794de1]
V  [jvm.dll+0x78dc24]
V  [jvm.dll+0x6400f6]
C  [ucrtbase.dll+0x29363]
C  [KERNEL32.DLL+0x1269d]
C  [ntdll.dll+0x5a9f8]


---------------  P R O C E S S  ---------------

Threads class SMR info:
_java_thread_list=0x000001e39633e910, length=133, elements={
0x000001e3f4f01800, 0x000001e38f41c800, 0x000001e38f41f000, 0x000001e38f419800,
0x000001e38fc72800, 0x000001e38fc74800, 0x000001e38fc78000, 0x000001e38fc7b000,
0x000001e38fc7c800, 0x000001e38fde6000, 0x000001e3914fe800, 0x000001e390026800,
0x000001e392160800, 0x000001e391f5f800, 0x000001e391f5d000, 0x000001e391f5e000,
0x000001e391f5e800, 0x000001e391f60800, 0x000001e391f5c800, 0x000001e393196000,
0x000001e393192800, 0x000001e393190000, 0x000001e393193800, 0x000001e393191800,
0x000001e393195000, 0x000001e39369a800, 0x000001e393699000, 0x000001e39369f800,
0x000001e3936a0800, 0x000001e3977a4000, 0x000001e3977a6800, 0x000001e3928b3000,
0x000001e3928b2800, 0x000001e39201b000, 0x000001e392018000, 0x000001e392022800,
0x000001e39201d800, 0x000001e392023000, 0x000001e392020000, 0x000001e392021800,
0x000001e3928b4000, 0x000001e3928b5000, 0x000001e3928b5800, 0x000001e3928b6800,
0x000001e3928b0800, 0x000001e3928b7000, 0x000001e3928b1800, 0x000001e3928bb800,
0x000001e3928b9800, 0x000001e3928ba800, 0x000001e392014800, 0x000001e3928bc000,
0x000001e3928bd000, 0x000001e3928bd800, 0x000001e3928b8000, 0x000001e3928be800,
0x000001e3928b9000, 0x000001e3928bf800, 0x000001e3977a3000, 0x000001e3977a5000,
0x000001e3977a5800, 0x000001e3977a0000, 0x000001e3977a1800, 0x000001e3977a2800,
0x000001e3977a1000, 0x000001e3977aa000, 0x000001e3977ad000, 0x000001e3977ab800,
0x000001e3977aa800, 0x000001e3977ae000, 0x000001e3977a8000, 0x000001e3977ac000,
0x000001e3977ae800, 0x000001e3977a9000, 0x000001e39369b800, 0x000001e39369e000,
0x000001e393698800, 0x000001e39369f000, 0x000001e39369c800, 0x000001e39369a000,
0x000001e39369d000, 0x000001e3936a4800, 0x000001e3936a7000, 0x000001e3936a3000,
0x000001e3936a3800, 0x000001e3936a5800, 0x000001e3936a2000, 0x000001e3936a1800,
0x000001e3936a6000, 0x000001e39201a000, 0x000001e392018800, 0x000001e392015800,
0x000001e39201c000, 0x000001e392019800, 0x000001e392016000, 0x000001e392021000,
0x000001e39201c800, 0x000001e392024000, 0x000001e39201e800, 0x000001e39201f000,
0x000001e391f61000, 0x000001e391f62000, 0x000001e391f63000, 0x000001e393194000,
0x000001e39318f000, 0x000001e395fe4800, 0x000001e395fe5000, 0x000001e395fe2800,
0x000001e395fe1000, 0x000001e395fe3800, 0x000001e395fe2000, 0x000001e395fe6000,
0x000001e395fe0000, 0x000001e395fe6800, 0x000001e395fe7800, 0x000001e395fe9000,
0x000001e395fec800, 0x000001e395fea000, 0x000001e395feb800, 0x000001e395feb000,
0x000001e395fed000, 0x000001e395fe8800, 0x000001e395fee000, 0x000001e395fef000,
0x000001e399b30000, 0x000001e399b31800, 0x000001e399b35000, 0x000001e399b32800,
0x000001e399b2f000, 0x000001e399b33800, 0x000001e399b34000, 0x000001e399b36000,
0x000001e399b31000
}

Java Threads: ( => current thread )
  0x000001e3f4f01800 JavaThread "main" [_thread_blocked, id=20592, stack(0x000000b11a200000,0x000000b11a300000)]
  0x000001e38f41c800 JavaThread "Reference Handler" daemon [_thread_blocked, id=6668, stack(0x000000b11a900000,0x000000b11aa00000)]
  0x000001e38f41f000 JavaThread "Finalizer" daemon [_thread_blocked, id=13820, stack(0x000000b11aa00000,0x000000b11ab00000)]
  0x000001e38f419800 JavaThread "Signal Dispatcher" daemon [_thread_blocked, id=9868, stack(0x000000b11ab00000,0x000000b11ac00000)]
  0x000001e38fc72800 JavaThread "Attach Listener" daemon [_thread_blocked, id=23488, stack(0x000000b11ac00000,0x000000b11ad00000)]
  0x000001e38fc74800 JavaThread "Service Thread" daemon [_thread_blocked, id=11936, stack(0x000000b11ad00000,0x000000b11ae00000)]
=>0x000001e38fc78000 JavaThread "C2 CompilerThread0" daemon [_thread_in_native, id=11080, stack(0x000000b11ae00000,0x000000b11af00000)]
  0x000001e38fc7b000 JavaThread "C1 CompilerThread0" daemon [_thread_blocked, id=15724, stack(0x000000b11af00000,0x000000b11b000000)]
  0x000001e38fc7c800 JavaThread "Sweeper thread" daemon [_thread_blocked, id=11632, stack(0x000000b11b000000,0x000000b11b100000)]
  0x000001e38fde6000 JavaThread "Common-Cleaner" daemon [_thread_blocked, id=13488, stack(0x000000b11b100000,0x000000b11b200000)]
  0x000001e3914fe800 JavaThread "Daemon health stats" [_thread_blocked, id=14472, stack(0x000000b11b600000,0x000000b11b700000)]
  0x000001e390026800 JavaThread "Incoming local TCP Connector on port 60681" [_thread_in_native, id=18204, stack(0x000000b11b300000,0x000000b11b400000)]
  0x000001e392160800 JavaThread "Daemon periodic checks" [_thread_blocked, id=5956, stack(0x000000b11b700000,0x000000b11b800000)]
  0x000001e391f5f800 JavaThread "Cache worker for journal cache (C:\Users\LENOVO\.gradle\caches\journal-1)" [_thread_blocked, id=10900, stack(0x000000b11bf00000,0x000000b11c000000)]
  0x000001e391f5d000 JavaThread "File lock request listener" [_thread_in_native, id=19020, stack(0x000000b11c500000,0x000000b11c600000)]
  0x000001e391f5e000 JavaThread "Cache worker for file hash cache (C:\Users\LENOVO\.gradle\caches\7.5\fileHashes)" [_thread_blocked, id=15684, stack(0x000000b11c600000,0x000000b11c700000)]
  0x000001e391f5e800 JavaThread "File watcher server" daemon [_thread_in_native, id=17496, stack(0x000000b11c900000,0x000000b11ca00000)]
  0x000001e391f60800 JavaThread "File watcher consumer" daemon [_thread_blocked, id=21832, stack(0x000000b11ca00000,0x000000b11cb00000)]
  0x000001e391f5c800 JavaThread "Cache worker for file content cache (C:\Users\LENOVO\.gradle\caches\7.5\fileContent)" [_thread_blocked, id=23372, stack(0x000000b11cd00000,0x000000b11ce00000)]
  0x000001e393196000 JavaThread "Cache worker for execution history cache (C:\Users\LENOVO\.gradle\caches\7.5\executionHistory)" [_thread_blocked, id=5084, stack(0x000000b11d000000,0x000000b11d100000)]
  0x000001e393192800 JavaThread "jar transforms" [_thread_blocked, id=6164, stack(0x000000b11d100000,0x000000b11d200000)]
  0x000001e393190000 JavaThread "jar transforms Thread 2" [_thread_blocked, id=4536, stack(0x000000b11d200000,0x000000b11d300000)]
  0x000001e393193800 JavaThread "jar transforms Thread 3" [_thread_blocked, id=22912, stack(0x000000b11d300000,0x000000b11d400000)]
  0x000001e393191800 JavaThread "jar transforms Thread 4" [_thread_blocked, id=16828, stack(0x000000b11d400000,0x000000b11d500000)]
  0x000001e393195000 JavaThread "jar transforms Thread 5" [_thread_blocked, id=11588, stack(0x000000b11c800000,0x000000b11c900000)]
  0x000001e39369a800 JavaThread "jar transforms Thread 6" [_thread_blocked, id=22264, stack(0x000000b122800000,0x000000b122900000)]
  0x000001e393699000 JavaThread "jar transforms Thread 7" [_thread_blocked, id=12448, stack(0x000000b122900000,0x000000b122a00000)]
  0x000001e39369f800 JavaThread "jar transforms Thread 8" [_thread_blocked, id=10392, stack(0x000000b122a00000,0x000000b122b00000)]
  0x000001e3936a0800 JavaThread "Memory manager" [_thread_blocked, id=9628, stack(0x000000b122c00000,0x000000b122d00000)]
  0x000001e3977a4000 JavaThread "Daemon Thread 4" [_thread_blocked, id=15124, stack(0x000000b119f00000,0x000000b11a000000)]
  0x000001e3977a6800 JavaThread "Daemon worker Thread 4" [_thread_in_native, id=12916, stack(0x000000b11b800000,0x000000b11b900000)]
  0x000001e3928b3000 JavaThread "included builds" [_thread_blocked, id=12936, stack(0x000000b122700000,0x000000b122800000)]
  0x000001e3928b2800 JavaThread "Cache worker for Java compile cache (C:\Users\LENOVO\.gradle\caches\7.5\javaCompile)" [_thread_blocked, id=8432, stack(0x000000b123400000,0x000000b123500000)]
  0x000001e39201b000 JavaThread "ForkJoinPool.commonPool-worker-3" daemon [_thread_blocked, id=4000, stack(0x000000b124300000,0x000000b124400000)]
  0x000001e392018000 JavaThread "ForkJoinPool.commonPool-worker-5" daemon [_thread_blocked, id=15832, stack(0x000000b124600000,0x000000b124700000)]
  0x000001e392022800 JavaThread "ForkJoinPool.commonPool-worker-7" daemon [_thread_blocked, id=18132, stack(0x000000b124700000,0x000000b124800000)]
  0x000001e39201d800 JavaThread "ForkJoinPool.commonPool-worker-9" daemon [_thread_blocked, id=17344, stack(0x000000b124800000,0x000000b124900000)]
  0x000001e392023000 JavaThread "ForkJoinPool.commonPool-worker-11" daemon [_thread_blocked, id=9900, stack(0x000000b124900000,0x000000b124a00000)]
  0x000001e392020000 JavaThread "ForkJoinPool.commonPool-worker-13" daemon [_thread_blocked, id=1008, stack(0x000000b124a00000,0x000000b124b00000)]
  0x000001e392021800 JavaThread "ForkJoinPool.commonPool-worker-15" daemon [_thread_blocked, id=21476, stack(0x000000b124b00000,0x000000b124c00000)]
  0x000001e3928b4000 JavaThread "Handler for socket connection from /127.0.0.1:60681 to /127.0.0.1:61059" [_thread_in_native, id=19996, stack(0x000000b11a000000,0x000000b11a100000)]
  0x000001e3928b5000 JavaThread "Cancel handler" [_thread_blocked, id=21652, stack(0x000000b11a100000,0x000000b11a200000)]
  0x000001e3928b5800 JavaThread "Asynchronous log dispatcher for DefaultDaemonConnection: socket connection from /127.0.0.1:60681 to /127.0.0.1:61059" [_thread_blocked, id=14116, stack(0x000000b11b900000,0x000000b11ba00000)]
  0x000001e3928b6800 JavaThread "Stdin handler" [_thread_blocked, id=4160, stack(0x000000b11ba00000,0x000000b11bb00000)]
  0x000001e3928b0800 JavaThread "Daemon client event forwarder" [_thread_blocked, id=15436, stack(0x000000b11bb00000,0x000000b11bc00000)]
  0x000001e3928b7000 JavaThread "Cache worker for checksums cache (E:\ProjectKotlin\AppJava\.gradle\7.5\checksums)" [_thread_blocked, id=9800, stack(0x000000b11bc00000,0x000000b11bd00000)]
  0x000001e3928b1800 JavaThread "Cache worker for cache directory md-rule (C:\Users\LENOVO\.gradle\caches\7.5\md-rule)" [_thread_blocked, id=14156, stack(0x000000b11bd00000,0x000000b11be00000)]
  0x000001e3928bb800 JavaThread "Cache worker for file hash cache (E:\ProjectKotlin\AppJava\.gradle\7.5\fileHashes)" [_thread_blocked, id=8472, stack(0x000000b11be00000,0x000000b11bf00000)]
  0x000001e3928b9800 JavaThread "Cache worker for cache directory md-supplier (C:\Users\LENOVO\.gradle\caches\7.5\md-supplier)" [_thread_blocked, id=15556, stack(0x000000b11cc00000,0x000000b11cd00000)]
  0x000001e3928ba800 JavaThread "Cache worker for dependencies-accessors (E:\ProjectKotlin\AppJava\.gradle\7.5\dependencies-accessors)" [_thread_blocked, id=16672, stack(0x000000b11ce00000,0x000000b11cf00000)]
  0x000001e392014800 JavaThread "C2 CompilerThread1" daemon [_thread_in_native, id=4196, stack(0x000000b11cf00000,0x000000b11d000000)]
  0x000001e3928bc000 JavaThread "Cache worker for Build Output Cleanup Cache (E:\ProjectKotlin\AppJava\.gradle\buildOutputCleanup)" [_thread_blocked, id=17632, stack(0x000000b11d500000,0x000000b11d600000)]
  0x000001e3928bd000 JavaThread "Unconstrained build operations" [_thread_blocked, id=14800, stack(0x000000b11d600000,0x000000b11d700000)]
  0x000001e3928bd800 JavaThread "Unconstrained build operations Thread 2" [_thread_blocked, id=19360, stack(0x000000b11d700000,0x000000b11d800000)]
  0x000001e3928b8000 JavaThread "Unconstrained build operations Thread 3" [_thread_blocked, id=21288, stack(0x000000b11d800000,0x000000b11d900000)]
  0x000001e3928be800 JavaThread "Unconstrained build operations Thread 4" [_thread_blocked, id=16460, stack(0x000000b11d900000,0x000000b11da00000)]
  0x000001e3928b9000 JavaThread "Unconstrained build operations Thread 5" [_thread_blocked, id=13276, stack(0x000000b11da00000,0x000000b11db00000)]
  0x000001e3928bf800 JavaThread "Unconstrained build operations Thread 6" [_thread_blocked, id=17412, stack(0x000000b11db00000,0x000000b11dc00000)]
  0x000001e3977a3000 JavaThread "Unconstrained build operations Thread 7" [_thread_blocked, id=16392, stack(0x000000b11dc00000,0x000000b11dd00000)]
  0x000001e3977a5000 JavaThread "Unconstrained build operations Thread 8" [_thread_blocked, id=20232, stack(0x000000b11dd00000,0x000000b11de00000)]
  0x000001e3977a5800 JavaThread "Unconstrained build operations Thread 9" [_thread_blocked, id=8152, stack(0x000000b11de00000,0x000000b11df00000)]
  0x000001e3977a0000 JavaThread "Unconstrained build operations Thread 10" [_thread_blocked, id=13304, stack(0x000000b11df00000,0x000000b11e000000)]
  0x000001e3977a1800 JavaThread "Unconstrained build operations Thread 11" [_thread_blocked, id=14540, stack(0x000000b11e000000,0x000000b11e100000)]
  0x000001e3977a2800 JavaThread "Unconstrained build operations Thread 12" [_thread_blocked, id=22068, stack(0x000000b11e100000,0x000000b11e200000)]
  0x000001e3977a1000 JavaThread "Unconstrained build operations Thread 13" [_thread_blocked, id=4228, stack(0x000000b11e200000,0x000000b11e300000)]
  0x000001e3977aa000 JavaThread "Unconstrained build operations Thread 14" [_thread_blocked, id=10964, stack(0x000000b11e300000,0x000000b11e400000)]
  0x000001e3977ad000 JavaThread "Unconstrained build operations Thread 15" [_thread_blocked, id=21036, stack(0x000000b11e400000,0x000000b11e500000)]
  0x000001e3977ab800 JavaThread "Unconstrained build operations Thread 16" [_thread_blocked, id=20092, stack(0x000000b11e500000,0x000000b11e600000)]
  0x000001e3977aa800 JavaThread "Unconstrained build operations Thread 17" [_thread_blocked, id=23296, stack(0x000000b11e600000,0x000000b11e700000)]
  0x000001e3977ae000 JavaThread "Unconstrained build operations Thread 18" [_thread_blocked, id=7792, stack(0x000000b11e700000,0x000000b11e800000)]
  0x000001e3977a8000 JavaThread "Unconstrained build operations Thread 19" [_thread_blocked, id=10548, stack(0x000000b11e800000,0x000000b11e900000)]
  0x000001e3977ac000 JavaThread "Unconstrained build operations Thread 20" [_thread_blocked, id=19496, stack(0x000000b11e900000,0x000000b11ea00000)]
  0x000001e3977ae800 JavaThread "Unconstrained build operations Thread 21" [_thread_blocked, id=12660, stack(0x000000b11ea00000,0x000000b11eb00000)]
  0x000001e3977a9000 JavaThread "Unconstrained build operations Thread 22" [_thread_blocked, id=23064, stack(0x000000b11eb00000,0x000000b11ec00000)]
  0x000001e39369b800 JavaThread "Unconstrained build operations Thread 23" [_thread_blocked, id=16892, stack(0x000000b11ec00000,0x000000b11ed00000)]
  0x000001e39369e000 JavaThread "Unconstrained build operations Thread 24" [_thread_blocked, id=8, stack(0x000000b11ed00000,0x000000b11ee00000)]
  0x000001e393698800 JavaThread "Unconstrained build operations Thread 25" [_thread_blocked, id=2660, stack(0x000000b11ee00000,0x000000b11ef00000)]
  0x000001e39369f000 JavaThread "Unconstrained build operations Thread 26" [_thread_blocked, id=20652, stack(0x000000b11ef00000,0x000000b11f000000)]
  0x000001e39369c800 JavaThread "Unconstrained build operations Thread 27" [_thread_blocked, id=9452, stack(0x000000b11f000000,0x000000b11f100000)]
  0x000001e39369a000 JavaThread "Unconstrained build operations Thread 28" [_thread_blocked, id=19468, stack(0x000000b11f100000,0x000000b11f200000)]
  0x000001e39369d000 JavaThread "Unconstrained build operations Thread 29" [_thread_blocked, id=2308, stack(0x000000b11f200000,0x000000b11f300000)]
  0x000001e3936a4800 JavaThread "Unconstrained build operations Thread 30" [_thread_blocked, id=20088, stack(0x000000b11f300000,0x000000b11f400000)]
  0x000001e3936a7000 JavaThread "Unconstrained build operations Thread 31" [_thread_blocked, id=13564, stack(0x000000b11f400000,0x000000b11f500000)]
  0x000001e3936a3000 JavaThread "Unconstrained build operations Thread 32" [_thread_blocked, id=13868, stack(0x000000b11f500000,0x000000b11f600000)]
  0x000001e3936a3800 JavaThread "Unconstrained build operations Thread 33" [_thread_blocked, id=3012, stack(0x000000b11f600000,0x000000b11f700000)]
  0x000001e3936a5800 JavaThread "Unconstrained build operations Thread 34" [_thread_blocked, id=14016, stack(0x000000b11f700000,0x000000b11f800000)]
  0x000001e3936a2000 JavaThread "Unconstrained build operations Thread 35" [_thread_blocked, id=12072, stack(0x000000b11f800000,0x000000b11f900000)]
  0x000001e3936a1800 JavaThread "Unconstrained build operations Thread 36" [_thread_blocked, id=6236, stack(0x000000b11f900000,0x000000b11fa00000)]
  0x000001e3936a6000 JavaThread "Unconstrained build operations Thread 37" [_thread_blocked, id=14132, stack(0x000000b11fa00000,0x000000b11fb00000)]
  0x000001e39201a000 JavaThread "Unconstrained build operations Thread 38" [_thread_blocked, id=11876, stack(0x000000b11fb00000,0x000000b11fc00000)]
  0x000001e392018800 JavaThread "Unconstrained build operations Thread 39" [_thread_blocked, id=21384, stack(0x000000b11fc00000,0x000000b11fd00000)]
  0x000001e392015800 JavaThread "Unconstrained build operations Thread 40" [_thread_blocked, id=15988, stack(0x000000b11fd00000,0x000000b11fe00000)]
  0x000001e39201c000 JavaThread "Unconstrained build operations Thread 41" [_thread_blocked, id=16352, stack(0x000000b11fe00000,0x000000b11ff00000)]
  0x000001e392019800 JavaThread "Unconstrained build operations Thread 42" [_thread_blocked, id=20200, stack(0x000000b11ff00000,0x000000b120000000)]
  0x000001e392016000 JavaThread "Unconstrained build operations Thread 43" [_thread_blocked, id=21780, stack(0x000000b120000000,0x000000b120100000)]
  0x000001e392021000 JavaThread "Unconstrained build operations Thread 44" [_thread_blocked, id=22920, stack(0x000000b120100000,0x000000b120200000)]
  0x000001e39201c800 JavaThread "Unconstrained build operations Thread 45" [_thread_blocked, id=18264, stack(0x000000b120200000,0x000000b120300000)]
  0x000001e392024000 JavaThread "Unconstrained build operations Thread 46" [_thread_blocked, id=11436, stack(0x000000b120300000,0x000000b120400000)]
  0x000001e39201e800 JavaThread "Unconstrained build operations Thread 47" [_thread_blocked, id=8516, stack(0x000000b120400000,0x000000b120500000)]
  0x000001e39201f000 JavaThread "Unconstrained build operations Thread 48" [_thread_blocked, id=14964, stack(0x000000b120500000,0x000000b120600000)]
  0x000001e391f61000 JavaThread "Unconstrained build operations Thread 49" [_thread_blocked, id=3556, stack(0x000000b120600000,0x000000b120700000)]
  0x000001e391f62000 JavaThread "Unconstrained build operations Thread 50" [_thread_blocked, id=9052, stack(0x000000b120700000,0x000000b120800000)]
  0x000001e391f63000 JavaThread "Unconstrained build operations Thread 51" [_thread_blocked, id=21732, stack(0x000000b120800000,0x000000b120900000)]
  0x000001e393194000 JavaThread "Unconstrained build operations Thread 52" [_thread_blocked, id=6212, stack(0x000000b120900000,0x000000b120a00000)]
  0x000001e39318f000 JavaThread "Unconstrained build operations Thread 53" [_thread_blocked, id=15196, stack(0x000000b120a00000,0x000000b120b00000)]
  0x000001e395fe4800 JavaThread "Unconstrained build operations Thread 54" [_thread_blocked, id=13732, stack(0x000000b120b00000,0x000000b120c00000)]
  0x000001e395fe5000 JavaThread "Unconstrained build operations Thread 55" [_thread_blocked, id=18312, stack(0x000000b120c00000,0x000000b120d00000)]
  0x000001e395fe2800 JavaThread "Unconstrained build operations Thread 56" [_thread_blocked, id=20348, stack(0x000000b120d00000,0x000000b120e00000)]
  0x000001e395fe1000 JavaThread "Unconstrained build operations Thread 57" [_thread_blocked, id=6732, stack(0x000000b120e00000,0x000000b120f00000)]
  0x000001e395fe3800 JavaThread "Unconstrained build operations Thread 58" [_thread_blocked, id=10972, stack(0x000000b120f00000,0x000000b121000000)]
  0x000001e395fe2000 JavaThread "Unconstrained build operations Thread 59" [_thread_blocked, id=11924, stack(0x000000b121000000,0x000000b121100000)]
  0x000001e395fe6000 JavaThread "Unconstrained build operations Thread 60" [_thread_blocked, id=11324, stack(0x000000b121100000,0x000000b121200000)]
  0x000001e395fe0000 JavaThread "Unconstrained build operations Thread 61" [_thread_blocked, id=18244, stack(0x000000b121200000,0x000000b121300000)]
  0x000001e395fe6800 JavaThread "Unconstrained build operations Thread 62" [_thread_blocked, id=19652, stack(0x000000b121300000,0x000000b121400000)]
  0x000001e395fe7800 JavaThread "Unconstrained build operations Thread 63" [_thread_blocked, id=13768, stack(0x000000b121400000,0x000000b121500000)]
  0x000001e395fe9000 JavaThread "Unconstrained build operations Thread 64" [_thread_blocked, id=13440, stack(0x000000b121500000,0x000000b121600000)]
  0x000001e395fec800 JavaThread "Unconstrained build operations Thread 65" [_thread_blocked, id=14820, stack(0x000000b121600000,0x000000b121700000)]
  0x000001e395fea000 JavaThread "Unconstrained build operations Thread 66" [_thread_blocked, id=16052, stack(0x000000b121700000,0x000000b121800000)]
  0x000001e395feb800 JavaThread "Unconstrained build operations Thread 67" [_thread_blocked, id=23072, stack(0x000000b121800000,0x000000b121900000)]
  0x000001e395feb000 JavaThread "Unconstrained build operations Thread 68" [_thread_blocked, id=15712, stack(0x000000b121900000,0x000000b121a00000)]
  0x000001e395fed000 JavaThread "Unconstrained build operations Thread 69" [_thread_blocked, id=20468, stack(0x000000b121a00000,0x000000b121b00000)]
  0x000001e395fe8800 JavaThread "Unconstrained build operations Thread 70" [_thread_blocked, id=17068, stack(0x000000b121b00000,0x000000b121c00000)]
  0x000001e395fee000 JavaThread "Unconstrained build operations Thread 71" [_thread_blocked, id=20240, stack(0x000000b121c00000,0x000000b121d00000)]
  0x000001e395fef000 JavaThread "Unconstrained build operations Thread 72" [_thread_blocked, id=12792, stack(0x000000b121d00000,0x000000b121e00000)]
  0x000001e399b30000 JavaThread "Unconstrained build operations Thread 73" [_thread_blocked, id=19304, stack(0x000000b121e00000,0x000000b121f00000)]
  0x000001e399b31800 JavaThread "Unconstrained build operations Thread 74" [_thread_blocked, id=6932, stack(0x000000b121f00000,0x000000b122000000)]
  0x000001e399b35000 JavaThread "Unconstrained build operations Thread 75" [_thread_blocked, id=20504, stack(0x000000b122000000,0x000000b122100000)]
  0x000001e399b32800 JavaThread "Unconstrained build operations Thread 76" [_thread_blocked, id=20952, stack(0x000000b122100000,0x000000b122200000)]
  0x000001e399b2f000 JavaThread "Unconstrained build operations Thread 77" [_thread_blocked, id=8572, stack(0x000000b122200000,0x000000b122300000)]
  0x000001e399b33800 JavaThread "Unconstrained build operations Thread 78" [_thread_blocked, id=1676, stack(0x000000b122300000,0x000000b122400000)]
  0x000001e399b34000 JavaThread "Unconstrained build operations Thread 79" [_thread_blocked, id=21220, stack(0x000000b122400000,0x000000b122500000)]
  0x000001e399b36000 JavaThread "Unconstrained build operations Thread 80" [_thread_blocked, id=16552, stack(0x000000b122500000,0x000000b122600000)]
  0x000001e399b31000 JavaThread "build event listener" [_thread_blocked, id=22188, stack(0x000000b122600000,0x000000b122700000)]

Other Threads:
  0x000001e38f408000 VMThread "VM Thread" [stack: 0x000000b11a800000,0x000000b11a900000] [id=15464]
  0x000001e38fdf3000 WatcherThread [stack: 0x000000b11b200000,0x000000b11b300000] [id=21588]
  0x000001e3f4f1d000 GCTaskThread "GC Thread#0" [stack: 0x000000b11a300000,0x000000b11a400000] [id=19700]
  0x000001e39161d800 GCTaskThread "GC Thread#1" [stack: 0x000000b11b400000,0x000000b11b500000] [id=20620]
  0x000001e39115b000 GCTaskThread "GC Thread#2" [stack: 0x000000b11b500000,0x000000b11b600000] [id=18940]
  0x000001e391006000 GCTaskThread "GC Thread#3" [stack: 0x000000b11c000000,0x000000b11c100000] [id=9948]
  0x000001e3928b0000 GCTaskThread "GC Thread#4" [stack: 0x000000b11c100000,0x000000b11c200000] [id=22028]
  0x000001e392172000 GCTaskThread "GC Thread#5" [stack: 0x000000b11c200000,0x000000b11c300000] [id=21456]
  0x000001e392058000 GCTaskThread "GC Thread#6" [stack: 0x000000b11c300000,0x000000b11c400000] [id=2400]
  0x000001e391e43800 GCTaskThread "GC Thread#7" [stack: 0x000000b11c400000,0x000000b11c500000] [id=5552]
  0x000001e3f4f50800 ConcurrentGCThread "G1 Main Marker" [stack: 0x000000b11a400000,0x000000b11a500000] [id=19336]
  0x000001e3f4f52800 ConcurrentGCThread "G1 Conc#0" [stack: 0x000000b11a500000,0x000000b11a600000] [id=3432]
  0x000001e391b0f000 ConcurrentGCThread "G1 Conc#1" [stack: 0x000000b11c700000,0x000000b11c800000] [id=9472]
  0x000001e38f254800 ConcurrentGCThread "G1 Refine#0" [stack: 0x000000b11a600000,0x000000b11a700000] [id=18848]
  0x000001e39905d000 ConcurrentGCThread "G1 Refine#1" [stack: 0x000000b11cb00000,0x000000b11cc00000] [id=22148]
  0x000001e38f257800 ConcurrentGCThread "G1 Young RemSet Sampling" [stack: 0x000000b11a700000,0x000000b11a800000] [id=18036]

Threads with active compile tasks:
C2 CompilerThread0   401482 17577       4       org.gradle.api.internal.artifacts.ivyservice.resolveengine.result.ResolvedVariantResultSerializer::write (150 bytes)
C2 CompilerThread1   401482 17566  s    4       org.gradle.internal.component.external.model.AbstractLazyModuleComponentResolveMetadata::getConfiguration (44 bytes)

VM state:not at safepoint (normal execution)

VM Mutex/Monitor currently owned by a thread: None

Heap address: 0x0000000080000000, size: 2048 MB, Compressed Oops mode: 32-bit
Narrow klass base: 0x0000000000000000, Narrow klass shift: 3
Compressed class space size: 1073741824 Address: 0x0000000100000000

Heap:
 garbage-first heap   total 187392K, used 157962K [0x0000000080000000, 0x0000000100000000)
  region size 1024K, 36 young (36864K), 4 survivors (4096K)
 Metaspace       used 121457K, capacity 125230K, committed 125392K, reserved 1157120K
  class space    used 15755K, capacity 17206K, committed 17228K, reserved 1048576K
Heap Regions: E=young(eden), S=young(survivor), O=old, HS=humongous(starts), HC=humongous(continues), CS=collection set, F=free, A=archive, TAMS=top-at-mark-start (previous, next)
|   0|0x0000000080000000, 0x0000000080100000, 0x0000000080100000|100%| O|  |TAMS 0x0000000080100000, 0x0000000080000000| Complete 
|   1|0x0000000080100000, 0x0000000080200000, 0x0000000080200000|100%| O|  |TAMS 0x0000000080200000, 0x0000000080100000| Untracked 
|   2|0x0000000080200000, 0x0000000080300000, 0x0000000080300000|100%| O|  |TAMS 0x0000000080300000, 0x0000000080200000| Untracked 
|   3|0x0000000080300000, 0x0000000080400000, 0x0000000080400000|100%|HS|  |TAMS 0x0000000080400000, 0x0000000080300000| Complete 
|   4|0x0000000080400000, 0x0000000080500000, 0x0000000080500000|100%|HC|  |TAMS 0x0000000080500000, 0x0000000080400000| Complete 
|   5|0x0000000080500000, 0x0000000080600000, 0x0000000080600000|100%|HC|  |TAMS 0x0000000080600000, 0x0000000080500000| Complete 
|   6|0x0000000080600000, 0x0000000080700000, 0x0000000080700000|100%| O|  |TAMS 0x0000000080700000, 0x0000000080600000| Untracked 
|   7|0x0000000080700000, 0x0000000080800000, 0x0000000080800000|100%| O|  |TAMS 0x0000000080800000, 0x0000000080700000| Untracked 
|   8|0x0000000080800000, 0x0000000080900000, 0x0000000080900000|100%| O|  |TAMS 0x0000000080900000, 0x0000000080800000| Untracked 
|   9|0x0000000080900000, 0x0000000080a00000, 0x0000000080a00000|100%| O|  |TAMS 0x0000000080a00000, 0x0000000080900000| Untracked 
|  10|0x0000000080a00000, 0x0000000080b00000, 0x0000000080b00000|100%| O|  |TAMS 0x0000000080b00000, 0x0000000080a00000| Complete 
|  11|0x0000000080b00000, 0x0000000080c00000, 0x0000000080c00000|100%| O|  |TAMS 0x0000000080c00000, 0x0000000080b00000| Untracked 
|  12|0x0000000080c00000, 0x0000000080d00000, 0x0000000080d00000|100%| O|  |TAMS 0x0000000080d00000, 0x0000000080c00000| Untracked 
|  13|0x0000000080d00000, 0x0000000080e00000, 0x0000000080e00000|100%| O|  |TAMS 0x0000000080e00000, 0x0000000080d00000| Complete 
|  14|0x0000000080e00000, 0x0000000080f00000, 0x0000000080f00000|100%| O|  |TAMS 0x0000000080f00000, 0x0000000080e00000| Untracked 
|  15|0x0000000080f00000, 0x0000000081000000, 0x0000000081000000|100%| O|  |TAMS 0x0000000081000000, 0x0000000080f00000| Untracked 
|  16|0x0000000081000000, 0x00000000810ffff8, 0x0000000081100000| 99%| O|  |TAMS 0x00000000810ffff8, 0x0000000081000000| Untracked 
|  17|0x0000000081100000, 0x0000000081200000, 0x0000000081200000|100%| O|  |TAMS 0x0000000081200000, 0x0000000081100000| Untracked 
|  18|0x0000000081200000, 0x0000000081300000, 0x0000000081300000|100%| O|  |TAMS 0x0000000081300000, 0x0000000081200000| Untracked 
|  19|0x0000000081300000, 0x0000000081400000, 0x0000000081400000|100%| O|  |TAMS 0x0000000081400000, 0x0000000081300000| Complete 
|  20|0x0000000081400000, 0x0000000081500000, 0x0000000081500000|100%| O|  |TAMS 0x0000000081500000, 0x0000000081400000| Untracked 
|  21|0x0000000081500000, 0x0000000081600000, 0x0000000081600000|100%| O|  |TAMS 0x0000000081600000, 0x0000000081500000| Complete 
|  22|0x0000000081600000, 0x0000000081700000, 0x0000000081700000|100%| O|  |TAMS 0x0000000081700000, 0x0000000081600000| Complete 
|  23|0x0000000081700000, 0x0000000081800000, 0x0000000081800000|100%|HS|  |TAMS 0x0000000081800000, 0x0000000081700000| Complete 
|  24|0x0000000081800000, 0x0000000081900000, 0x0000000081900000|100%| O|  |TAMS 0x0000000081900000, 0x0000000081800000| Untracked 
|  25|0x0000000081900000, 0x0000000081a00000, 0x0000000081a00000|100%| O|  |TAMS 0x0000000081a00000, 0x0000000081900000| Untracked 
|  26|0x0000000081a00000, 0x0000000081b00000, 0x0000000081b00000|100%| O|  |TAMS 0x0000000081b00000, 0x0000000081a00000| Untracked 
|  27|0x0000000081b00000, 0x0000000081c00000, 0x0000000081c00000|100%| O|  |TAMS 0x0000000081c00000, 0x0000000081b00000| Complete 
|  28|0x0000000081c00000, 0x0000000081d00000, 0x0000000081d00000|100%|HS|  |TAMS 0x0000000081d00000, 0x0000000081c00000| Complete 
|  29|0x0000000081d00000, 0x0000000081e00000, 0x0000000081e00000|100%|HC|  |TAMS 0x0000000081e00000, 0x0000000081d00000| Complete 
|  30|0x0000000081e00000, 0x0000000081f00000, 0x0000000081f00000|100%|HS|  |TAMS 0x0000000081f00000, 0x0000000081e00000| Complete 
|  31|0x0000000081f00000, 0x0000000082000000, 0x0000000082000000|100%|HS|  |TAMS 0x0000000082000000, 0x0000000081f00000| Complete 
|  32|0x0000000082000000, 0x0000000082100000, 0x0000000082100000|100%|HC|  |TAMS 0x0000000082100000, 0x0000000082000000| Complete 
|  33|0x0000000082100000, 0x0000000082200000, 0x0000000082200000|100%|HC|  |TAMS 0x0000000082200000, 0x0000000082100000| Complete 
|  34|0x0000000082200000, 0x0000000082300000, 0x0000000082300000|100%|HC|  |TAMS 0x0000000082300000, 0x0000000082200000| Complete 
|  35|0x0000000082300000, 0x0000000082400000, 0x0000000082400000|100%| O|  |TAMS 0x0000000082400000, 0x0000000082300000| Untracked 
|  36|0x0000000082400000, 0x0000000082500000, 0x0000000082500000|100%| O|  |TAMS 0x0000000082500000, 0x0000000082400000| Untracked 
|  37|0x0000000082500000, 0x0000000082600000, 0x0000000082600000|100%| O|  |TAMS 0x0000000082600000, 0x0000000082500000| Untracked 
|  38|0x0000000082600000, 0x0000000082700000, 0x0000000082700000|100%| O|  |TAMS 0x0000000082700000, 0x0000000082600000| Complete 
|  39|0x0000000082700000, 0x0000000082800000, 0x0000000082800000|100%| O|  |TAMS 0x0000000082800000, 0x0000000082700000| Complete 
|  40|0x0000000082800000, 0x0000000082900000, 0x0000000082900000|100%| O|  |TAMS 0x0000000082900000, 0x0000000082800000| Untracked 
|  41|0x0000000082900000, 0x0000000082a00000, 0x0000000082a00000|100%| O|  |TAMS 0x0000000082a00000, 0x0000000082900000| Untracked 
|  42|0x0000000082a00000, 0x0000000082b00000, 0x0000000082b00000|100%| O|  |TAMS 0x0000000082b00000, 0x0000000082a00000| Untracked 
|  43|0x0000000082b00000, 0x0000000082c00000, 0x0000000082c00000|100%| O|  |TAMS 0x0000000082c00000, 0x0000000082b00000| Untracked 
|  44|0x0000000082c00000, 0x0000000082d00000, 0x0000000082d00000|100%| O|  |TAMS 0x0000000082d00000, 0x0000000082c00000| Untracked 
|  45|0x0000000082d00000, 0x0000000082e00000, 0x0000000082e00000|100%| O|  |TAMS 0x0000000082e00000, 0x0000000082d00000| Untracked 
|  46|0x0000000082e00000, 0x0000000082f00000, 0x0000000082f00000|100%| O|  |TAMS 0x0000000082f00000, 0x0000000082e00000| Complete 
|  47|0x0000000082f00000, 0x0000000083000000, 0x0000000083000000|100%| O|  |TAMS 0x0000000083000000, 0x0000000082f00000| Complete 
|  48|0x0000000083000000, 0x0000000083100000, 0x0000000083100000|100%| O|  |TAMS 0x0000000083100000, 0x0000000083000000| Complete 
|  49|0x0000000083100000, 0x0000000083200000, 0x0000000083200000|100%| O|  |TAMS 0x0000000083200000, 0x0000000083100000| Complete 
|  50|0x0000000083200000, 0x0000000083300000, 0x0000000083300000|100%| O|  |TAMS 0x0000000083300000, 0x0000000083200000| Complete 
|  51|0x0000000083300000, 0x0000000083400000, 0x0000000083400000|100%| O|  |TAMS 0x0000000083400000, 0x0000000083300000| Untracked 
|  52|0x0000000083400000, 0x0000000083500000, 0x0000000083500000|100%| O|  |TAMS 0x0000000083500000, 0x0000000083400000| Untracked 
|  53|0x0000000083500000, 0x0000000083600000, 0x0000000083600000|100%| O|  |TAMS 0x0000000083600000, 0x0000000083500000| Untracked 
|  54|0x0000000083600000, 0x0000000083700000, 0x0000000083700000|100%| O|  |TAMS 0x0000000083700000, 0x0000000083600000| Untracked 
|  55|0x0000000083700000, 0x0000000083800000, 0x0000000083800000|100%| O|  |TAMS 0x0000000083800000, 0x0000000083700000| Untracked 
|  56|0x0000000083800000, 0x0000000083900000, 0x0000000083900000|100%| O|  |TAMS 0x0000000083900000, 0x0000000083800000| Untracked 
|  57|0x0000000083900000, 0x0000000083a00000, 0x0000000083a00000|100%| O|  |TAMS 0x0000000083a00000, 0x0000000083900000| Untracked 
|  58|0x0000000083a00000, 0x0000000083b00000, 0x0000000083b00000|100%| O|  |TAMS 0x0000000083b00000, 0x0000000083a00000| Complete 
|  59|0x0000000083b00000, 0x0000000083c00000, 0x0000000083c00000|100%| O|  |TAMS 0x0000000083c00000, 0x0000000083b00000| Untracked 
|  60|0x0000000083c00000, 0x0000000083d00000, 0x0000000083d00000|100%| O|  |TAMS 0x0000000083d00000, 0x0000000083c00000| Untracked 
|  61|0x0000000083d00000, 0x0000000083e00000, 0x0000000083e00000|100%| O|  |TAMS 0x0000000083e00000, 0x0000000083d00000| Complete 
|  62|0x0000000083e00000, 0x0000000083f00000, 0x0000000083f00000|100%| O|  |TAMS 0x0000000083f00000, 0x0000000083e00000| Complete 
|  63|0x0000000083f00000, 0x0000000084000000, 0x0000000084000000|100%| O|  |TAMS 0x0000000084000000, 0x0000000083f00000| Complete 
|  64|0x0000000084000000, 0x0000000084100000, 0x0000000084100000|100%| O|  |TAMS 0x0000000084100000, 0x0000000084000000| Complete 
|  65|0x0000000084100000, 0x0000000084200000, 0x0000000084200000|100%| O|  |TAMS 0x0000000084200000, 0x0000000084100000| Complete 
|  66|0x0000000084200000, 0x0000000084300000, 0x0000000084300000|100%| O|  |TAMS 0x0000000084300000, 0x0000000084200000| Untracked 
|  67|0x0000000084300000, 0x0000000084400000, 0x0000000084400000|100%| O|  |TAMS 0x0000000084400000, 0x0000000084300000| Complete 
|  68|0x0000000084400000, 0x0000000084500000, 0x0000000084500000|100%| O|  |TAMS 0x0000000084500000, 0x0000000084400000| Complete 
|  69|0x0000000084500000, 0x0000000084600000, 0x0000000084600000|100%| O|  |TAMS 0x0000000084600000, 0x0000000084500000| Untracked 
|  70|0x0000000084600000, 0x0000000084700000, 0x0000000084700000|100%| O|  |TAMS 0x0000000084700000, 0x0000000084600000| Complete 
|  71|0x0000000084700000, 0x0000000084800000, 0x0000000084800000|100%| O|  |TAMS 0x0000000084800000, 0x0000000084700000| Untracked 
|  72|0x0000000084800000, 0x0000000084900000, 0x0000000084900000|100%| O|  |TAMS 0x0000000084900000, 0x0000000084800000| Complete 
|  73|0x0000000084900000, 0x0000000084a00000, 0x0000000084a00000|100%| O|  |TAMS 0x0000000084a00000, 0x0000000084900000| Untracked 
|  74|0x0000000084a00000, 0x0000000084b00000, 0x0000000084b00000|100%| O|  |TAMS 0x0000000084b00000, 0x0000000084a00000| Untracked 
|  75|0x0000000084b00000, 0x0000000084c00000, 0x0000000084c00000|100%| O|  |TAMS 0x0000000084c00000, 0x0000000084b00000| Untracked 
|  76|0x0000000084c00000, 0x0000000084d00000, 0x0000000084d00000|100%| O|  |TAMS 0x0000000084d00000, 0x0000000084c00000| Untracked 
|  77|0x0000000084d00000, 0x0000000084e00000, 0x0000000084e00000|100%| O|  |TAMS 0x0000000084e00000, 0x0000000084d00000| Untracked 
|  78|0x0000000084e00000, 0x0000000084f00000, 0x0000000084f00000|100%| O|  |TAMS 0x0000000084f00000, 0x0000000084e00000| Complete 
|  79|0x0000000084f00000, 0x0000000085000000, 0x0000000085000000|100%| O|  |TAMS 0x0000000085000000, 0x0000000084f00000| Untracked 
|  80|0x0000000085000000, 0x00000000850daa00, 0x0000000085100000| 85%| O|  |TAMS 0x00000000850daa00, 0x0000000085000000| Untracked 
|  81|0x0000000085100000, 0x0000000085200000, 0x0000000085200000|100%| O|  |TAMS 0x0000000085200000, 0x0000000085100000| Complete 
|  82|0x0000000085200000, 0x0000000085300000, 0x0000000085300000|100%| O|  |TAMS 0x0000000085300000, 0x0000000085200000| Untracked 
|  83|0x0000000085300000, 0x0000000085400000, 0x0000000085400000|100%| O|  |TAMS 0x0000000085400000, 0x0000000085300000| Complete 
|  84|0x0000000085400000, 0x0000000085500000, 0x0000000085500000|100%| O|  |TAMS 0x0000000085500000, 0x0000000085400000| Complete 
|  85|0x0000000085500000, 0x0000000085600000, 0x0000000085600000|100%| O|  |TAMS 0x0000000085600000, 0x0000000085500000| Untracked 
|  86|0x0000000085600000, 0x0000000085700000, 0x0000000085700000|100%| O|  |TAMS 0x0000000085700000, 0x0000000085600000| Untracked 
|  87|0x0000000085700000, 0x0000000085800000, 0x0000000085800000|100%| O|  |TAMS 0x0000000085800000, 0x0000000085700000| Untracked 
|  88|0x0000000085800000, 0x0000000085900000, 0x0000000085900000|100%| O|  |TAMS 0x0000000085900000, 0x0000000085800000| Untracked 
|  89|0x0000000085900000, 0x0000000085a00000, 0x0000000085a00000|100%| O|  |TAMS 0x0000000085a00000, 0x0000000085900000| Complete 
|  90|0x0000000085a00000, 0x0000000085b00000, 0x0000000085b00000|100%|HS|  |TAMS 0x0000000085a00000, 0x0000000085a00000| Complete 
|  91|0x0000000085b00000, 0x0000000085c00000, 0x0000000085c00000|100%| O|  |TAMS 0x0000000085c00000, 0x0000000085b00000| Untracked 
|  92|0x0000000085c00000, 0x0000000085d00000, 0x0000000085d00000|100%| O|  |TAMS 0x0000000085d00000, 0x0000000085c00000| Untracked 
|  93|0x0000000085d00000, 0x0000000085e00000, 0x0000000085e00000|100%| O|  |TAMS 0x0000000085e00000, 0x0000000085d00000| Untracked 
|  94|0x0000000085e00000, 0x0000000085f00000, 0x0000000085f00000|100%| O|  |TAMS 0x0000000085f00000, 0x0000000085e00000| Untracked 
|  95|0x0000000085f00000, 0x0000000086000000, 0x0000000086000000|100%| O|  |TAMS 0x0000000086000000, 0x0000000085f00000| Complete 
|  96|0x0000000086000000, 0x0000000086000000, 0x0000000086100000|  0%| F|  |TAMS 0x0000000086000000, 0x0000000086000000| Untracked 
|  97|0x0000000086100000, 0x0000000086200000, 0x0000000086200000|100%| O|  |TAMS 0x0000000086200000, 0x0000000086100000| Untracked 
|  98|0x0000000086200000, 0x0000000086300000, 0x0000000086300000|100%| O|  |TAMS 0x0000000086300000, 0x0000000086200000| Complete 
|  99|0x0000000086300000, 0x0000000086400000, 0x0000000086400000|100%| O|  |TAMS 0x0000000086400000, 0x0000000086300000| Untracked 
| 100|0x0000000086400000, 0x0000000086500000, 0x0000000086500000|100%|HS|  |TAMS 0x0000000086400000, 0x0000000086400000| Complete 
| 101|0x0000000086500000, 0x0000000086600000, 0x0000000086600000|100%|HC|  |TAMS 0x0000000086500000, 0x0000000086500000| Complete 
| 102|0x0000000086600000, 0x0000000086700000, 0x0000000086700000|100%|HS|  |TAMS 0x0000000086600000, 0x0000000086600000| Complete 
| 103|0x0000000086700000, 0x0000000086800000, 0x0000000086800000|100%|HC|  |TAMS 0x0000000086700000, 0x0000000086700000| Complete 
| 104|0x0000000086800000, 0x0000000086900000, 0x0000000086900000|100%| O|  |TAMS 0x0000000086900000, 0x0000000086800000| Untracked 
| 105|0x0000000086900000, 0x0000000086a00000, 0x0000000086a00000|100%|HS|  |TAMS 0x0000000086900000, 0x0000000086900000| Complete 
| 106|0x0000000086a00000, 0x0000000086b00000, 0x0000000086b00000|100%|HC|  |TAMS 0x0000000086a00000, 0x0000000086a00000| Complete 
| 107|0x0000000086b00000, 0x0000000086c00000, 0x0000000086c00000|100%|HS|  |TAMS 0x0000000086b00000, 0x0000000086b00000| Complete 
| 108|0x0000000086c00000, 0x0000000086d00000, 0x0000000086d00000|100%|HC|  |TAMS 0x0000000086c00000, 0x0000000086c00000| Complete 
| 109|0x0000000086d00000, 0x0000000086e00000, 0x0000000086e00000|100%| O|  |TAMS 0x0000000086e00000, 0x0000000086d00000| Untracked 
| 110|0x0000000086e00000, 0x0000000086f00000, 0x0000000086f00000|100%| O|  |TAMS 0x0000000086f00000, 0x0000000086e00000| Untracked 
| 111|0x0000000086f00000, 0x0000000087000000, 0x0000000087000000|100%| O|  |TAMS 0x0000000087000000, 0x0000000086f00000| Untracked 
| 112|0x0000000087000000, 0x0000000087100000, 0x0000000087100000|100%| O|  |TAMS 0x0000000087100000, 0x0000000087000000| Untracked 
| 113|0x0000000087100000, 0x0000000087200000, 0x0000000087200000|100%| O|  |TAMS 0x0000000087200000, 0x0000000087100000| Untracked 
| 114|0x0000000087200000, 0x0000000087300000, 0x0000000087300000|100%| O|  |TAMS 0x0000000087300000, 0x0000000087200000| Untracked 
| 115|0x0000000087300000, 0x0000000087400000, 0x0000000087400000|100%| O|  |TAMS 0x0000000087400000, 0x0000000087300000| Untracked 
| 116|0x0000000087400000, 0x0000000087400000, 0x0000000087500000|  0%| F|  |TAMS 0x0000000087400000, 0x0000000087400000| Untracked 
| 117|0x0000000087500000, 0x0000000087600000, 0x0000000087600000|100%| O|  |TAMS 0x0000000087600000, 0x0000000087500000| Complete 
| 118|0x0000000087600000, 0x0000000087700000, 0x0000000087700000|100%|HS|  |TAMS 0x0000000087600000, 0x0000000087600000| Complete 
| 119|0x0000000087700000, 0x0000000087800000, 0x0000000087800000|100%|HC|  |TAMS 0x0000000087700000, 0x0000000087700000| Complete 
| 120|0x0000000087800000, 0x0000000087900000, 0x0000000087900000|100%|HS|  |TAMS 0x0000000087800000, 0x0000000087800000| Complete 
| 121|0x0000000087900000, 0x0000000087a00000, 0x0000000087a00000|100%|HC|  |TAMS 0x0000000087900000, 0x0000000087900000| Complete 
| 122|0x0000000087a00000, 0x0000000087b00000, 0x0000000087b00000|100%| O|  |TAMS 0x0000000087b00000, 0x0000000087a00000| Complete 
| 123|0x0000000087b00000, 0x0000000087b00000, 0x0000000087c00000|  0%| F|  |TAMS 0x0000000087b00000, 0x0000000087b00000| Untracked 
| 124|0x0000000087c00000, 0x0000000087c00000, 0x0000000087d00000|  0%| F|  |TAMS 0x0000000087c00000, 0x0000000087c00000| Untracked 
| 125|0x0000000087d00000, 0x0000000087d00000, 0x0000000087e00000|  0%| F|  |TAMS 0x0000000087d00000, 0x0000000087d00000| Untracked 
| 126|0x0000000087e00000, 0x0000000087e00000, 0x0000000087f00000|  0%| F|  |TAMS 0x0000000087e00000, 0x0000000087e00000| Untracked 
| 127|0x0000000087f00000, 0x0000000087f00000, 0x0000000088000000|  0%| F|  |TAMS 0x0000000087f00000, 0x0000000087f00000| Untracked 
| 128|0x0000000088000000, 0x0000000088000000, 0x0000000088100000|  0%| F|  |TAMS 0x0000000088000000, 0x0000000088000000| Untracked 
| 129|0x0000000088100000, 0x0000000088100000, 0x0000000088200000|  0%| F|  |TAMS 0x0000000088100000, 0x0000000088100000| Untracked 
| 130|0x0000000088200000, 0x0000000088200000, 0x0000000088300000|  0%| F|  |TAMS 0x0000000088200000, 0x0000000088200000| Untracked 
| 131|0x0000000088300000, 0x0000000088300000, 0x0000000088400000|  0%| F|  |TAMS 0x0000000088300000, 0x0000000088300000| Untracked 
| 132|0x0000000088400000, 0x0000000088400000, 0x0000000088500000|  0%| F|  |TAMS 0x0000000088400000, 0x0000000088400000| Untracked 
| 133|0x0000000088500000, 0x0000000088500000, 0x0000000088600000|  0%| F|  |TAMS 0x0000000088500000, 0x0000000088500000| Untracked 
| 134|0x0000000088600000, 0x0000000088600000, 0x0000000088700000|  0%| F|  |TAMS 0x0000000088600000, 0x0000000088600000| Untracked 
| 135|0x0000000088700000, 0x0000000088700000, 0x0000000088800000|  0%| F|  |TAMS 0x0000000088700000, 0x0000000088700000| Untracked 
| 136|0x0000000088800000, 0x0000000088800000, 0x0000000088900000|  0%| F|  |TAMS 0x0000000088800000, 0x0000000088800000| Untracked 
| 137|0x0000000088900000, 0x0000000088900000, 0x0000000088a00000|  0%| F|  |TAMS 0x0000000088900000, 0x0000000088900000| Untracked 
| 138|0x0000000088a00000, 0x0000000088a00000, 0x0000000088b00000|  0%| F|  |TAMS 0x0000000088a00000, 0x0000000088a00000| Untracked 
| 139|0x0000000088b00000, 0x0000000088b00000, 0x0000000088c00000|  0%| F|  |TAMS 0x0000000088b00000, 0x0000000088b00000| Untracked 
| 140|0x0000000088c00000, 0x0000000088c00000, 0x0000000088d00000|  0%| F|  |TAMS 0x0000000088c00000, 0x0000000088c00000| Untracked 
| 141|0x0000000088d00000, 0x0000000088d00000, 0x0000000088e00000|  0%| F|  |TAMS 0x0000000088d00000, 0x0000000088d00000| Untracked 
| 142|0x0000000088e00000, 0x0000000088e00000, 0x0000000088f00000|  0%| F|  |TAMS 0x0000000088e00000, 0x0000000088e00000| Untracked 
| 143|0x0000000088f00000, 0x0000000088f00000, 0x0000000089000000|  0%| F|  |TAMS 0x0000000088f00000, 0x0000000088f00000| Untracked 
| 144|0x0000000089000000, 0x0000000089000000, 0x0000000089100000|  0%| F|  |TAMS 0x0000000089000000, 0x0000000089000000| Untracked 
| 145|0x0000000089100000, 0x0000000089100000, 0x0000000089200000|  0%| F|  |TAMS 0x0000000089100000, 0x0000000089100000| Untracked 
| 146|0x0000000089200000, 0x0000000089200000, 0x0000000089300000|  0%| F|  |TAMS 0x0000000089200000, 0x0000000089200000| Untracked 
| 147|0x0000000089300000, 0x0000000089400000, 0x0000000089400000|100%| E|CS|TAMS 0x0000000089300000, 0x0000000089300000| Complete 
| 148|0x0000000089400000, 0x0000000089500000, 0x0000000089500000|100%| E|CS|TAMS 0x0000000089400000, 0x0000000089400000| Complete 
| 149|0x0000000089500000, 0x0000000089567fc0, 0x0000000089600000| 40%| E|CS|TAMS 0x0000000089500000, 0x0000000089500000| Complete 
| 150|0x0000000089600000, 0x0000000089700000, 0x0000000089700000|100%| E|CS|TAMS 0x0000000089600000, 0x0000000089600000| Complete 
| 151|0x0000000089700000, 0x0000000089800000, 0x0000000089800000|100%| E|CS|TAMS 0x0000000089700000, 0x0000000089700000| Complete 
| 152|0x0000000089800000, 0x0000000089900000, 0x0000000089900000|100%| E|CS|TAMS 0x0000000089800000, 0x0000000089800000| Complete 
| 153|0x0000000089900000, 0x0000000089a00000, 0x0000000089a00000|100%| E|CS|TAMS 0x0000000089900000, 0x0000000089900000| Complete 
| 154|0x0000000089a00000, 0x0000000089b00000, 0x0000000089b00000|100%| E|CS|TAMS 0x0000000089a00000, 0x0000000089a00000| Complete 
| 155|0x0000000089b00000, 0x0000000089c00000, 0x0000000089c00000|100%| E|CS|TAMS 0x0000000089b00000, 0x0000000089b00000| Complete 
| 156|0x0000000089c00000, 0x0000000089d00000, 0x0000000089d00000|100%| E|CS|TAMS 0x0000000089c00000, 0x0000000089c00000| Complete 
| 157|0x0000000089d00000, 0x0000000089e00000, 0x0000000089e00000|100%| E|CS|TAMS 0x0000000089d00000, 0x0000000089d00000| Complete 
| 158|0x0000000089e00000, 0x0000000089f00000, 0x0000000089f00000|100%| E|CS|TAMS 0x0000000089e00000, 0x0000000089e00000| Complete 
| 159|0x0000000089f00000, 0x000000008a000000, 0x000000008a000000|100%| E|CS|TAMS 0x0000000089f00000, 0x0000000089f00000| Complete 
| 160|0x000000008a000000, 0x000000008a100000, 0x000000008a100000|100%| E|CS|TAMS 0x000000008a000000, 0x000000008a000000| Complete 
| 161|0x000000008a100000, 0x000000008a200000, 0x000000008a200000|100%| E|CS|TAMS 0x000000008a100000, 0x000000008a100000| Complete 
| 162|0x000000008a200000, 0x000000008a300000, 0x000000008a300000|100%| E|CS|TAMS 0x000000008a200000, 0x000000008a200000| Complete 
| 163|0x000000008a300000, 0x000000008a400000, 0x000000008a400000|100%| E|CS|TAMS 0x000000008a300000, 0x000000008a300000| Complete 
| 164|0x000000008a400000, 0x000000008a500000, 0x000000008a500000|100%| E|CS|TAMS 0x000000008a400000, 0x000000008a400000| Complete 
| 165|0x000000008a500000, 0x000000008a600000, 0x000000008a600000|100%| E|CS|TAMS 0x000000008a500000, 0x000000008a500000| Complete 
| 166|0x000000008a600000, 0x000000008a700000, 0x000000008a700000|100%| E|CS|TAMS 0x000000008a600000, 0x000000008a600000| Complete 
| 167|0x000000008a700000, 0x000000008a800000, 0x000000008a800000|100%| E|CS|TAMS 0x000000008a700000, 0x000000008a700000| Complete 
| 168|0x000000008a800000, 0x000000008a900000, 0x000000008a900000|100%| E|CS|TAMS 0x000000008a800000, 0x000000008a800000| Complete 
| 169|0x000000008a900000, 0x000000008aa00000, 0x000000008aa00000|100%| E|CS|TAMS 0x000000008a900000, 0x000000008a900000| Complete 
| 170|0x000000008aa00000, 0x000000008ab00000, 0x000000008ab00000|100%| E|CS|TAMS 0x000000008aa00000, 0x000000008aa00000| Complete 
| 171|0x000000008ab00000, 0x000000008ac00000, 0x000000008ac00000|100%| E|CS|TAMS 0x000000008ab00000, 0x000000008ab00000| Complete 
| 172|0x000000008ac00000, 0x000000008ad00000, 0x000000008ad00000|100%| E|CS|TAMS 0x000000008ac00000, 0x000000008ac00000| Complete 
| 173|0x000000008ad00000, 0x000000008ae00000, 0x000000008ae00000|100%| E|CS|TAMS 0x000000008ad00000, 0x000000008ad00000| Complete 
| 174|0x000000008ae00000, 0x000000008af00000, 0x000000008af00000|100%| E|CS|TAMS 0x000000008ae00000, 0x000000008ae00000| Complete 
| 175|0x000000008af00000, 0x000000008b000000, 0x000000008b000000|100%| E|CS|TAMS 0x000000008af00000, 0x000000008af00000| Complete 
| 176|0x000000008b000000, 0x000000008b100000, 0x000000008b100000|100%| E|CS|TAMS 0x000000008b000000, 0x000000008b000000| Complete 
| 177|0x000000008b100000, 0x000000008b200000, 0x000000008b200000|100%| E|CS|TAMS 0x000000008b100000, 0x000000008b100000| Complete 
| 178|0x000000008b200000, 0x000000008b300000, 0x000000008b300000|100%| E|CS|TAMS 0x000000008b200000, 0x000000008b200000| Complete 
| 179|0x000000008b300000, 0x000000008b400000, 0x000000008b400000|100%| E|CS|TAMS 0x000000008b300000, 0x000000008b300000| Complete 
| 180|0x000000008b400000, 0x000000008b500000, 0x000000008b500000|100%| E|CS|TAMS 0x000000008b400000, 0x000000008b400000| Complete 
| 181|0x000000008b500000, 0x000000008b600000, 0x000000008b600000|100%| E|CS|TAMS 0x000000008b500000, 0x000000008b500000| Complete 
| 182|0x000000008b600000, 0x000000008b700000, 0x000000008b700000|100%| E|CS|TAMS 0x000000008b600000, 0x000000008b600000| Complete 

Card table byte_map: [0x000001e3f9150000,0x000001e3f9550000] _byte_map_base: 0x000001e3f8d50000

Marking Bits (Prev, Next): (CMBitMap*) 0x000001e3f4f47d00, (CMBitMap*) 0x000001e3f4f47cc8
 Prev Bits: [0x000001e3fb950000, 0x000001e3fd950000)
 Next Bits: [0x000001e3f9950000, 0x000001e3fb950000)

Polling page: 0x000001e3f2e70000

Metaspace:

Usage:
  Non-class:    105.49 MB capacity,   103.22 MB ( 98%) used,     1.82 MB (  2%) free+waste,   454.69 KB ( <1%) overhead. 
      Class:     16.80 MB capacity,    15.39 MB ( 92%) used,     1.21 MB (  7%) free+waste,   207.06 KB (  1%) overhead. 
       Both:    122.29 MB capacity,   118.61 MB ( 97%) used,     3.04 MB (  2%) free+waste,   661.75 KB ( <1%) overhead. 

Virtual space:
  Non-class space:      106.00 MB reserved,     105.63 MB (>99%) committed 
      Class space:        1.00 GB reserved,      16.82 MB (  2%) committed 
             Both:        1.10 GB reserved,     122.45 MB ( 11%) committed 

Chunk freelists:
   Non-Class:  12.00 KB
       Class:  10.00 KB
        Both:  22.00 KB

MaxMetaspaceSize: 17179869184.00 GB
CompressedClassSpaceSize: 1.00 GB
Initial GC threshold: 20.80 MB
Current GC threshold: 204.09 MB
CDS: off

CodeHeap 'non-profiled nmethods': size=120000Kb used=12172Kb max_used=12172Kb free=107827Kb
 bounds [0x000001e387ad0000, 0x000001e3886c0000, 0x000001e38f000000]
CodeHeap 'profiled nmethods': size=120000Kb used=37922Kb max_used=37922Kb free=82077Kb
 bounds [0x000001e3805a0000, 0x000001e382ab0000, 0x000001e387ad0000]
CodeHeap 'non-nmethods': size=5760Kb used=2461Kb max_used=2517Kb free=3298Kb
 bounds [0x000001e380000000, 0x000001e380290000, 0x000001e3805a0000]
 total_blobs=18368 nmethods=17386 adapters=893
 compilation: enabled
              stopped_count=0, restarted_count=0
 full_count=0

Compilation events (20 events):
Event: 401.298 Thread 0x000001e38fc7b000 17592       3       org.gradle.api.internal.artifacts.ivyservice.ivyresolve.CachingModuleComponentRepository::access$1200 (6 bytes)
Event: 401.298 Thread 0x000001e38fc7b000 nmethod 17592 0x000001e382a9f810 code [0x000001e382a9fa00, 0x000001e382a9fde8]
Event: 401.298 Thread 0x000001e38fc7b000 17593       3       org.gradle.api.internal.artifacts.ivyservice.ivyresolve.CachingModuleComponentRepository::artifactCacheKey (18 bytes)
Event: 401.299 Thread 0x000001e38fc7b000 nmethod 17593 0x000001e382a9ff90 code [0x000001e382aa0160, 0x000001e382aa0508]
Event: 401.299 Thread 0x000001e38fc7b000 17590       3       org.gradle.api.internal.artifacts.ivyservice.ivyresolve.CachingModuleComponentRepository$$Lambda$592/0x0000000100684840::get$Lambda (9 bytes)
Event: 401.299 Thread 0x000001e38fc7b000 nmethod 17590 0x000001e382aa0690 code [0x000001e382aa0860, 0x000001e382aa0ab8]
Event: 401.299 Thread 0x000001e38fc7b000 17591       3       org.gradle.api.internal.artifacts.ivyservice.ivyresolve.CachingModuleComponentRepository$$Lambda$592/0x0000000100684840::<init> (10 bytes)
Event: 401.299 Thread 0x000001e38fc7b000 nmethod 17591 0x000001e382aa0b90 code [0x000001e382aa0d40, 0x000001e382aa0ef8]
Event: 401.360 Thread 0x000001e38fc7b000 17599       3       com.google.common.cache.LocalCache$Segment::cleanUp (21 bytes)
Event: 401.361 Thread 0x000001e38fc7b000 nmethod 17599 0x000001e382aa0f90 code [0x000001e382aa11a0, 0x000001e382aa1668]
Event: 401.361 Thread 0x000001e38fc7b000 17600       3       org.gradle.api.internal.changedetection.state.DefaultResourceSnapshotterCacheService::hashFile (98 bytes)
Event: 401.364 Thread 0x000001e38fc7b000 nmethod 17600 0x000001e382aa1890 code [0x000001e382aa1c80, 0x000001e382aa39f8]
Event: 401.364 Thread 0x000001e38fc7b000 17601       3       java.util.AbstractList::equals (117 bytes)
Event: 401.367 Thread 0x000001e38fc7b000 nmethod 17601 0x000001e382aa4410 code [0x000001e382aa46a0, 0x000001e382aa5348]
Event: 401.370 Thread 0x000001e38fc7b000 17603   !   3       jdk.internal.reflect.GeneratedConstructorAccessor10::newInstance (61 bytes)
Event: 401.373 Thread 0x000001e38fc7b000 nmethod 17603 0x000001e382aa5610 code [0x000001e382aa58a0, 0x000001e382aa6568]
Event: 401.373 Thread 0x000001e38fc7b000 17604   !   3       jdk.internal.reflect.GeneratedConstructorAccessor11::newInstance (61 bytes)
Event: 401.374 Thread 0x000001e38fc7b000 nmethod 17604 0x000001e382aa6b10 code [0x000001e382aa6de0, 0x000001e382aa7ed8]
Event: 401.374 Thread 0x000001e38fc7b000 17606       3       java.lang.StringBuilder::charAt (6 bytes)
Event: 401.374 Thread 0x000001e38fc7b000 nmethod 17606 0x000001e382aa8590 code [0x000001e382aa8740, 0x000001e382aa8868]

GC Heap History (20 events):
Event: 349.851 GC heap before
{Heap before GC invocations=56 (full 0):
 garbage-first heap   total 155648K, used 132805K [0x0000000080000000, 0x0000000100000000)
  region size 1024K, 14 young (14336K), 2 survivors (2048K)
 Metaspace       used 102456K, capacity 105551K, committed 105680K, reserved 1140736K
  class space    used 12936K, capacity 14093K, committed 14156K, reserved 1048576K
}
Event: 349.858 GC heap after
{Heap after GC invocations=57 (full 0):
 garbage-first heap   total 155648K, used 122498K [0x0000000080000000, 0x0000000100000000)
  region size 1024K, 2 young (2048K), 2 survivors (2048K)
 Metaspace       used 102456K, capacity 105551K, committed 105680K, reserved 1140736K
  class space    used 12936K, capacity 14093K, committed 14156K, reserved 1048576K
}
Event: 350.208 GC heap before
{Heap before GC invocations=58 (full 0):
 garbage-first heap   total 155648K, used 131714K [0x0000000080000000, 0x0000000100000000)
  region size 1024K, 12 young (12288K), 2 survivors (2048K)
 Metaspace       used 102890K, capacity 106022K, committed 106320K, reserved 1140736K
  class space    used 12996K, capacity 14161K, committed 14284K, reserved 1048576K
}
Event: 350.217 GC heap after
{Heap after GC invocations=59 (full 0):
 garbage-first heap   total 155648K, used 123798K [0x0000000080000000, 0x0000000100000000)
  region size 1024K, 2 young (2048K), 2 survivors (2048K)
 Metaspace       used 102890K, capacity 106022K, committed 106320K, reserved 1140736K
  class space    used 12996K, capacity 14161K, committed 14284K, reserved 1048576K
}
Event: 350.245 GC heap before
{Heap before GC invocations=59 (full 0):
 garbage-first heap   total 155648K, used 128918K [0x0000000080000000, 0x0000000100000000)
  region size 1024K, 7 young (7168K), 2 survivors (2048K)
 Metaspace       used 102891K, capacity 106022K, committed 106320K, reserved 1140736K
  class space    used 12996K, capacity 14161K, committed 14284K, reserved 1048576K
}
Event: 350.252 GC heap after
{Heap after GC invocations=60 (full 0):
 garbage-first heap   total 155648K, used 123419K [0x0000000080000000, 0x0000000100000000)
  region size 1024K, 1 young (1024K), 1 survivors (1024K)
 Metaspace       used 102891K, capacity 106022K, committed 106320K, reserved 1140736K
  class space    used 12996K, capacity 14161K, committed 14284K, reserved 1048576K
}
Event: 350.504 GC heap before
{Heap before GC invocations=60 (full 0):
 garbage-first heap   total 155648K, used 133659K [0x0000000080000000, 0x0000000100000000)
  region size 1024K, 11 young (11264K), 1 survivors (1024K)
 Metaspace       used 103847K, capacity 107063K, committed 107216K, reserved 1142784K
  class space    used 13155K, capacity 14391K, committed 14412K, reserved 1048576K
}
Event: 350.512 GC heap after
{Heap after GC invocations=61 (full 0):
 garbage-first heap   total 187392K, used 123816K [0x0000000080000000, 0x0000000100000000)
  region size 1024K, 2 young (2048K), 2 survivors (2048K)
 Metaspace       used 103847K, capacity 107063K, committed 107216K, reserved 1142784K
  class space    used 13155K, capacity 14391K, committed 14412K, reserved 1048576K
}
Event: 351.300 GC heap before
{Heap before GC invocations=62 (full 0):
 garbage-first heap   total 187392K, used 144296K [0x0000000080000000, 0x0000000100000000)
  region size 1024K, 23 young (23552K), 2 survivors (2048K)
 Metaspace       used 108830K, capacity 112200K, committed 112336K, reserved 1146880K
  class space    used 13850K, capacity 15121K, committed 15180K, reserved 1048576K
}
Event: 351.305 GC heap after
{Heap after GC invocations=63 (full 0):
 garbage-first heap   total 187392K, used 124884K [0x0000000080000000, 0x0000000100000000)
  region size 1024K, 3 young (3072K), 3 survivors (3072K)
 Metaspace       used 108830K, capacity 112200K, committed 112336K, reserved 1146880K
  class space    used 13850K, capacity 15121K, committed 15180K, reserved 1048576K
}
Event: 351.461 GC heap before
{Heap before GC invocations=63 (full 0):
 garbage-first heap   total 187392K, used 131028K [0x0000000080000000, 0x0000000100000000)
  region size 1024K, 9 young (9216K), 3 survivors (3072K)
 Metaspace       used 110483K, capacity 113862K, committed 114128K, reserved 1148928K
  class space    used 14121K, capacity 15420K, committed 15436K, reserved 1048576K
}
Event: 351.469 GC heap after
{Heap after GC invocations=64 (full 0):
 garbage-first heap   total 187392K, used 109946K [0x0000000080000000, 0x0000000100000000)
  region size 1024K, 1 young (1024K), 1 survivors (1024K)
 Metaspace       used 110483K, capacity 113862K, committed 114128K, reserved 1148928K
  class space    used 14121K, capacity 15420K, committed 15436K, reserved 1048576K
}
Event: 352.312 GC heap before
{Heap before GC invocations=64 (full 0):
 garbage-first heap   total 187392K, used 138618K [0x0000000080000000, 0x0000000100000000)
  region size 1024K, 30 young (30720K), 1 survivors (1024K)
 Metaspace       used 116068K, capacity 119851K, committed 120144K, reserved 1153024K
  class space    used 15077K, capacity 16512K, committed 16588K, reserved 1048576K
}
Event: 352.318 GC heap after
{Heap after GC invocations=65 (full 0):
 garbage-first heap   total 187392K, used 111086K [0x0000000080000000, 0x0000000100000000)
  region size 1024K, 2 young (2048K), 2 survivors (2048K)
 Metaspace       used 116068K, capacity 119851K, committed 120144K, reserved 1153024K
  class space    used 15077K, capacity 16512K, committed 16588K, reserved 1048576K
}
Event: 352.725 GC heap before
{Heap before GC invocations=66 (full 0):
 garbage-first heap   total 187392K, used 142830K [0x0000000080000000, 0x0000000100000000)
  region size 1024K, 33 young (33792K), 2 survivors (2048K)
 Metaspace       used 118290K, capacity 122095K, committed 122192K, reserved 1155072K
  class space    used 15375K, capacity 16811K, committed 16844K, reserved 1048576K
}
Event: 352.729 GC heap after
{Heap after GC invocations=67 (full 0):
 garbage-first heap   total 187392K, used 111510K [0x0000000080000000, 0x0000000100000000)
  region size 1024K, 2 young (2048K), 2 survivors (2048K)
 Metaspace       used 118290K, capacity 122095K, committed 122192K, reserved 1155072K
  class space    used 15375K, capacity 16811K, committed 16844K, reserved 1048576K
}
Event: 352.783 GC heap before
{Heap before GC invocations=67 (full 0):
 garbage-first heap   total 187392K, used 118678K [0x0000000080000000, 0x0000000100000000)
  region size 1024K, 9 young (9216K), 2 survivors (2048K)
 Metaspace       used 118815K, capacity 122607K, committed 122832K, reserved 1155072K
  class space    used 15441K, capacity 16875K, committed 16972K, reserved 1048576K
}
Event: 352.787 GC heap after
{Heap after GC invocations=68 (full 0):
 garbage-first heap   total 187392K, used 111124K [0x0000000080000000, 0x0000000100000000)
  region size 1024K, 1 young (1024K), 1 survivors (1024K)
 Metaspace       used 118815K, capacity 122607K, committed 122832K, reserved 1155072K
  class space    used 15441K, capacity 16875K, committed 16972K, reserved 1048576K
}
Event: 353.516 GC heap before
{Heap before GC invocations=68 (full 0):
 garbage-first heap   total 187392K, used 139796K [0x0000000080000000, 0x0000000100000000)
  region size 1024K, 30 young (30720K), 1 survivors (1024K)
 Metaspace       used 121197K, capacity 124973K, committed 125136K, reserved 1157120K
  class space    used 15722K, capacity 17164K, committed 17228K, reserved 1048576K
}
Event: 353.522 GC heap after
{Heap after GC invocations=69 (full 0):
 garbage-first heap   total 187392K, used 113930K [0x0000000080000000, 0x0000000100000000)
  region size 1024K, 4 young (4096K), 4 survivors (4096K)
 Metaspace       used 121197K, capacity 124973K, committed 125136K, reserved 1157120K
  class space    used 15722K, capacity 17164K, committed 17228K, reserved 1048576K
}

Deoptimization events (20 events):
Event: 353.790 Thread 0x000001e392016000 DEOPT PACKING pc=0x000001e3818bbadc sp=0x000000b1241ff070
Event: 353.790 Thread 0x000001e39201c000 DEOPT PACKING pc=0x000001e3818bbadc sp=0x000000b1240fedb0
Event: 353.790 Thread 0x000001e392016000 DEOPT UNPACKING pc=0x000001e380049d0e sp=0x000000b1241fe638 mode 0
Event: 353.790 Thread 0x000001e39201c000 DEOPT UNPACKING pc=0x000001e380049d0e sp=0x000000b1240fe378 mode 0
Event: 353.823 Thread 0x000001e3977a6800 Uncommon trap: trap_request=0xffffffde fr.pc=0x000001e38849ce84 relative=0x00000000000005a4
Event: 353.823 Thread 0x000001e3977a6800 Uncommon trap: reason=class_check action=maybe_recompile pc=0x000001e38849ce84 method=com.google.common.collect.Sets$3$1.computeNext()Ljava/lang/Object; @ 4 c2
Event: 353.823 Thread 0x000001e3977a6800 DEOPT PACKING pc=0x000001e38849ce84 sp=0x000000b11b8fe480
Event: 353.823 Thread 0x000001e3977a6800 DEOPT UNPACKING pc=0x000001e3800085af sp=0x000000b11b8fe460 mode 2
Event: 353.824 Thread 0x000001e3977a6800 DEOPT PACKING pc=0x000001e3818bbadc sp=0x000000b11b8fe9b0
Event: 353.824 Thread 0x000001e3977a6800 DEOPT UNPACKING pc=0x000001e380049d0e sp=0x000000b11b8fdf80 mode 0
Event: 353.830 Thread 0x000001e3977a5000 DEOPT PACKING pc=0x000001e3818bbadc sp=0x000000b11a1ff030
Event: 353.830 Thread 0x000001e3977a5000 DEOPT UNPACKING pc=0x000001e380049d0e sp=0x000000b11a1fe600 mode 0
Event: 353.833 Thread 0x000001e3977a0000 DEOPT PACKING pc=0x000001e3818bbadc sp=0x000000b11a0ff1e0
Event: 353.833 Thread 0x000001e3977a0000 DEOPT UNPACKING pc=0x000001e380049d0e sp=0x000000b11a0fe7b0 mode 0
Event: 353.833 Thread 0x000001e3977a4000 DEOPT PACKING pc=0x000001e3818bbadc sp=0x000000b119ffeba0
Event: 353.833 Thread 0x000001e3977a4000 DEOPT UNPACKING pc=0x000001e380049d0e sp=0x000000b119ffe170 mode 0
Event: 400.522 Thread 0x000001e3977a6800 Uncommon trap: trap_request=0xffffffde fr.pc=0x000001e38849ce84 relative=0x00000000000005a4
Event: 400.523 Thread 0x000001e3977a6800 Uncommon trap: reason=class_check action=maybe_recompile pc=0x000001e38849ce84 method=com.google.common.collect.Sets$3$1.computeNext()Ljava/lang/Object; @ 4 c2
Event: 400.523 Thread 0x000001e3977a6800 DEOPT PACKING pc=0x000001e38849ce84 sp=0x000000b11b8fe5a0
Event: 400.524 Thread 0x000001e3977a6800 DEOPT UNPACKING pc=0x000001e3800085af sp=0x000000b11b8fe580 mode 2

Classes redefined (0 events):
No events

Internal exceptions (20 events):
Event: 351.778 Thread 0x000001e392015800 Exception <a 'java/lang/NoSuchMethodError'{0x000000008ac08a88}: 'java.lang.Object java.lang.invoke.Invokers$Holder.linkToTargetMethod(java.lang.Object, int, java.lang.Object, java.lang.Object, java.lang.Object, java.lang.Object)'> (0x000000008ac08a88) thrown at [src/hotspot/share/interpreter/linkResolver.cpp, line 773]
Event: 351.782 Thread 0x000001e392015800 Exception <a 'java/lang/NoSuchMethodError'{0x000000008ac26818}: 'void java.lang.invoke.DirectMethodHandle$Holder.invokeStatic(java.lang.Object, java.lang.Object, java.lang.Object, java.lang.Object, java.lang.Object, java.lang.Object, java.lang.Object, java.lang.Object)'> (0x000000008ac26818) thrown at [src/hotspot/share/interpreter/linkResolver.cpp, line 773]
Event: 351.871 Thread 0x000001e392015800 Exception <a 'java/lang/IncompatibleClassChangeError'{0x000000008aaa81a0}: Found class java.lang.Object, but interface was expected> (0x000000008aaa81a0) thrown at [src/hotspot/share/interpreter/linkResolver.cpp, line 839]
Event: 351.913 Thread 0x000001e392015800 Exception <a 'java/lang/NoSuchMethodError'{0x000000008a81ac50}: 'void java.lang.invoke.DirectMethodHandle$Holder.invokeSpecial(java.lang.Object, java.lang.Object, int)'> (0x000000008a81ac50) thrown at [src/hotspot/share/interpreter/linkResolver.cpp, line 773]
Event: 351.933 Thread 0x000001e392015800 Exception <a 'sun/nio/fs/WindowsException'{0x000000008a8a9700}> (0x000000008a8a9700) thrown at [src/hotspot/share/prims/jni.cpp, line 617]
Event: 351.986 Thread 0x000001e3928b0800 Exception <a 'java/lang/NoSuchMethodError'{0x000000008a68a7f0}: <clinit>> (0x000000008a68a7f0) thrown at [src/hotspot/share/prims/jni.cpp, line 1367]
Event: 352.088 Thread 0x000001e39201c800 Exception <a 'sun/nio/fs/WindowsException'{0x000000008a2765c0}> (0x000000008a2765c0) thrown at [src/hotspot/share/prims/jni.cpp, line 617]
Event: 352.210 Thread 0x000001e39201c800 Exception <a 'sun/nio/fs/WindowsException'{0x0000000089c1f518}> (0x0000000089c1f518) thrown at [src/hotspot/share/prims/jni.cpp, line 617]
Event: 352.966 Thread 0x000001e3928b0800 Exception <a 'java/lang/NoSuchMethodError'{0x000000008a8bb9a0}: <clinit>> (0x000000008a8bb9a0) thrown at [src/hotspot/share/prims/jni.cpp, line 1367]
Event: 352.967 Thread 0x000001e3928b0800 Exception <a 'java/lang/NoSuchMethodError'{0x000000008a8ce140}: <clinit>> (0x000000008a8ce140) thrown at [src/hotspot/share/prims/jni.cpp, line 1367]
Event: 353.082 Thread 0x000001e39201c000 Exception <a 'sun/nio/fs/WindowsException'{0x000000008a5e4be8}> (0x000000008a5e4be8) thrown at [src/hotspot/share/prims/jni.cpp, line 617]
Event: 353.220 Thread 0x000001e39201c000 Exception <a 'java/lang/NoSuchMethodError'{0x000000008a49ce08}: 'java.lang.Object java.lang.invoke.DirectMethodHandle$Holder.invokeStatic(java.lang.Object, java.lang.Object, java.lang.Object, java.lang.Object, java.lang.Object, int, java.lang.Object)'> (0x000000008a49ce08) thrown at [src/hotspot/share/interpreter/linkResolver.cpp, line 773]
Event: 353.221 Thread 0x000001e39201c000 Exception <a 'java/lang/NoSuchMethodError'{0x000000008a4a4340}: 'java.lang.Object java.lang.invoke.Invokers$Holder.linkToTargetMethod(java.lang.Object, java.lang.Object, java.lang.Object, java.lang.Object, int, java.lang.Object, java.lang.Object)'> (0x000000008a4a4340) thrown at [src/hotspot/share/interpreter/linkResolver.cpp, line 773]
Event: 353.334 Thread 0x000001e39201c000 Exception <a 'java/lang/NoSuchMethodError'{0x000000008a0ac4b0}: 'java.lang.Object java.lang.invoke.DirectMethodHandle$Holder.invokeStatic(java.lang.Object, java.lang.Object, java.lang.Object, java.lang.Object, java.lang.Object, java.lang.Object, java.lang.Object, int)'> (0x000000008a0ac4b0) thrown at [src/hotspot/share/interpreter/linkResolver.cpp, line 773]
Event: 353.334 Thread 0x000001e39201c000 Exception <a 'java/lang/NoSuchMethodError'{0x000000008a0b0d38}: 'java.lang.Object java.lang.invoke.DirectMethodHandle$Holder.invokeSpecial(java.lang.Object, java.lang.Object, java.lang.Object, java.lang.Object, java.lang.Object, java.lang.Object, java.lang.Object, java.lang.Object, int)'> (0x000000008a0b0d38) thrown at [src/hotspot/share/interpreter/linkResolver.cpp, line 773]
Event: 353.334 Thread 0x000001e39201c000 Exception <a 'java/lang/NoSuchMethodError'{0x000000008a0b4f08}: 'java.lang.Object java.lang.invoke.Invokers$Holder.linkToTargetMethod(java.lang.Object, java.lang.Object, java.lang.Object, java.lang.Object, java.lang.Object, java.lang.Object, int, java.lang.Object)'> (0x000000008a0b4f08) thrown at [src/hotspot/share/interpreter/linkResolver.cpp, line 773]
Event: 353.610 Thread 0x000001e39201c000 Exception <a 'java/lang/NoSuchMethodError'{0x000000008b4938e0}: 'java.lang.Object java.lang.invoke.DirectMethodHandle$Holder.invokeVirtual(java.lang.Object, java.lang.Object, int)'> (0x000000008b4938e0) thrown at [src/hotspot/share/interpreter/linkResolver.cpp, line 773]
Event: 353.714 Thread 0x000001e3977a6800 Exception <a 'sun/nio/fs/WindowsException'{0x000000008b372748}> (0x000000008b372748) thrown at [src/hotspot/share/prims/jni.cpp, line 617]
Event: 353.714 Thread 0x000001e3977a6800 Exception <a 'sun/nio/fs/WindowsException'{0x000000008b3727d0}> (0x000000008b3727d0) thrown at [src/hotspot/share/prims/jni.cpp, line 617]
Event: 353.714 Thread 0x000001e3977a6800 Exception <a 'sun/nio/fs/WindowsException'{0x000000008b374090}> (0x000000008b374090) thrown at [src/hotspot/share/prims/jni.cpp, line 617]

Events (20 events):
Event: 401.275 Thread 0x000001e395fe0000 Thread added: 0x000001e395fe0000
Event: 401.275 Thread 0x000001e395fe6800 Thread added: 0x000001e395fe6800
Event: 401.275 Thread 0x000001e395fe7800 Thread added: 0x000001e395fe7800
Event: 401.275 Thread 0x000001e395fe9000 Thread added: 0x000001e395fe9000
Event: 401.276 Thread 0x000001e395fec800 Thread added: 0x000001e395fec800
Event: 401.276 Thread 0x000001e395fea000 Thread added: 0x000001e395fea000
Event: 401.276 Thread 0x000001e395feb800 Thread added: 0x000001e395feb800
Event: 401.276 Thread 0x000001e395feb000 Thread added: 0x000001e395feb000
Event: 401.276 Thread 0x000001e395fed000 Thread added: 0x000001e395fed000
Event: 401.276 Thread 0x000001e395fe8800 Thread added: 0x000001e395fe8800
Event: 401.276 Thread 0x000001e395fee000 Thread added: 0x000001e395fee000
Event: 401.276 Thread 0x000001e395fef000 Thread added: 0x000001e395fef000
Event: 401.277 Thread 0x000001e399b30000 Thread added: 0x000001e399b30000
Event: 401.277 Thread 0x000001e399b31800 Thread added: 0x000001e399b31800
Event: 401.278 Thread 0x000001e399b35000 Thread added: 0x000001e399b35000
Event: 401.278 Thread 0x000001e399b32800 Thread added: 0x000001e399b32800
Event: 401.278 Thread 0x000001e399b2f000 Thread added: 0x000001e399b2f000
Event: 401.279 Thread 0x000001e399b33800 Thread added: 0x000001e399b33800
Event: 401.279 Thread 0x000001e399b34000 Thread added: 0x000001e399b34000
Event: 401.279 Thread 0x000001e399b36000 Thread added: 0x000001e399b36000


Dynamic libraries:
0x00007ff648000000 - 0x00007ff64800a000 	C:\Program Files\Android\Android Studio\jbr\bin\java.exe
0x00007ffaeda70000 - 0x00007ffaedc84000 	C:\WINDOWS\SYSTEM32\ntdll.dll
0x00007ffaec4e0000 - 0x00007ffaec5a2000 	C:\WINDOWS\System32\KERNEL32.DLL
0x00007ffaeb2f0000 - 0x00007ffaeb68c000 	C:\WINDOWS\System32\KERNELBASE.dll
0x00007ffaeaf70000 - 0x00007ffaeb081000 	C:\WINDOWS\System32\ucrtbase.dll
0x00007ffad6f70000 - 0x00007ffad6f87000 	C:\Program Files\Android\Android Studio\jbr\bin\jli.dll
0x00007ffad6f50000 - 0x00007ffad6f6b000 	C:\Program Files\Android\Android Studio\jbr\bin\VCRUNTIME140.dll
0x00007ffaecb70000 - 0x00007ffaecd1b000 	C:\WINDOWS\System32\USER32.dll
0x00007ffaeb1a0000 - 0x00007ffaeb1c6000 	C:\WINDOWS\System32\win32u.dll
0x00007ffaebbb0000 - 0x00007ffaebbd9000 	C:\WINDOWS\System32\GDI32.dll
0x00007ffaeb1d0000 - 0x00007ffaeb2e3000 	C:\WINDOWS\System32\gdi32full.dll
0x00007ffaeb100000 - 0x00007ffaeb19a000 	C:\WINDOWS\System32\msvcp_win.dll
0x00007ffab97e0000 - 0x00007ffab9a6e000 	C:\WINDOWS\WinSxS\amd64_microsoft.windows.common-controls_6595b64144ccf1df_6.0.22621.608_none_a9444ca7c10bb01d\COMCTL32.dll
0x00007ffaec280000 - 0x00007ffaec327000 	C:\WINDOWS\System32\msvcrt.dll
0x00007ffaec5d0000 - 0x00007ffaec601000 	C:\WINDOWS\System32\IMM32.DLL
0x00007ffae1e30000 - 0x00007ffae1e3c000 	C:\Program Files\Android\Android Studio\jbr\bin\vcruntime140_1.dll
0x00007ffad6490000 - 0x00007ffad651d000 	C:\Program Files\Android\Android Studio\jbr\bin\msvcp140.dll
0x00007ffa8a320000 - 0x00007ffa8aedc000 	C:\Program Files\Android\Android Studio\jbr\bin\server\jvm.dll
0x00007ffaecd20000 - 0x00007ffaecdce000 	C:\WINDOWS\System32\ADVAPI32.dll
0x00007ffaecf80000 - 0x00007ffaed024000 	C:\WINDOWS\System32\sechost.dll
0x00007ffaeba90000 - 0x00007ffaebba5000 	C:\WINDOWS\System32\RPCRT4.dll
0x00007ffaebc00000 - 0x00007ffaebc08000 	C:\WINDOWS\System32\PSAPI.DLL
0x00007ffae0de0000 - 0x00007ffae0e14000 	C:\WINDOWS\SYSTEM32\WINMM.dll
0x00007ffae2330000 - 0x00007ffae2339000 	C:\WINDOWS\SYSTEM32\WSOCK32.dll
0x00007ffae0a70000 - 0x00007ffae0a7a000 	C:\WINDOWS\SYSTEM32\VERSION.dll
0x00007ffaebc80000 - 0x00007ffaebcf1000 	C:\WINDOWS\System32\WS2_32.dll
0x00007ffae9ee0000 - 0x00007ffae9ef8000 	C:\WINDOWS\SYSTEM32\kernel.appcore.dll
0x00007ffad8520000 - 0x00007ffad8530000 	C:\Program Files\Android\Android Studio\jbr\bin\verify.dll
0x00007ffae4ff0000 - 0x00007ffae521e000 	C:\WINDOWS\SYSTEM32\DBGHELP.DLL
0x00007ffaebd10000 - 0x00007ffaec099000 	C:\WINDOWS\System32\combase.dll
0x00007ffaec1a0000 - 0x00007ffaec277000 	C:\WINDOWS\System32\OLEAUT32.dll
0x00007ffac1890000 - 0x00007ffac18c2000 	C:\WINDOWS\SYSTEM32\dbgcore.DLL
0x00007ffaeb690000 - 0x00007ffaeb70b000 	C:\WINDOWS\System32\bcryptPrimitives.dll
0x00007ffaab6a0000 - 0x00007ffaab6c8000 	C:\Program Files\Android\Android Studio\jbr\bin\java.dll
0x00007ffad6030000 - 0x00007ffad603a000 	C:\Program Files\Android\Android Studio\jbr\bin\jimage.dll
0x00007ffacdd60000 - 0x00007ffacdd78000 	C:\Program Files\Android\Android Studio\jbr\bin\zip.dll
0x00007ffaed030000 - 0x00007ffaed820000 	C:\WINDOWS\System32\SHELL32.dll
0x00007ffae8e80000 - 0x00007ffae974d000 	C:\WINDOWS\SYSTEM32\windows.storage.dll
0x00007ffae8d40000 - 0x00007ffae8e7e000 	C:\WINDOWS\SYSTEM32\wintypes.dll
0x00007ffaec330000 - 0x00007ffaec421000 	C:\WINDOWS\System32\SHCORE.dll
0x00007ffaeb880000 - 0x00007ffaeb8de000 	C:\WINDOWS\System32\shlwapi.dll
0x00007ffaeade0000 - 0x00007ffaeae01000 	C:\WINDOWS\SYSTEM32\profapi.dll
0x00007ffaac3b0000 - 0x00007ffaac3c9000 	C:\Program Files\Android\Android Studio\jbr\bin\net.dll
0x00007ffae2ac0000 - 0x00007ffae2bf7000 	C:\WINDOWS\SYSTEM32\WINHTTP.dll
0x00007ffaea360000 - 0x00007ffaea3c9000 	C:\WINDOWS\system32\mswsock.dll
0x00007ffaaac80000 - 0x00007ffaaac93000 	C:\Program Files\Android\Android Studio\jbr\bin\nio.dll
0x00007ffaa3910000 - 0x00007ffaa3937000 	C:\Users\LENOVO\.gradle\native\e1d6ef7f7dcc3fd88c89a11ec53ec762bb8ba0a96d01ffa2cd45eb1d1d8dd5c5\windows-amd64\native-platform.dll
0x00007ffa95fc0000 - 0x00007ffa96104000 	C:\Users\LENOVO\.gradle\native\0d407fdbe67a94daf76414ababcb853783967236a71b16ec16e742cd7a986fd3\windows-amd64\native-platform-file-events.dll
0x00007ffad4160000 - 0x00007ffad416a000 	C:\Program Files\Android\Android Studio\jbr\bin\management.dll
0x00007ffad3aa0000 - 0x00007ffad3aab000 	C:\Program Files\Android\Android Studio\jbr\bin\management_ext.dll
0x00007ffaea5d0000 - 0x00007ffaea5eb000 	C:\WINDOWS\SYSTEM32\CRYPTSP.dll
0x00007ffae9e50000 - 0x00007ffae9e85000 	C:\WINDOWS\system32\rsaenh.dll
0x00007ffaea480000 - 0x00007ffaea4a8000 	C:\WINDOWS\SYSTEM32\USERENV.dll
0x00007ffaea790000 - 0x00007ffaea7b8000 	C:\WINDOWS\SYSTEM32\bcrypt.dll
0x00007ffaea5f0000 - 0x00007ffaea5fc000 	C:\WINDOWS\SYSTEM32\CRYPTBASE.dll
0x00007ffae99e0000 - 0x00007ffae9a0d000 	C:\WINDOWS\SYSTEM32\IPHLPAPI.DLL
0x00007ffaecdd0000 - 0x00007ffaecdd9000 	C:\WINDOWS\System32\NSI.dll
0x00007ffae17a0000 - 0x00007ffae17b9000 	C:\WINDOWS\SYSTEM32\dhcpcsvc6.DLL
0x00007ffae1710000 - 0x00007ffae172f000 	C:\WINDOWS\SYSTEM32\dhcpcsvc.DLL
0x00007ffae9a10000 - 0x00007ffae9b03000 	C:\WINDOWS\SYSTEM32\DNSAPI.dll
0x00007ffa78180000 - 0x00007ffa78197000 	C:\WINDOWS\system32\napinsp.dll
0x00007ffa78160000 - 0x00007ffa7817b000 	C:\WINDOWS\system32\pnrpnsp.dll
0x00007ffa78140000 - 0x00007ffa78151000 	C:\WINDOWS\System32\winrnr.dll
0x00007ffaacbf0000 - 0x00007ffaacc05000 	C:\WINDOWS\system32\wshbth.dll
0x00007ffae22b0000 - 0x00007ffae22d1000 	C:\WINDOWS\system32\nlansp_c.dll
0x00007ffae13b0000 - 0x00007ffae13ba000 	C:\Windows\System32\rasadhlp.dll
0x00007ffae0be0000 - 0x00007ffae0c63000 	C:\WINDOWS\System32\fwpuclnt.dll
0x00007ffaa3b50000 - 0x00007ffaa3b77000 	C:\Program Files\Android\Android Studio\jbr\bin\sunec.dll

dbghelp: loaded successfully - version: 4.0.5 - missing functions: none
symbol engine: initialized successfully - sym options: 0x614 - pdb path: .;C:\Program Files\Android\Android Studio\jbr\bin;C:\WINDOWS\SYSTEM32;C:\WINDOWS\WinSxS\amd64_microsoft.windows.common-controls_6595b64144ccf1df_6.0.22621.608_none_a9444ca7c10bb01d;C:\Program Files\Android\Android Studio\jbr\bin\server;C:\Users\LENOVO\.gradle\native\e1d6ef7f7dcc3fd88c89a11ec53ec762bb8ba0a96d01ffa2cd45eb1d1d8dd5c5\windows-amd64;C:\Users\LENOVO\.gradle\native\0d407fdbe67a94daf76414ababcb853783967236a71b16ec16e742cd7a986fd3\windows-amd64

VM Arguments:
jvm_args: --add-opens=java.base/java.util=ALL-UNNAMED --add-opens=java.base/java.lang=ALL-UNNAMED --add-opens=java.base/java.lang.invoke=ALL-UNNAMED --add-opens=java.base/java.util=ALL-UNNAMED --add-opens=java.prefs/java.util.prefs=ALL-UNNAMED --add-opens=java.prefs/java.util.prefs=ALL-UNNAMED --add-opens=java.base/java.nio.charset=ALL-UNNAMED --add-opens=java.base/java.net=ALL-UNNAMED --add-opens=java.base/java.util.concurrent.atomic=ALL-UNNAMED -Xmx2048m -Dfile.encoding=UTF-8 -Duser.country=US -Duser.language=en -Duser.variant 
java_command: org.gradle.launcher.daemon.bootstrap.GradleDaemon 7.5
java_class_path (initial): C:\Users\LENOVO\.gradle\wrapper\dists\gradle-7.5-bin\f1w0cc9nuo0eivz97x2xlu9sv\gradle-7.5\lib\gradle-launcher-7.5.jar
Launcher Type: SUN_STANDARD

[Global flags]
     intx CICompilerCount                          = 4                                         {product} {ergonomic}
     uint ConcGCThreads                            = 2                                         {product} {ergonomic}
     uint G1ConcRefinementThreads                  = 8                                         {product} {ergonomic}
   size_t G1HeapRegionSize                         = 1048576                                   {product} {ergonomic}
    uintx GCDrainStackTargetSize                   = 64                                        {product} {ergonomic}
   size_t InitialHeapSize                          = 132120576                                 {product} {ergonomic}
   size_t MarkStackSize                            = 4194304                                   {product} {ergonomic}
   size_t MaxHeapSize                              = 2147483648                                {product} {command line}
   size_t MaxNewSize                               = 1287651328                                {product} {ergonomic}
   size_t MinHeapDeltaBytes                        = 1048576                                   {product} {ergonomic}
    uintx NonNMethodCodeHeapSize                   = 5836300                                {pd product} {ergonomic}
    uintx NonProfiledCodeHeapSize                  = 122910970                              {pd product} {ergonomic}
    uintx ProfiledCodeHeapSize                     = 122910970                              {pd product} {ergonomic}
    uintx ReservedCodeCacheSize                    = 251658240                              {pd product} {ergonomic}
     bool SegmentedCodeCache                       = true                                      {product} {ergonomic}
     bool UseCompressedClassPointers               = true                                 {lp64_product} {ergonomic}
     bool UseCompressedOops                        = true                                 {lp64_product} {ergonomic}
     bool UseG1GC                                  = true                                      {product} {ergonomic}
     bool UseLargePagesIndividualAllocation        = false                                  {pd product} {ergonomic}

Logging:
Log output configuration:
 #0: stdout all=warning uptime,level,tags
 #1: stderr all=off uptime,level,tags

Environment Variables:
PATH=C:\Program Files\Python39\Scripts\;C:\Program Files\Python39\;C:\Program Files\Microsoft MPI\Bin\;C:\Program Files\Common Files\Oracle\Java\javapath;C:\WINDOWS\system32;C:\WINDOWS;C:\WINDOWS\System32\Wbem;C:\WINDOWS\System32\WindowsPowerShell\v1.0\;C:\WINDOWS\System32\OpenSSH\;C:\Program Files (x86)\Microsoft SQL Server\150\Tools\Binn\;C:\Program Files\Microsoft SQL Server\150\Tools\Binn\;C:\Program Files\Microsoft SQL Server\150\DTS\Binn\;C:\Program Files\Microsoft SQL Server\Client SDK\ODBC\170\Tools\Binn\;C:\Program Files\Azure Data Studio\bin;C:\MinGW\bin;C:\Program Files\Microsoft SQL Server\Client SDK\ODBC\110\Tools\Binn\;C:\Program Files (x86)\Microsoft SQL Server\150\DTS\Binn\;C:\xampp\php;E:\composer;C:\ProgramData\ComposerSetup\bin;C:\Program Files\PowerShell\7\;C:\Users\LENOVO\AppData\Local\Programs\Python\Python39\Scripts\;C:\Users\LENOVO\AppData\Local\Programs\Python\Python39\;C:\Users\LENOVO\AppData\Local\Microsoft\WindowsApps;C:\Users\LENOVO\AppData\Local\Programs\Microsoft VS Code\bin;C:\Program Files\Azure Data Studio\bin;C:\Program Files (x86)\mingw-w64\i686-8.1.0-posix-dwarf-rt_v6-rev0\mingw32\bin;C:\Users\LENOVO\AppData\Local\GitHubDesktop\bin;C:\Users\LENOVO\AppData\Roaming\Composer\vendor\bin;;C:\Program Files\JetBrains\IntelliJ IDEA 2022.3.1\bin;;C:\Program Files\JetBrains\IntelliJ IDEA Community Edition 2022.3.1\bin;
USERNAME=LENOVO
OS=Windows_NT
PROCESSOR_IDENTIFIER=Intel64 Family 6 Model 126 Stepping 5, GenuineIntel



---------------  S Y S T E M  ---------------

OS: Windows 11 , 64 bit Build 22621 (10.0.22621.1485)
OS uptime: 3 days 3:28 hours
Hyper-V role detected

CPU:total 8 (initial active 8) (4 cores per cpu, 2 threads per core) family 6 model 126 stepping 5 microcode 0x86, cmov, cx8, fxsr, mmx, sse, sse2, sse3, ssse3, sse4.1, sse4.2, popcnt, avx, avx2, aes, clmul, erms, 3dnowpref, lzcnt, ht, tsc, tscinvbit, bmi1, bmi2, adx, evex, sha, fma

Memory: 4k page, system-wide physical 7983M (520M free)
TotalPageFile size 16175M (AvailPageFile size 5M)
current process WorkingSet (physical memory assigned to process): 173M, peak: 472M
current process commit charge ("private bytes"): 554M, peak: 574M

vm_info: OpenJDK 64-Bit Server VM (11.0.15+0-b2043.56-9505619) for windows-amd64 JRE (11.0.15+0-b2043.56-9505619), built on Jan 19 2023 02:48:00 by "builduser" with unknown MS VC++:1929

END.
